#
# A fatal error has been detected by the Java Runtime Environment:
#
#  SIGSEGV (0xb) at pc=0x00000001047692de, pid=36647, tid=775
#
# JRE version: Java(TM) SE Runtime Environment (8.0_65-b17) (build 1.8.0_65-b17)
# Java VM: Java HotSpot(TM) 64-Bit Server VM (25.65-b01 mixed mode bsd-amd64 compressed oops)
# Problematic frame:
# V  [libjvm.dylib+0x1692de]
#
# Failed to write core dump. Core dumps have been disabled. To enable core dumping, try "ulimit -c unlimited" before starting Java again
#
# If you would like to submit a bug report, please visit:
#   http://bugreport.java.com/bugreport/crash.jsp
#

---------------  T H R E A D  ---------------

Current thread is native thread

siginfo: si_signo: 11 (SIGSEGV), si_code: 1 (SEGV_MAPERR), si_addr: 0x0000000000000270

Registers:
RAX=0x0000000000000000, RBX=0x0000000000000000, RCX=0x000000000000000f, RDX=0x0000000000000000
RSP=0x00007fff5c6fb5d0, RBP=0x00007fff5c6fb5e0, RSI=0x0000000000000006, RDI=0x00007fff5c6fb5f8
R8 =0x0000000000000006, R9 =0x0000000000074d9a, R10=0x00007fb02b195a08, R11=0xffffffff00000000
R12=0x00007fff5c6fb5f8, R13=0x0000000133869030, R14=0x00007fb02581f1f8, R15=0x0000000000000000
RIP=0x00000001047692de, EFLAGS=0x0000000000010246, ERR=0x0000000000000006
  TRAPNO=0x000000000000000e

Top of Stack: (sp=0x00007fff5c6fb5d0)
0x00007fff5c6fb5d0:   00007fb02b139570 00007fb02581f1f8
0x00007fff5c6fb5e0:   00007fff5c6fb620 00000001049110d9
0x00007fff5c6fb5f0:   0000000000000000 0000000000000000
0x00007fff5c6fb600:   00007fb027cc2240 0000000000000000
0x00007fff5c6fb610:   00007fb027cc2570 00007fb027cba1e0
0x00007fff5c6fb620:   00007fff5c6fb630 00000001318d7f18
0x00007fff5c6fb630:   00007fff5c6fb650 00000001318ddeee
0x00007fff5c6fb640:   00007fb027cc2570 0000000133869000
0x00007fff5c6fb650:   00007fff5c6fb670 00000001318dde7e
0x00007fff5c6fb660:   0000000132e6fe90 0000000000000f48
0x00007fff5c6fb670:   00007fff5c6fb6a0 00000001318e3834
0x00007fff5c6fb680:   0000000133b3fb70 0000000000000f48
0x00007fff5c6fb690:   0000000133869000 0000000133869f18
0x00007fff5c6fb6a0:   00007fff5c6fb6e0 00000001322beab8
0x00007fff5c6fb6b0:   0000000000000000 0000000133869000
0x00007fff5c6fb6c0:   00007fb02b18e6f0 00007fb022a55600
0x00007fff5c6fb6d0:   0000000133b30448 00000000000002a0
0x00007fff5c6fb6e0:   00007fff5c6fb700 00000001322bef68
0x00007fff5c6fb6f0:   0000000133b30000 0000000000000000
0x00007fff5c6fb700:   00007fff5c6fb720 00000001322ccf59
0x00007fff5c6fb710:   0000000133b30000 00007fb02b18e6f0
0x00007fff5c6fb720:   00007fff5c6fb770 00000001322ca279
0x00007fff5c6fb730:   00007fff5c6fb780 40dbe004886d6da8
0x00007fff5c6fb740:   00007fb022a558a0 0000000000000000
0x00007fff5c6fb750:   0000000000000000 00007fb022a55618
0x00007fff5c6fb760:   00007fff5c6fb790 00007fb02b1959e0
0x00007fff5c6fb770:   00007fff5c6fb7c0 00000001322c9eab
0x00007fff5c6fb780:   00007fb022a55600 00007fb02b17a670
0x00007fff5c6fb790:   0000000000000000 00007fb02b1959e0
0x00007fff5c6fb7a0:   00007fb021e00790 00007fb02b192d40
0x00007fff5c6fb7b0:   00007fb02b192d58 00007fb021e00890
0x00007fff5c6fb7c0:   00007fff5c6fb7d0 00007fffb7b93de4 

Instructions: (pc=0x00000001047692de)
0x00000001047692be:   0e 48 8b 0b 49 8b 56 18 48 63 c0 48 89 0c c2 5b
0x00000001047692ce:   41 5e 5d c3 90 90 55 48 89 e5 41 56 53 48 8b 1f
0x00000001047692de:   c7 83 70 02 00 00 05 00 00 00 48 8d 05 c9 50 77
0x00000001047692ee:   00 8b 00 83 f8 01 41 89 f6 75 0c 48 8d 0d 06 b8 

Register to memory mapping:

RAX=0x0000000000000000 is an unknown value
RBX=0x0000000000000000 is an unknown value
RCX=0x000000000000000f is an unknown value
RDX=0x0000000000000000 is an unknown value
RSP=0x00007fff5c6fb5d0 is an unknown value
RBP=0x00007fff5c6fb5e0 is an unknown value
RSI=0x0000000000000006 is an unknown value
RDI=0x00007fff5c6fb5f8 is an unknown value
R8 =0x0000000000000006 is an unknown value
R9 =0x0000000000074d9a is an unknown value
R10=0x00007fb02b195a08 is an unknown value
R11=0xffffffff00000000 is an unknown value
R12=0x00007fff5c6fb5f8 is an unknown value
R13=0x0000000133869030 is an unknown value
R14=0x00007fb02581f1f8 is an unknown value
R15=0x0000000000000000 is an unknown value


Stack: [0x00007fff5bf01000,0x00007fff5c701000],  sp=0x00007fff5c6fb5d0,  free space=8169k
Native frames: (J=compiled Java code, j=interpreted, Vv=VM code, C=native code)
V  [libjvm.dylib+0x1692de]
V  [libjvm.dylib+0x3110d9]
C  [libjfxwebkit.dylib+0x4ebf18]  _ZN3JSC8Bindings14JobjectWrapperD1Ev+0x18
C  [libjfxwebkit.dylib+0x4f1eee]  _ZN3JSC8Bindings12JavaInstanceD2Ev+0x3e
C  [libjfxwebkit.dylib+0x4f1e7e]  _ZN3JSC8Bindings12JavaInstanceD0Ev+0xe
C  [libjfxwebkit.dylib+0x4f7834]  _ZN3JSC8Bindings10RootObject8finalizeENS_6HandleINS_7UnknownEEEPv+0x24
C  [libjfxwebkit.dylib+0xed2ab8]  _ZN3JSC9WeakBlock5sweepEv+0x68
C  [libjfxwebkit.dylib+0xed2f68]  _ZN3JSC7WeakSet5sweepEv+0x28
C  [libjfxwebkit.dylib+0xee0f59]  _ZN3JSC11MarkedBlock5sweepENS0_9SweepModeE+0x19
C  [libjfxwebkit.dylib+0xede279]  _ZN3JSC18IncrementalSweeper7doSweepEd+0x99
C  [libjfxwebkit.dylib+0xeddeab]  _ZN3JSC9HeapTimer12timerDidFireEP16__CFRunLoopTimerPv+0xab
C  [CoreFoundation+0x8dde4]  __CFRUNLOOP_IS_CALLING_OUT_TO_A_TIMER_CALLBACK_FUNCTION__+0x14
C  [CoreFoundation+0x8da73]  __CFRunLoopDoTimer+0x433
C  [CoreFoundation+0x8d5ca]  __CFRunLoopDoTimers+0x12a
C  [CoreFoundation+0x84fa1]  __CFRunLoopRun+0x821
C  [CoreFoundation+0x84524]  CFRunLoopRunSpecific+0x1a4
C  [java+0x6463]  CreateExecutionEnvironment+0x367
C  [java+0x21ac]  JLI_Launch+0x7a0
C  [java+0x84c0]  main+0x65
C  [java+0x1a04]  start+0x34


---------------  P R O C E S S  ---------------

VM state:not at safepoint (normal execution)

VM Mutex/Monitor currently owned by a thread: None

Heap:
 PSYoungGen      total 76288K, used 65282K [0x000000076ab00000, 0x0000000772900000, 0x00000007c0000000)
  eden space 65536K, 88% used [0x000000076ab00000,0x000000076e3e2bc0,0x000000076eb00000)
  from space 10752K, 65% used [0x000000076eb00000,0x000000076f1dde58,0x000000076f580000)
  to   space 10752K, 0% used [0x0000000771e80000,0x0000000771e80000,0x0000000772900000)
 ParOldGen       total 99328K, used 10467K [0x00000006c0000000, 0x00000006c6100000, 0x000000076ab00000)
  object space 99328K, 10% used [0x00000006c0000000,0x00000006c0a38e30,0x00000006c6100000)
 Metaspace       used 25909K, capacity 28086K, committed 28288K, reserved 1073152K
  class space    used 3965K, capacity 4432K, committed 4480K, reserved 1048576K

Card table byte_map: [0x000000010597a000,0x000000010617b000] byte_map_base: 0x000000010237a000

Marking Bits: (ParMarkBitMap*) 0x0000000104edee20
 Begin Bits: [0x000000011b552000, 0x000000011f552000)
 End Bits:   [0x000000011f552000, 0x0000000123552000)

Polling page: 0x00000001035bf000

CodeCache: size=245760Kb used=8944Kb max_used=8972Kb free=236815Kb
 bounds [0x000000010c552000, 0x000000010ce32000, 0x000000011b552000]
 total_blobs=3583 nmethods=2840 adapters=655
 compilation: enabled

Compilation events (10 events):
Event: 6.207 Thread 0x00007fb0228be000 nmethod 2870 0x000000010ce0cb50 code [0x000000010ce0cf20, 0x000000010ce0ebc0]
Event: 6.207 Thread 0x00007fb0228be000 2888       4       javafx.collections.WeakListChangeListener::onChanged (36 bytes)
Event: 6.208 Thread 0x00007fb0228be000 nmethod 2888 0x000000010c7a0a50 code [0x000000010c7a0ba0, 0x000000010c7a0cb8]
Event: 6.209 Thread 0x00007fb0228be000 2889       4       sun.nio.fs.UnixDirectoryStream$UnixDirectoryIterator::next (5 bytes)
Event: 6.209 Thread 0x00007fb0228be000 nmethod 2889 0x000000010c655c90 code [0x000000010c655de0, 0x000000010c655ff8]
Event: 6.210 Thread 0x00007fb0228be000 2876       4       com.sun.javafx.font.FontFileReader$Buffer::getChar (52 bytes)
Event: 6.210 Thread 0x00007fb0228be000 nmethod 2876 0x000000010c78f410 code [0x000000010c78f560, 0x000000010c78f658]
Event: 6.211 Thread 0x00007fb0228be000 2890  s    4       sun.nio.fs.UnixDirectoryStream$UnixDirectoryIterator::hasNext (35 bytes)
Event: 6.212 Thread 0x00007fb0228be000 nmethod 2890 0x000000010ce004d0 code [0x000000010ce00620, 0x000000010ce00988]
Event: 6.220 Thread 0x00007fb0228be000 2891       4       mainPackage.RegexUtilities$1::visitFile (10 bytes)

GC Heap History (8 events):
Event: 4.440 GC heap before
{Heap before GC invocations=1 (full 0):
 PSYoungGen      total 76288K, used 65536K [0x000000076ab00000, 0x0000000770000000, 0x00000007c0000000)
  eden space 65536K, 100% used [0x000000076ab00000,0x000000076eb00000,0x000000076eb00000)
  from space 10752K, 0% used [0x000000076f580000,0x000000076f580000,0x0000000770000000)
  to   space 10752K, 0% used [0x000000076eb00000,0x000000076eb00000,0x000000076f580000)
 ParOldGen       total 175104K, used 0K [0x00000006c0000000, 0x00000006cab00000, 0x000000076ab00000)
  object space 175104K, 0% used [0x00000006c0000000,0x00000006c0000000,0x00000006cab00000)
 Metaspace       used 16805K, capacity 17520K, committed 17792K, reserved 1064960K
  class space    used 2410K, capacity 2625K, committed 2688K, reserved 1048576K
Event: 4.448 GC heap after
Heap after GC invocations=1 (full 0):
 PSYoungGen      total 76288K, used 10736K [0x000000076ab00000, 0x0000000770000000, 0x00000007c0000000)
  eden space 65536K, 0% used [0x000000076ab00000,0x000000076ab00000,0x000000076eb00000)
  from space 10752K, 99% used [0x000000076eb00000,0x000000076f57c040,0x000000076f580000)
  to   space 10752K, 0% used [0x000000076f580000,0x000000076f580000,0x0000000770000000)
 ParOldGen       total 175104K, used 112K [0x00000006c0000000, 0x00000006cab00000, 0x000000076ab00000)
  object space 175104K, 0% used [0x00000006c0000000,0x00000006c001c010,0x00000006cab00000)
 Metaspace       used 16805K, capacity 17520K, committed 17792K, reserved 1064960K
  class space    used 2410K, capacity 2625K, committed 2688K, reserved 1048576K
}
Event: 4.761 GC heap before
{Heap before GC invocations=2 (full 0):
 PSYoungGen      total 76288K, used 44999K [0x000000076ab00000, 0x0000000770000000, 0x00000007c0000000)
  eden space 65536K, 52% used [0x000000076ab00000,0x000000076cc75f20,0x000000076eb00000)
  from space 10752K, 99% used [0x000000076eb00000,0x000000076f57c040,0x000000076f580000)
  to   space 10752K, 0% used [0x000000076f580000,0x000000076f580000,0x0000000770000000)
 ParOldGen       total 175104K, used 112K [0x00000006c0000000, 0x00000006cab00000, 0x000000076ab00000)
  object space 175104K, 0% used [0x00000006c0000000,0x00000006c001c010,0x00000006cab00000)
 Metaspace       used 20177K, capacity 21106K, committed 21248K, reserved 1067008K
  class space    used 2985K, capacity 3210K, committed 3328K, reserved 1048576K
Event: 4.770 GC heap after
Heap after GC invocations=2 (full 0):
 PSYoungGen      total 76288K, used 10541K [0x000000076ab00000, 0x0000000774000000, 0x00000007c0000000)
  eden space 65536K, 0% used [0x000000076ab00000,0x000000076ab00000,0x000000076eb00000)
  from space 10752K, 98% used [0x000000076f580000,0x000000076ffcb4c0,0x0000000770000000)
  to   space 10752K, 0% used [0x000000076eb00000,0x000000076eb00000,0x000000076f580000)
 ParOldGen       total 175104K, used 2168K [0x00000006c0000000, 0x00000006cab00000, 0x000000076ab00000)
  object space 175104K, 1% used [0x00000006c0000000,0x00000006c021e020,0x00000006cab00000)
 Metaspace       used 20177K, capacity 21106K, committed 21248K, reserved 1067008K
  class space    used 2985K, capacity 3210K, committed 3328K, reserved 1048576K
}
Event: 4.770 GC heap before
{Heap before GC invocations=3 (full 1):
 PSYoungGen      total 76288K, used 10541K [0x000000076ab00000, 0x0000000774000000, 0x00000007c0000000)
  eden space 65536K, 0% used [0x000000076ab00000,0x000000076ab00000,0x000000076eb00000)
  from space 10752K, 98% used [0x000000076f580000,0x000000076ffcb4c0,0x0000000770000000)
  to   space 10752K, 0% used [0x000000076eb00000,0x000000076eb00000,0x000000076f580000)
 ParOldGen       total 175104K, used 2168K [0x00000006c0000000, 0x00000006cab00000, 0x000000076ab00000)
  object space 175104K, 1% used [0x00000006c0000000,0x00000006c021e020,0x00000006cab00000)
 Metaspace       used 20177K, capacity 21106K, committed 21248K, reserved 1067008K
  class space    used 2985K, capacity 3210K, committed 3328K, reserved 1048576K
Event: 4.800 GC heap after
Heap after GC invocations=3 (full 1):
 PSYoungGen      total 76288K, used 0K [0x000000076ab00000, 0x0000000774000000, 0x00000007c0000000)
  eden space 65536K, 0% used [0x000000076ab00000,0x000000076ab00000,0x000000076eb00000)
  from space 10752K, 0% used [0x000000076f580000,0x000000076f580000,0x0000000770000000)
  to   space 10752K, 0% used [0x000000076eb00000,0x000000076eb00000,0x000000076f580000)
 ParOldGen       total 99328K, used 10459K [0x00000006c0000000, 0x00000006c6100000, 0x000000076ab00000)
  object space 99328K, 10% used [0x00000006c0000000,0x00000006c0a36e30,0x00000006c6100000)
 Metaspace       used 20177K, capacity 21106K, committed 21248K, reserved 1067008K
  class space    used 2985K, capacity 3210K, committed 3328K, reserved 1048576K
}
Event: 5.805 GC heap before
{Heap before GC invocations=4 (full 1):
 PSYoungGen      total 76288K, used 65536K [0x000000076ab00000, 0x0000000774000000, 0x00000007c0000000)
  eden space 65536K, 100% used [0x000000076ab00000,0x000000076eb00000,0x000000076eb00000)
  from space 10752K, 0% used [0x000000076f580000,0x000000076f580000,0x0000000770000000)
  to   space 10752K, 0% used [0x000000076eb00000,0x000000076eb00000,0x000000076f580000)
 ParOldGen       total 99328K, used 10459K [0x00000006c0000000, 0x00000006c6100000, 0x000000076ab00000)
  object space 99328K, 10% used [0x00000006c0000000,0x00000006c0a36e30,0x00000006c6100000)
 Metaspace       used 25504K, capacity 27522K, committed 27648K, reserved 1073152K
  class space    used 3894K, capacity 4292K, committed 4352K, reserved 1048576K
Event: 5.811 GC heap after
Heap after GC invocations=4 (full 1):
 PSYoungGen      total 76288K, used 7031K [0x000000076ab00000, 0x0000000772900000, 0x00000007c0000000)
  eden space 65536K, 0% used [0x000000076ab00000,0x000000076ab00000,0x000000076eb00000)
  from space 10752K, 65% used [0x000000076eb00000,0x000000076f1dde58,0x000000076f580000)
  to   space 10752K, 0% used [0x0000000771e80000,0x0000000771e80000,0x0000000772900000)
 ParOldGen       total 99328K, used 10467K [0x00000006c0000000, 0x00000006c6100000, 0x000000076ab00000)
  object space 99328K, 10% used [0x00000006c0000000,0x00000006c0a38e30,0x00000006c6100000)
 Metaspace       used 25504K, capacity 27522K, committed 27648K, reserved 1073152K
  class space    used 3894K, capacity 4292K, committed 4352K, reserved 1048576K
}

Deoptimization events (10 events):
Event: 6.068 Thread 0x00007fb02581f000 Uncommon trap: reason=class_check action=maybe_recompile pc=0x000000010cda095c method=javafx.collections.ListChangeListener$Change.wasRemoved()Z @ 1
Event: 6.071 Thread 0x00007fb02581f000 Uncommon trap: reason=bimorphic action=maybe_recompile pc=0x000000010cdbcf80 method=javafx.collections.WeakListChangeListener.onChanged(Ljavafx/collections/ListChangeListener$Change;)V @ 17
Event: 6.071 Thread 0x00007fb02581f000 Uncommon trap: reason=bimorphic action=maybe_recompile pc=0x000000010cdbcf80 method=javafx.collections.WeakListChangeListener.onChanged(Ljavafx/collections/ListChangeListener$Change;)V @ 17
Event: 6.071 Thread 0x00007fb02581f000 Uncommon trap: reason=class_check action=maybe_recompile pc=0x000000010cdb5d1c method=com.sun.javafx.collections.ListListenerHelper$Generic.fireValueChangedEvent(Ljavafx/collections/ListChangeListener$Change;)V @ 96
Event: 6.071 Thread 0x00007fb02581f000 Uncommon trap: reason=bimorphic action=maybe_recompile pc=0x000000010cdbcf80 method=javafx.collections.WeakListChangeListener.onChanged(Ljavafx/collections/ListChangeListener$Change;)V @ 17
Event: 6.075 Thread 0x00007fb02581f000 Uncommon trap: reason=class_check action=maybe_recompile pc=0x000000010cdb5d1c method=com.sun.javafx.collections.ListListenerHelper$Generic.fireValueChangedEvent(Ljavafx/collections/ListChangeListener$Change;)V @ 96
Event: 6.075 Thread 0x00007fb02581f000 Uncommon trap: reason=bimorphic action=maybe_recompile pc=0x000000010cdbcf80 method=javafx.collections.WeakListChangeListener.onChanged(Ljavafx/collections/ListChangeListener$Change;)V @ 17
Event: 6.076 Thread 0x00007fb02581f000 Uncommon trap: reason=class_check action=maybe_recompile pc=0x000000010cdb5d1c method=com.sun.javafx.collections.ListListenerHelper$Generic.fireValueChangedEvent(Ljavafx/collections/ListChangeListener$Change;)V @ 96
Event: 6.077 Thread 0x00007fb02581f000 Uncommon trap: reason=class_check action=maybe_recompile pc=0x000000010cdb5d1c method=com.sun.javafx.collections.ListListenerHelper$Generic.fireValueChangedEvent(Ljavafx/collections/ListChangeListener$Change;)V @ 96
Event: 6.169 Thread 0x00007fb02581f000 Uncommon trap: reason=unstable_if action=reinterpret pc=0x000000010c78f350 method=java.util.concurrent.locks.AbstractQueuedSynchronizer.doReleaseShared()V @ 6

Internal exceptions (10 events):
Event: 5.429 Thread 0x00007fb02581f000 Exception <a 'java/lang/NoSuchMethodError': java.lang.Object.lambda$pApply$0(Ljava/lang/Object;Ljava/lang/Object;Ljava/lang/Object;)Ljava/lang/Object;> (0x000000076cd9b3b0) thrown at [/Users/java_re/workspace/8-2-build-macosx-x86_64/jdk8u65/4987/hotspot/s
Event: 5.435 Thread 0x00007fb02581f000 Exception <a 'java/lang/NoSuchMethodError': java.lang.Object.lambda$static$0()V> (0x000000076ce022d0) thrown at [/Users/java_re/workspace/8-2-build-macosx-x86_64/jdk8u65/4987/hotspot/src/share/vm/interpreter/linkResolver.cpp, line 582]
Event: 5.437 Thread 0x00007fb02581f000 Exception <a 'java/lang/NoSuchMethodError': java.lang.Object.lambda$trim$0(Ljava/lang/Integer;Ljava/lang/Integer;)Lorg/reactfx/collection/MaterializedListModification;> (0x000000076ce20dc8) thrown at [/Users/java_re/workspace/8-2-build-macosx-x86_64/jdk8u
Event: 5.437 Thread 0x00007fb02581f000 Exception <a 'java/lang/NoSuchMethodError': java.lang.Object.lambda$asListChange$0()Ljava/util/List;> (0x000000076ce38f00) thrown at [/Users/java_re/workspace/8-2-build-macosx-x86_64/jdk8u65/4987/hotspot/src/share/vm/interpreter/linkResolver.cpp, line 582
Event: 5.441 Thread 0x00007fb02581f000 Exception <a 'java/lang/IncompatibleClassChangeError': Found class java.lang.Object, but interface was expected> (0x000000076ce85ae0) thrown at [/Users/java_re/workspace/8-2-build-macosx-x86_64/jdk8u65/4987/hotspot/src/share/vm/interpreter/linkResolver.cp
Event: 5.446 Thread 0x00007fb02581f000 Exception <a 'java/lang/NoSuchMethodError': java.lang.Object.lambda$instantiate$1(Lorg/reactfx/collection/QuasiListChange;Ljavafx/collections/ObservableList;)Ljava/util/List;> (0x000000076ced9888) thrown at [/Users/java_re/workspace/8-2-build-macosx-x86_6
Event: 5.447 Thread 0x00007fb02581f000 Exception <a 'java/lang/NoSuchMethodError': java.lang.Object.lambda$null$0(Ljavafx/collections/ObservableList;Lorg/reactfx/collection/QuasiListModification;)Lorg/reactfx/collection/ListModification;> (0x000000076cede190) thrown at [/Users/java_re/workspac
Event: 5.474 Thread 0x00007fb02581f000 Exception <a 'java/lang/NoSuchMethodError': java.lang.Object.lambda$mapBidirectional$0(Ljavafx/beans/property/Property;Ljava/util/function/Function;Ljava/lang/Object;)V> (0x000000076d0533b0) thrown at [/Users/java_re/workspace/8-2-build-macosx-x86_64/jdk8
Event: 5.479 Thread 0x00007fb02581f000 Exception <a 'java/lang/NoSuchMethodError': java.lang.Object.lambda$combine$10(Ljavafx/beans/value/ObservableValue;Ljavafx/beans/value/ObservableValue;Ljavafx/beans/value/ObservableValue;Ljavafx/beans/value/ObservableValue;Ljavafx/beans/value/ObservableVa
Event: 6.102 Thread 0x00007fb02581f000 Exception <a 'java/lang/ArrayIndexOutOfBoundsException': 4> (0x000000076c88c250) thrown at [/Users/java_re/workspace/8-2-build-macosx-x86_64/jdk8u65/4987/hotspot/src/share/vm/interpreter/interpreterRuntime.cpp, line 366]

Events (10 events):
Event: 6.181 loading class com/sun/javafx/tk/quantum/QuantumToolkit done
Event: 6.181 Thread 0x00007fb02512c800 Thread exited: 0x00007fb02512c800
Event: 6.185 Thread 0x00007fb02581f000 Thread exited: 0x00007fb02581f000
Event: 6.193 loading class mainPackage/MainController
Event: 6.193 loading class mainPackage/MainController done
Event: 6.207 Thread 0x00007fb0228be000 flushing nmethod 0x000000010c793490
Event: 6.207 Thread 0x00007fb0228be000 flushing nmethod 0x000000010c794f90
Event: 6.207 Thread 0x00007fb0228be000 flushing nmethod 0x000000010c7a0a50
Event: 6.207 Thread 0x00007fb0228be000 flushing nmethod 0x000000010c7a51d0
Event: 6.207 Thread 0x00007fb0228be000 flushing nmethod 0x000000010c7ae990


Dynamic libraries:
0x000000004262f000 	/System/Library/Frameworks/Cocoa.framework/Versions/A/Cocoa
0x000000004262f000 	/System/Library/Frameworks/Security.framework/Versions/A/Security
0x000000004262f000 	/System/Library/Frameworks/ApplicationServices.framework/Versions/A/ApplicationServices
0x000000004262f000 	/usr/lib/libz.1.dylib
0x000000004262f000 	/usr/lib/libSystem.B.dylib
0x000000004262f000 	/usr/lib/libobjc.A.dylib
0x000000004262f000 	/System/Library/Frameworks/CoreFoundation.framework/Versions/A/CoreFoundation
0x000000004262f000 	/System/Library/Frameworks/Foundation.framework/Versions/C/Foundation
0x000000004262f000 	/System/Library/Frameworks/AppKit.framework/Versions/C/AppKit
0x000000004262f000 	/System/Library/Frameworks/CoreData.framework/Versions/A/CoreData
0x000000004262f000 	/System/Library/PrivateFrameworks/RemoteViewServices.framework/Versions/A/RemoteViewServices
0x000000004262f000 	/System/Library/PrivateFrameworks/UIFoundation.framework/Versions/A/UIFoundation
0x000000004262f000 	/System/Library/PrivateFrameworks/DFRFoundation.framework/Versions/A/DFRFoundation
0x000000004262f000 	/usr/lib/libenergytrace.dylib
0x000000004262f000 	/System/Library/PrivateFrameworks/SkyLight.framework/Versions/A/SkyLight
0x000000004262f000 	/System/Library/Frameworks/CoreGraphics.framework/Versions/A/CoreGraphics
0x000000004262f000 	/usr/lib/libScreenReader.dylib
0x000000004262f000 	/System/Library/Frameworks/Accelerate.framework/Versions/A/Accelerate
0x000000004262f000 	/System/Library/Frameworks/IOSurface.framework/Versions/A/IOSurface
0x000000004262f000 	/System/Library/Frameworks/AudioToolbox.framework/Versions/A/AudioToolbox
0x000000004262f000 	/System/Library/Frameworks/AudioUnit.framework/Versions/A/AudioUnit
0x000000004262f000 	/System/Library/PrivateFrameworks/DataDetectorsCore.framework/Versions/A/DataDetectorsCore
0x000000004262f000 	/System/Library/PrivateFrameworks/DesktopServicesPriv.framework/Versions/A/DesktopServicesPriv
0x000000004262f000 	/System/Library/Frameworks/Carbon.framework/Versions/A/Frameworks/HIToolbox.framework/Versions/A/HIToolbox
0x000000004262f000 	/usr/lib/libicucore.A.dylib
0x000000004262f000 	/System/Library/Frameworks/QuartzCore.framework/Versions/A/QuartzCore
0x000000004262f000 	/System/Library/Frameworks/Carbon.framework/Versions/A/Frameworks/SpeechRecognition.framework/Versions/A/SpeechRecognition
0x000000004262f000 	/usr/lib/libauto.dylib
0x000000004262f000 	/usr/lib/libxml2.2.dylib
0x000000004262f000 	/System/Library/PrivateFrameworks/CoreUI.framework/Versions/A/CoreUI
0x000000004262f000 	/System/Library/Frameworks/CoreAudio.framework/Versions/A/CoreAudio
0x000000004262f000 	/System/Library/Frameworks/DiskArbitration.framework/Versions/A/DiskArbitration
0x000000004262f000 	/usr/lib/liblangid.dylib
0x000000004262f000 	/System/Library/PrivateFrameworks/MultitouchSupport.framework/Versions/A/MultitouchSupport
0x000000004262f000 	/System/Library/Frameworks/IOKit.framework/Versions/A/IOKit
0x000000004262f000 	/usr/lib/libDiagnosticMessagesClient.dylib
0x000000004262f000 	/System/Library/Frameworks/CoreServices.framework/Versions/A/CoreServices
0x000000004262f000 	/System/Library/PrivateFrameworks/PerformanceAnalysis.framework/Versions/A/PerformanceAnalysis
0x000000004262f000 	/System/Library/PrivateFrameworks/GenerationalStorage.framework/Versions/A/GenerationalStorage
0x000000004262f000 	/System/Library/Frameworks/OpenGL.framework/Versions/A/OpenGL
0x000000004262f000 	/System/Library/Frameworks/CoreImage.framework/Versions/A/CoreImage
0x000000004262f000 	/System/Library/Frameworks/CoreText.framework/Versions/A/CoreText
0x000000004262f000 	/System/Library/Frameworks/ImageIO.framework/Versions/A/ImageIO
0x000000004262f000 	/System/Library/PrivateFrameworks/Backup.framework/Versions/A/Backup
0x000000004262f000 	/usr/lib/libarchive.2.dylib
0x000000004262f000 	/System/Library/Frameworks/CFNetwork.framework/Versions/A/CFNetwork
0x000000004262f000 	/System/Library/Frameworks/SystemConfiguration.framework/Versions/A/SystemConfiguration
0x000000004262f000 	/usr/lib/libCRFSuite.dylib
0x000000004262f000 	/usr/lib/libc++.1.dylib
0x000000004262f000 	/usr/lib/libc++abi.dylib
0x000000004262f000 	/usr/lib/system/libcache.dylib
0x000000004262f000 	/usr/lib/system/libcommonCrypto.dylib
0x000000004262f000 	/usr/lib/system/libcompiler_rt.dylib
0x000000004262f000 	/usr/lib/system/libcopyfile.dylib
0x000000004262f000 	/usr/lib/system/libcorecrypto.dylib
0x000000004262f000 	/usr/lib/system/libdispatch.dylib
0x000000004262f000 	/usr/lib/system/libdyld.dylib
0x000000004262f000 	/usr/lib/system/libkeymgr.dylib
0x000000004262f000 	/usr/lib/system/liblaunch.dylib
0x000000004262f000 	/usr/lib/system/libmacho.dylib
0x000000004262f000 	/usr/lib/system/libquarantine.dylib
0x000000004262f000 	/usr/lib/system/libremovefile.dylib
0x000000004262f000 	/usr/lib/system/libsystem_asl.dylib
0x000000004262f000 	/usr/lib/system/libsystem_blocks.dylib
0x000000004262f000 	/usr/lib/system/libsystem_c.dylib
0x000000004262f000 	/usr/lib/system/libsystem_configuration.dylib
0x000000004262f000 	/usr/lib/system/libsystem_coreservices.dylib
0x000000004262f000 	/usr/lib/system/libsystem_coretls.dylib
0x000000004262f000 	/usr/lib/system/libsystem_dnssd.dylib
0x000000004262f000 	/usr/lib/system/libsystem_info.dylib
0x000000004262f000 	/usr/lib/system/libsystem_kernel.dylib
0x000000004262f000 	/usr/lib/system/libsystem_m.dylib
0x000000004262f000 	/usr/lib/system/libsystem_malloc.dylib
0x000000004262f000 	/usr/lib/system/libsystem_network.dylib
0x000000004262f000 	/usr/lib/system/libsystem_networkextension.dylib
0x000000004262f000 	/usr/lib/system/libsystem_notify.dylib
0x000000004262f000 	/usr/lib/system/libsystem_platform.dylib
0x000000004262f000 	/usr/lib/system/libsystem_pthread.dylib
0x000000004262f000 	/usr/lib/system/libsystem_sandbox.dylib
0x000000004262f000 	/usr/lib/system/libsystem_secinit.dylib
0x000000004262f000 	/usr/lib/system/libsystem_symptoms.dylib
0x000000004262f000 	/usr/lib/system/libsystem_trace.dylib
0x000000004262f000 	/usr/lib/system/libunwind.dylib
0x000000004262f000 	/usr/lib/system/libxpc.dylib
0x000000004262f000 	/usr/lib/libbsm.0.dylib
0x000000004262f000 	/usr/lib/system/libkxld.dylib
0x000000004262f000 	/usr/lib/libcoretls.dylib
0x000000004262f000 	/usr/lib/libcoretls_cfhelpers.dylib
0x000000004262f000 	/usr/lib/libOpenScriptingUtil.dylib
0x000000004262f000 	/usr/lib/libpam.2.dylib
0x000000004262f000 	/usr/lib/libsqlite3.dylib
0x000000004262f000 	/usr/lib/libxar.1.dylib
0x000000004262f000 	/usr/lib/libbz2.1.0.dylib
0x000000004262f000 	/usr/lib/liblzma.5.dylib
0x000000004262f000 	/usr/lib/libnetwork.dylib
0x000000004262f000 	/usr/lib/libpcap.A.dylib
0x000000004262f000 	/System/Library/Frameworks/CoreServices.framework/Versions/A/Frameworks/FSEvents.framework/Versions/A/FSEvents
0x000000004262f000 	/System/Library/Frameworks/CoreServices.framework/Versions/A/Frameworks/CarbonCore.framework/Versions/A/CarbonCore
0x000000004262f000 	/System/Library/Frameworks/CoreServices.framework/Versions/A/Frameworks/Metadata.framework/Versions/A/Metadata
0x000000004262f000 	/System/Library/Frameworks/CoreServices.framework/Versions/A/Frameworks/OSServices.framework/Versions/A/OSServices
0x000000004262f000 	/System/Library/Frameworks/CoreServices.framework/Versions/A/Frameworks/SearchKit.framework/Versions/A/SearchKit
0x000000004262f000 	/System/Library/Frameworks/CoreServices.framework/Versions/A/Frameworks/AE.framework/Versions/A/AE
0x000000004262f000 	/System/Library/Frameworks/CoreServices.framework/Versions/A/Frameworks/LaunchServices.framework/Versions/A/LaunchServices
0x000000004262f000 	/System/Library/Frameworks/CoreServices.framework/Versions/A/Frameworks/DictionaryServices.framework/Versions/A/DictionaryServices
0x000000004262f000 	/System/Library/Frameworks/CoreServices.framework/Versions/A/Frameworks/SharedFileList.framework/Versions/A/SharedFileList
0x000000004262f000 	/System/Library/Frameworks/NetFS.framework/Versions/A/NetFS
0x000000004262f000 	/System/Library/PrivateFrameworks/NetAuth.framework/Versions/A/NetAuth
0x000000004262f000 	/System/Library/PrivateFrameworks/login.framework/Versions/A/Frameworks/loginsupport.framework/Versions/A/loginsupport
0x000000004262f000 	/System/Library/PrivateFrameworks/TCC.framework/Versions/A/TCC
0x000000004262f000 	/usr/lib/libmecabra.dylib
0x000000004262f000 	/System/Library/Frameworks/ApplicationServices.framework/Versions/A/Frameworks/ATS.framework/Versions/A/ATS
0x000000004262f000 	/System/Library/Frameworks/ApplicationServices.framework/Versions/A/Frameworks/ColorSync.framework/Versions/A/ColorSync
0x000000004262f000 	/System/Library/Frameworks/ApplicationServices.framework/Versions/A/Frameworks/HIServices.framework/Versions/A/HIServices
0x000000004262f000 	/System/Library/Frameworks/ApplicationServices.framework/Versions/A/Frameworks/LangAnalysis.framework/Versions/A/LangAnalysis
0x000000004262f000 	/System/Library/Frameworks/ApplicationServices.framework/Versions/A/Frameworks/PrintCore.framework/Versions/A/PrintCore
0x000000004262f000 	/System/Library/Frameworks/ApplicationServices.framework/Versions/A/Frameworks/QD.framework/Versions/A/QD
0x000000004262f000 	/System/Library/Frameworks/ApplicationServices.framework/Versions/A/Frameworks/SpeechSynthesis.framework/Versions/A/SpeechSynthesis
0x000000004262f000 	/System/Library/Frameworks/Accelerate.framework/Versions/A/Frameworks/vImage.framework/Versions/A/vImage
0x000000004262f000 	/System/Library/Frameworks/Accelerate.framework/Versions/A/Frameworks/vecLib.framework/Versions/A/vecLib
0x000000004262f000 	/System/Library/Frameworks/Accelerate.framework/Versions/A/Frameworks/vecLib.framework/Versions/A/libvDSP.dylib
0x000000004262f000 	/System/Library/Frameworks/Accelerate.framework/Versions/A/Frameworks/vecLib.framework/Versions/A/libBNNS.dylib
0x000000004262f000 	/System/Library/Frameworks/Accelerate.framework/Versions/A/Frameworks/vecLib.framework/Versions/A/libQuadrature.dylib
0x000000004262f000 	/System/Library/Frameworks/Accelerate.framework/Versions/A/Frameworks/vecLib.framework/Versions/A/libvMisc.dylib
0x000000004262f000 	/System/Library/Frameworks/Accelerate.framework/Versions/A/Frameworks/vecLib.framework/Versions/A/libLAPACK.dylib
0x000000004262f000 	/System/Library/Frameworks/Accelerate.framework/Versions/A/Frameworks/vecLib.framework/Versions/A/libBLAS.dylib
0x000000004262f000 	/System/Library/Frameworks/Accelerate.framework/Versions/A/Frameworks/vecLib.framework/Versions/A/libLinearAlgebra.dylib
0x000000004262f000 	/System/Library/Frameworks/Accelerate.framework/Versions/A/Frameworks/vecLib.framework/Versions/A/libSparseBLAS.dylib
0x000000004262f000 	/System/Library/Frameworks/ApplicationServices.framework/Versions/A/Frameworks/ATS.framework/Versions/A/Resources/libFontParser.dylib
0x000000004262f000 	/System/Library/Frameworks/ApplicationServices.framework/Versions/A/Frameworks/ATS.framework/Versions/A/Resources/libFontRegistry.dylib
0x000000004262f000 	/System/Library/Frameworks/ImageIO.framework/Versions/A/Resources/libJPEG.dylib
0x000000004262f000 	/System/Library/Frameworks/ImageIO.framework/Versions/A/Resources/libTIFF.dylib
0x000000004262f000 	/System/Library/Frameworks/ImageIO.framework/Versions/A/Resources/libPng.dylib
0x000000004262f000 	/System/Library/Frameworks/ImageIO.framework/Versions/A/Resources/libGIF.dylib
0x000000004262f000 	/System/Library/Frameworks/ImageIO.framework/Versions/A/Resources/libJP2.dylib
0x000000004262f000 	/System/Library/Frameworks/ImageIO.framework/Versions/A/Resources/libRadiance.dylib
0x000000004262f000 	/usr/lib/libcompression.dylib
0x000000004262f000 	/System/Library/PrivateFrameworks/AppleJPEG.framework/Versions/A/AppleJPEG
0x000000004262f000 	/usr/lib/libcups.2.dylib
0x000000004262f000 	/System/Library/Frameworks/Kerberos.framework/Versions/A/Kerberos
0x000000004262f000 	/System/Library/Frameworks/GSS.framework/Versions/A/GSS
0x000000004262f000 	/usr/lib/libresolv.9.dylib
0x000000004262f000 	/usr/lib/libiconv.2.dylib
0x000000004262f000 	/System/Library/PrivateFrameworks/Heimdal.framework/Versions/A/Heimdal
0x000000004262f000 	/usr/lib/libheimdal-asn1.dylib
0x000000004262f000 	/System/Library/Frameworks/OpenDirectory.framework/Versions/A/OpenDirectory
0x000000004262f000 	/System/Library/PrivateFrameworks/CommonAuth.framework/Versions/A/CommonAuth
0x000000004262f000 	/System/Library/Frameworks/OpenDirectory.framework/Versions/A/Frameworks/CFOpenDirectory.framework/Versions/A/CFOpenDirectory
0x000000004262f000 	/System/Library/Frameworks/SecurityFoundation.framework/Versions/A/SecurityFoundation
0x000000004262f000 	/System/Library/PrivateFrameworks/LanguageModeling.framework/Versions/A/LanguageModeling
0x000000004262f000 	/usr/lib/libmarisa.dylib
0x000000004262f000 	/usr/lib/libChineseTokenizer.dylib
0x000000004262f000 	/usr/lib/libcmph.dylib
0x000000004262f000 	/System/Library/PrivateFrameworks/CoreEmoji.framework/Versions/A/CoreEmoji
0x000000004262f000 	/System/Library/Frameworks/ServiceManagement.framework/Versions/A/ServiceManagement
0x000000004262f000 	/usr/lib/libxslt.1.dylib
0x000000004262f000 	/System/Library/Frameworks/Carbon.framework/Versions/A/Frameworks/Ink.framework/Versions/A/Ink
0x000000004262f000 	/System/Library/PrivateFrameworks/TextureIO.framework/Versions/A/TextureIO
0x000000004262f000 	/System/Library/Frameworks/Metal.framework/Versions/A/Metal
0x000000004262f000 	/usr/lib/libate.dylib
0x000000004262f000 	/System/Library/PrivateFrameworks/GPUCompiler.framework/libmetal_timestamp.dylib
0x000000004262f000 	/System/Library/Frameworks/OpenGL.framework/Versions/A/Libraries/libCoreFSCache.dylib
0x000000004262f000 	/System/Library/PrivateFrameworks/IOAccelerator.framework/Versions/A/IOAccelerator
0x000000004262f000 	/System/Library/Frameworks/CoreVideo.framework/Versions/A/CoreVideo
0x000000004262f000 	/usr/lib/libFosl_dynamic.dylib
0x000000004262f000 	/System/Library/PrivateFrameworks/MetalPerformanceShaders.framework/Versions/A/MetalPerformanceShaders
0x000000004262f000 	/System/Library/PrivateFrameworks/FaceCore.framework/Versions/A/FaceCore
0x000000004262f000 	/System/Library/Frameworks/OpenCL.framework/Versions/A/OpenCL
0x000000004262f000 	/System/Library/Frameworks/OpenGL.framework/Versions/A/Libraries/libGLU.dylib
0x000000004262f000 	/System/Library/Frameworks/OpenGL.framework/Versions/A/Libraries/libGFXShared.dylib
0x000000004262f000 	/System/Library/Frameworks/OpenGL.framework/Versions/A/Libraries/libGL.dylib
0x000000004262f000 	/System/Library/Frameworks/OpenGL.framework/Versions/A/Libraries/libGLImage.dylib
0x000000004262f000 	/System/Library/Frameworks/OpenGL.framework/Versions/A/Libraries/libCVMSPluginSupport.dylib
0x000000004262f000 	/System/Library/Frameworks/OpenGL.framework/Versions/A/Libraries/libCoreVMClient.dylib
0x000000004262f000 	/System/Library/PrivateFrameworks/CrashReporterSupport.framework/Versions/A/CrashReporterSupport
0x000000004262f000 	/System/Library/PrivateFrameworks/Sharing.framework/Versions/A/Sharing
0x000000004262f000 	/System/Library/PrivateFrameworks/IconServices.framework/Versions/A/IconServices
0x000000004262f000 	/System/Library/PrivateFrameworks/ProtocolBuffer.framework/Versions/A/ProtocolBuffer
0x000000004262f000 	/System/Library/PrivateFrameworks/Apple80211.framework/Versions/A/Apple80211
0x000000004262f000 	/System/Library/Frameworks/CoreWLAN.framework/Versions/A/CoreWLAN
0x000000004262f000 	/System/Library/PrivateFrameworks/CoreUtils.framework/Versions/A/CoreUtils
0x000000004262f000 	/System/Library/Frameworks/IOBluetooth.framework/Versions/A/IOBluetooth
0x000000004262f000 	/System/Library/PrivateFrameworks/CoreWiFi.framework/Versions/A/CoreWiFi
0x000000004262f000 	/System/Library/Frameworks/CoreBluetooth.framework/Versions/A/CoreBluetooth
0x000000004262f000 	/System/Library/Frameworks/CoreDisplay.framework/Versions/A/CoreDisplay
0x000000004262f000 	/System/Library/PrivateFrameworks/IOPresentment.framework/Versions/A/IOPresentment
0x000000004262f000 	/System/Library/PrivateFrameworks/DSExternalDisplay.framework/Versions/A/DSExternalDisplay
0x000000004262f000 	/System/Library/PrivateFrameworks/DebugSymbols.framework/Versions/A/DebugSymbols
0x000000004262f000 	/System/Library/PrivateFrameworks/CoreSymbolication.framework/Versions/A/CoreSymbolication
0x000000004262f000 	/System/Library/PrivateFrameworks/Symbolication.framework/Versions/A/Symbolication
0x000000004262f000 	/System/Library/PrivateFrameworks/AppleFSCompression.framework/Versions/A/AppleFSCompression
0x000000004262f000 	/System/Library/PrivateFrameworks/SpeechRecognitionCore.framework/Versions/A/SpeechRecognitionCore
0x000000004262f000 	/System/Library/PrivateFrameworks/ChunkingLibrary.framework/Versions/A/ChunkingLibrary
0x0000000104600000 	/Library/Java/JavaVirtualMachines/jdk1.8.0_65.jdk/Contents/Home/jre/lib/server/libjvm.dylib
0x000000004262f000 	/usr/lib/libstdc++.6.dylib
0x000000010357c000 	/Library/Java/JavaVirtualMachines/jdk1.8.0_65.jdk/Contents/Home/jre/lib/libverify.dylib
0x000000010358a000 	/Library/Java/JavaVirtualMachines/jdk1.8.0_65.jdk/Contents/Home/jre/lib/libjava.dylib
0x00000001035c0000 	/Library/Java/JavaVirtualMachines/jdk1.8.0_65.jdk/Contents/Home/jre/lib/libinstrument.dylib
0x00000001035ed000 	/Library/Java/JavaVirtualMachines/jdk1.8.0_65.jdk/Contents/Home/jre/lib/libzip.dylib
0x0000000109647000 	/System/Library/Frameworks/JavaVM.framework/Frameworks/JavaRuntimeSupport.framework/JavaRuntimeSupport
0x0000000109661000 	/System/Library/Frameworks/JavaVM.framework/Versions/A/Frameworks/JavaNativeFoundation.framework/Versions/A/JavaNativeFoundation
0x0000000109676000 	/System/Library/Frameworks/JavaVM.framework/Versions/A/JavaVM
0x000000004262f000 	/System/Library/Frameworks/Carbon.framework/Versions/A/Carbon
0x0000000109683000 	/System/Library/PrivateFrameworks/JavaLaunching.framework/Versions/A/JavaLaunching
0x000000004262f000 	/System/Library/Frameworks/Carbon.framework/Versions/A/Frameworks/CommonPanels.framework/Versions/A/CommonPanels
0x000000004262f000 	/System/Library/Frameworks/Carbon.framework/Versions/A/Frameworks/Help.framework/Versions/A/Help
0x000000004262f000 	/System/Library/Frameworks/Carbon.framework/Versions/A/Frameworks/ImageCapture.framework/Versions/A/ImageCapture
0x000000004262f000 	/System/Library/Frameworks/Carbon.framework/Versions/A/Frameworks/OpenScripting.framework/Versions/A/OpenScripting
0x000000004262f000 	/System/Library/Frameworks/Carbon.framework/Versions/A/Frameworks/Print.framework/Versions/A/Print
0x000000004262f000 	/System/Library/Frameworks/Carbon.framework/Versions/A/Frameworks/SecurityHI.framework/Versions/A/SecurityHI
0x000000010b320000 	/Library/Java/JavaVirtualMachines/jdk1.8.0_65.jdk/Contents/Home/jre/lib/libnet.dylib
0x000000010b415000 	/Library/Java/JavaVirtualMachines/jdk1.8.0_65.jdk/Contents/Home/jre/lib/libprism_es2.dylib
0x000000004262f000 	/System/Library/Frameworks/OpenGL.framework/Versions/A/Resources/GLEngine.bundle/GLEngine
0x000000004262f000 	/System/Library/Frameworks/OpenGL.framework/Versions/A/Libraries/libGLProgrammability.dylib
0x000000010b47b000 	/System/Library/Extensions/AppleIntelHD4000GraphicsGLDriver.bundle/Contents/MacOS/AppleIntelHD4000GraphicsGLDriver
0x000000004262f000 	/System/Library/PrivateFrameworks/GPUSupport.framework/Versions/A/Libraries/libGPUSupportMercury.dylib
0x000000004262f000 	/System/Library/Extensions/GeForceGLDriver.bundle/Contents/MacOS/GeForceGLDriver
0x000000004262f000 	/System/Library/Extensions/GeForceGLDriver.bundle/Contents/MacOS/libclh.dylib
0x000000004262f000 	/System/Library/Frameworks/OpenGL.framework/Versions/A/Resources/GLRendererFloat.bundle/GLRendererFloat
0x000000004262f000 	/System/Library/Frameworks/OpenCL.framework/Versions/A/Libraries/libcldcpuengine.dylib
0x000000004262f000 	/usr/lib/libcrypto.0.9.8.dylib
0x000000004262f000 	/System/Library/PrivateFrameworks/TrustEvaluationAgent.framework/Versions/A/TrustEvaluationAgent
0x000000010bcf5000 	/Library/Java/JavaVirtualMachines/jdk1.8.0_65.jdk/Contents/Home/jre/lib/libglass.dylib
0x000000004262f000 	/System/Library/PrivateFrameworks/CoreServicesInternal.framework/Versions/A/CoreServicesInternal
0x000000004262f000 	/System/Library/CoreServices/RawCamera.bundle/Contents/MacOS/RawCamera
0x000000004262f000 	/System/Library/Frameworks/Accelerate.framework/Versions/A/Frameworks/vImage.framework/Versions/A/Libraries/libCGInterfaces.dylib
0x000000004262f000 	/System/Library/PrivateFrameworks/FamilyControls.framework/Versions/A/FamilyControls
0x000000004262f000 	/System/Library/PrivateFrameworks/CommerceKit.framework/Versions/A/Frameworks/CommerceCore.framework/Versions/A/CommerceCore
0x000000004262f000 	/System/Library/PrivateFrameworks/SystemAdministration.framework/Versions/A/SystemAdministration
0x000000004262f000 	/System/Library/PrivateFrameworks/AppContainer.framework/Versions/A/AppContainer
0x000000004262f000 	/System/Library/PrivateFrameworks/SecCodeWrapper.framework/Versions/A/SecCodeWrapper
0x000000004262f000 	/System/Library/Frameworks/DirectoryService.framework/Versions/A/DirectoryService
0x000000004262f000 	/System/Library/PrivateFrameworks/DiskImages.framework/Versions/A/DiskImages
0x000000004262f000 	/System/Library/PrivateFrameworks/LoginUIKit.framework/Versions/A/Frameworks/LoginUICore.framework/Versions/A/LoginUICore
0x000000004262f000 	/usr/lib/libCoreStorage.dylib
0x000000004262f000 	/usr/lib/libcsfde.dylib
0x000000004262f000 	/usr/lib/libodfde.dylib
0x000000004262f000 	/System/Library/Frameworks/DiscRecording.framework/Versions/A/DiscRecording
0x000000004262f000 	/usr/lib/libcurl.4.dylib
0x000000004262f000 	/System/Library/PrivateFrameworks/MediaKit.framework/Versions/A/MediaKit
0x000000004262f000 	/System/Library/PrivateFrameworks/ProtectedCloudStorage.framework/Versions/A/ProtectedCloudStorage
0x000000004262f000 	/System/Library/PrivateFrameworks/EFILogin.framework/Versions/A/EFILogin
0x000000004262f000 	/usr/lib/libutil.dylib
0x000000004262f000 	/System/Library/Frameworks/LDAP.framework/Versions/A/LDAP
0x000000004262f000 	/usr/lib/libsasl2.2.dylib
0x000000004262f000 	/System/Library/PrivateFrameworks/CoreDaemon.framework/Versions/B/CoreDaemon
0x000000004262f000 	/System/Library/PrivateFrameworks/AppleSRP.framework/Versions/A/AppleSRP
0x000000004262f000 	/System/Library/PrivateFrameworks/APFS.framework/Versions/A/APFS
0x000000012686f000 	/Library/Java/JavaVirtualMachines/jdk1.8.0_65.jdk/Contents/Home/jre/lib/libjavafx_iio.dylib
0x0000000123d09000 	/Library/Java/JavaVirtualMachines/jdk1.8.0_65.jdk/Contents/Home/jre/lib/libjavafx_font.dylib
0x000000004262f000 	/System/Library/Frameworks/ApplicationServices.framework/Versions/A/Frameworks/ATS.framework/Versions/A/Resources/libTrueTypeScaler.dylib
0x000000004262f000 	/System/Library/Extensions/GeForceMTLDriver.bundle/Contents/MacOS/GeForceMTLDriver
0x00000001278a4000 	/System/Library/Extensions/AppleIntelHD4000GraphicsMTLDriver.bundle/Contents/MacOS/AppleIntelHD4000GraphicsMTLDriver
0x000000004262f000 	/System/Library/PrivateFrameworks/ViewBridge.framework/Versions/A/ViewBridge
0x000000004262f000 	/System/Library/PrivateFrameworks/XPCService.framework/Versions/A/XPCService
0x000000004262f000 	/System/Library/PrivateFrameworks/AppSandbox.framework/Versions/A/AppSandbox
0x000000004262f000 	/usr/lib/libsandbox.1.dylib
0x000000004262f000 	/usr/lib/libMatch.1.dylib
0x0000000127450000 	/Library/Java/JavaVirtualMachines/jdk1.8.0_65.jdk/Contents/Home/jre/lib/libosx.dylib
0x0000000128054000 	/Library/Java/JavaVirtualMachines/jdk1.8.0_65.jdk/Contents/Home/jre/lib/./libosxapp.dylib
0x000000004262f000 	/System/Library/Frameworks/ExceptionHandling.framework/Versions/A/ExceptionHandling
0x000000012b6f0000 	/Library/Java/JavaVirtualMachines/jdk1.8.0_65.jdk/Contents/Home/jre/lib/libprism_common.dylib
0x00000001313ec000 	/Library/Java/JavaVirtualMachines/jdk1.8.0_65.jdk/Contents/Home/jre/lib/libjfxwebkit.dylib
0x0000000133ad3000 	/Library/Java/JavaVirtualMachines/jdk1.8.0_65.jdk/Contents/Home/jre/lib/libnio.dylib
0x0000000133bb0000 	/Library/Java/JavaVirtualMachines/jdk1.8.0_65.jdk/Contents/Home/jre/lib/libglib-lite.dylib
0x0000000133cd1000 	/Library/Java/JavaVirtualMachines/jdk1.8.0_65.jdk/Contents/Home/jre/lib/libgstreamer-lite.dylib
0x0000000133e49000 	/Library/Java/JavaVirtualMachines/jdk1.8.0_65.jdk/Contents/Home/jre/lib/libjfxmedia.dylib
0x0000000133e84000 	/Library/Java/JavaVirtualMachines/jdk1.8.0_65.jdk/Contents/Home/jre/lib/libjfxmedia_avf.dylib
0x000000004262f000 	/System/Library/Frameworks/AVFoundation.framework/Versions/A/AVFoundation
0x000000004262f000 	/System/Library/Frameworks/CoreMedia.framework/Versions/A/CoreMedia
0x000000004262f000 	/System/Library/Frameworks/MediaToolbox.framework/Versions/A/MediaToolbox
0x000000004262f000 	/System/Library/Frameworks/AVFoundation.framework/Versions/A/Frameworks/AVFAudio.framework/Versions/A/AVFAudio
0x000000004262f000 	/System/Library/Frameworks/VideoToolbox.framework/Versions/A/VideoToolbox
0x000000004262f000 	/System/Library/PrivateFrameworks/IntlPreferences.framework/Versions/A/IntlPreferences
0x000000004262f000 	/System/Library/Frameworks/CoreMediaIO.framework/Versions/A/CoreMediaIO
0x000000004262f000 	/usr/lib/libspindump.dylib
0x000000004262f000 	/usr/lib/libdscsym.dylib
0x000000004262f000 	/System/Library/PrivateFrameworks/CoreAVCHD.framework/Versions/A/CoreAVCHD
0x000000004262f000 	/System/Library/Frameworks/MediaAccessibility.framework/Versions/A/MediaAccessibility
0x000000004262f000 	/System/Library/PrivateFrameworks/Mangrove.framework/Versions/A/Mangrove
0x000000004262f000 	/System/Library/PrivateFrameworks/CoreAUC.framework/Versions/A/CoreAUC
0x000000004262f000 	/System/Library/PrivateFrameworks/AppleVA.framework/Versions/A/AppleVA
0x0000000133ae3000 	/Library/Java/JavaVirtualMachines/jdk1.8.0_65.jdk/Contents/Home/jre/lib/libjfxmedia_qtkit.dylib
0x000000004262f000 	/System/Library/Frameworks/QTKit.framework/Versions/A/QTKit
0x000000004262f000 	/System/Library/PrivateFrameworks/CoreMediaAuthoring.framework/Versions/A/CoreMediaAuthoring
0x0000000133eb9000 	/Library/Java/JavaVirtualMachines/jdk1.8.0_65.jdk/Contents/Home/jre/lib/libfxplugins.dylib
0x0000000133ee4000 	/System/Library/Frameworks/VideoDecodeAcceleration.framework/Versions/A/VideoDecodeAcceleration
0x0000000133eea000 	/System/Library/Extensions/AppleHDA.kext/Contents/PlugIns/AppleHDAHALPlugIn.bundle/Contents/MacOS/AppleHDAHALPlugIn
0x0000000133ef4000 	/Library/Audio/Plug-Ins/HAL/de.access-music.virus_ti.plugin/Contents/MacOS/de.access-music.virus_ti
0x00000001340d8000 	/System/Library/Components/CoreAudio.component/Contents/MacOS/CoreAudio
0x0000000133f47000 	/Library/Java/JavaVirtualMachines/jdk1.8.0_65.jdk/Contents/Home/jre/lib/libmanagement.dylib

VM Arguments:
jvm_args: -javaagent:/Applications/IntelliJ IDEA.app/Contents/lib/idea_rt.jar=49856:/Applications/IntelliJ IDEA.app/Contents/bin -Dfile.encoding=UTF-8 
java_command: mainPackage.Main
java_class_path (initial): /Library/Java/JavaVirtualMachines/jdk1.8.0_65.jdk/Contents/Home/jre/lib/charsets.jar:/Library/Java/JavaVirtualMachines/jdk1.8.0_65.jdk/Contents/Home/jre/lib/deploy.jar:/Library/Java/JavaVirtualMachines/jdk1.8.0_65.jdk/Contents/Home/jre/lib/ext/cldrdata.jar:/Library/Java/JavaVirtualMachines/jdk1.8.0_65.jdk/Contents/Home/jre/lib/ext/dnsns.jar:/Library/Java/JavaVirtualMachines/jdk1.8.0_65.jdk/Contents/Home/jre/lib/ext/jaccess.jar:/Library/Java/JavaVirtualMachines/jdk1.8.0_65.jdk/Contents/Home/jre/lib/ext/jfxrt.jar:/Library/Java/JavaVirtualMachines/jdk1.8.0_65.jdk/Contents/Home/jre/lib/ext/localedata.jar:/Library/Java/JavaVirtualMachines/jdk1.8.0_65.jdk/Contents/Home/jre/lib/ext/nashorn.jar:/Library/Java/JavaVirtualMachines/jdk1.8.0_65.jdk/Contents/Home/jre/lib/ext/sunec.jar:/Library/Java/JavaVirtualMachines/jdk1.8.0_65.jdk/Contents/Home/jre/lib/ext/sunjce_provider.jar:/Library/Java/JavaVirtualMachines/jdk1.8.0_65.jdk/Contents/Home/jre/lib/ext/sunpkcs11.jar:/Library/Java/JavaVirtualMachines/jdk1.8.0_65.jdk/Contents/Home/jre/lib/ext/zipfs.jar:/Library/Java/JavaVirtualMachines/jdk1.8.0_65.jdk/Contents/Home/jre/lib/javaws.jar:/Library/Java/JavaVirtualMachines/jdk1.8.0_65.jdk/Contents/Home/jre/lib/jce.jar:/Library/Java/JavaVirtualMachines/jdk1.8.0_65.jdk/Contents/Home/jre/lib/jfr.jar:/Library/Java/JavaVirtualMachines/jdk1.8.0_65.jdk/Contents/Home/jre/lib/jfxswt.jar:/Library/Java/JavaVirtualMachines/jdk1.8.0_65.jdk/Contents/Home/jre/lib/jsse.jar:/Library/Java/JavaVirtualMachines/jdk1.8.0_65.jdk/Contents/Home/jre/lib/management-agent.jar:/Library/Java/JavaVirtualMachines/jdk1.8.0_65.jdk/Contents/Home/jre/lib/plugin.jar:/Library/Java/JavaVirtualMachines/jdk1.8.0_65.jdk/Contents/Home/jre/lib/resources.jar:/Library/Java/JavaVirtualMachines/jdk1.8.0_65.jdk/Contents/Home/jre/lib/rt.jar:/Library/Java/JavaVirtualMachines/jdk1.8.0_65.jdk/Contents/Home/lib/ant-javafx.jar:/Library/Java/JavaVirtualMachines/jdk1.8.0_65.jdk/Contents/Home/lib/dt.jar:/Library/Ja
Launcher Type: SUN_STANDARD

Environment Variables:
JAVA_HOME=/Library/Java/JavaVirtualMachines/jdk1.8.0_65.jdk/Contents/Home
PATH=/Users/jacobmenke/.cargo/bin:/Users/jacobmenke/.rvm/gems/ruby-2.3.3/bin:/Users/jacobmenke/.rvm/gems/ruby-2.3.3@global/bin:/Users/jacobmenke/.rvm/rubies/ruby-2.3.3/bin:/Library/Frameworks/Python.framework/Versions/3.5/bin:/Users/jacobmenke/Documents/shellScripts:/usr/local/bin:/usr/bin:/bin:/usr/sbin:/sbin:/opt/X11/bin:/Users/jacobmenke/.rvm/bin:/Users/jacobmenke/.rvm/bin
SHELL=/usr/local/bin/bash
DISPLAY=/private/tmp/com.apple.launchd.ouBnnH1Myo/org.macosforge.xquartz:0

Signal Handlers:
SIGSEGV: [libjvm.dylib+0x5a6d31], sa_mask[0]=11111111011111110111111111111111, sa_flags=SA_ONSTACK|SA_RESTART|SA_SIGINFO
SIGBUS: [libjvm.dylib+0x5a6d31], sa_mask[0]=11111111011111110111111111111111, sa_flags=SA_RESTART|SA_SIGINFO
SIGFPE: [libjvm.dylib+0x480a40], sa_mask[0]=11111111011111110111111111111111, sa_flags=SA_RESTART|SA_SIGINFO
SIGPIPE: [libjvm.dylib+0x480a40], sa_mask[0]=11111111011111110111111111111111, sa_flags=SA_RESTART|SA_SIGINFO
SIGXFSZ: [libjvm.dylib+0x480a40], sa_mask[0]=11111111011111110111111111111111, sa_flags=SA_RESTART|SA_SIGINFO
SIGILL: [libjvm.dylib+0x480a40], sa_mask[0]=11111111011111110111111111111111, sa_flags=SA_RESTART|SA_SIGINFO
SIGUSR1: SIG_DFL, sa_mask[0]=00000000000000000000000000000000, sa_flags=none
SIGUSR2: [libjvm.dylib+0x48055e], sa_mask[0]=00100000000000000000000000000000, sa_flags=SA_RESTART|SA_SIGINFO
SIGHUP: [libjvm.dylib+0x47eb35], sa_mask[0]=11111111011111110111111111111111, sa_flags=SA_RESTART|SA_SIGINFO
SIGINT: [libjvm.dylib+0x47eb35], sa_mask[0]=11111111011111110111111111111111, sa_flags=SA_RESTART|SA_SIGINFO
SIGTERM: [libjvm.dylib+0x47eb35], sa_mask[0]=11111111011111110111111111111111, sa_flags=SA_RESTART|SA_SIGINFO
SIGQUIT: [libjvm.dylib+0x47eb35], sa_mask[0]=11111111011111110111111111111111, sa_flags=SA_RESTART|SA_SIGINFO


---------------  S Y S T E M  ---------------

OS:Bsduname:Darwin 16.5.0 Darwin Kernel Version 16.5.0: Fri Mar  3 16:52:33 PST 2017; root:xnu-3789.51.2~3/RELEASE_X86_64 x86_64
rlimit: STACK 8192k, CORE 0k, NPROC 709, NOFILE 10240, AS infinity
load average:4.62 4.64 4.46

CPU:total 8 (4 cores per cpu, 2 threads per core) family 6 model 58 stepping 9, cmov, cx8, fxsr, mmx, sse, sse2, sse3, ssse3, sse4.1, sse4.2, popcnt, avx, aes, clmul, erms, ht, tsc, tscinvbit, tscinv

Memory: 4k page, physical 16777216k(2933264k free)

/proc/meminfo:


vm_info: Java HotSpot(TM) 64-Bit Server VM (25.65-b01) for bsd-amd64 JRE (1.8.0_65-b17), built on Oct  6 2015 15:36:46 by "java_re" with gcc 4.2.1 (Based on Apple Inc. build 5658) (LLVM build 2336.11.00)

time: Tue May  2 14:01:16 2017
elapsed time: 6 seconds (0d 0h 0m 6s)

