#
# A fatal error has been detected by the Java Runtime Environment:
#
#  SIGSEGV (0xb) at pc=0x00007fffb5246400, pid=80824, tid=151299
#
# JRE version: Java(TM) SE Runtime Environment (8.0_65-b17) (build 1.8.0_65-b17)
# Java VM: Java HotSpot(TM) 64-Bit Server VM (25.65-b01 mixed mode bsd-amd64 compressed oops)
# Problematic frame:
# C  [libvDSP.dylib+0xcc400]  vDSP_vflt32+0x3310
#
# Failed to write core dump. Core dumps have been disabled. To enable core dumping, try "ulimit -c unlimited" before starting Java again
#
# If you would like to submit a bug report, please visit:
#   http://bugreport.java.com/bugreport/crash.jsp
#

---------------  T H R E A D  ---------------

Current thread is native thread

siginfo: si_signo: 11 (SIGSEGV), si_code: 1 (SEGV_MAPERR), si_addr: 0x0000000000000010

Registers:
RAX=0x0000000000000010, RBX=0x0000000000000000, RCX=0x0000000000000001, RDX=0x0000000000000010
RSP=0x0000700012312510, RBP=0x0000700012312520, RSI=0x0000000000000001, RDI=0x00007fe360cd7200
R8 =0x0000000000001000, R9 =0x00007000123125b7, R10=0x0000000000000014, R11=0x00007fffb52462b0
R12=0x0000000000001000, R13=0x00007fe35be55e50, R14=0x00007fe360cd7200, R15=0x0000000000001000
RIP=0x00007fffb5246400, EFLAGS=0x0000000000010202, ERR=0x0000000000000006
  TRAPNO=0x000000000000000e

Top of Stack: (sp=0x0000700012312510)
0x0000700012312510:   0000000000000001 00007fe360cd7200
0x0000700012312520:   0000700012312580 000000012a05a48d
0x0000700012312530:   00007fe35ef1c530 0000000000001000
0x0000700012312540:   00007fe35be55ea8 00007fe360cd7200
0x0000700012312550:   00000000123125c0 0000000000000001
0x0000700012312560:   00007fe35ef1cdb0 00007fe35ee349f0
0x0000700012312570:   00007000123125b7 0000000000001000
0x0000700012312580:   00007000123125e0 000000012a064ef3
0x0000700012312590:   00009fe0ba63c6c0 0000700012312a54
0x00007000123125a0:   0000700012312a54 00007fe35ee349c0
0x00007000123125b0:   0000000000001000 00007fe35ef1cdb0
0x00007000123125c0:   00007fe35ee349f0 0000700012312a54
0x00007000123125d0:   0000000000001000 00007fe35ee349c0
0x00007000123125e0:   0000700012312620 000000012a064bcd
0x00007000123125f0:   00007fe35ee349c0 0000700012312a54
0x0000700012312600:   00007fe35ef1cdb0 00007fe35ee349f0
0x0000700012312610:   000000012a05b87c 0000000000001000
0x0000700012312620:   0000700012312680 000000012a064af2
0x0000700012312630:   4010f9363f8bfafa 0000700012312a54
0x0000700012312640:   bcb3e6d6bb27d3bc 3c37e8213c9b8958
0x0000700012312650:   bab972d0bbef04eb 0000700012312a54
0x0000700012312660:   00007fe35ef1cdb0 00007fe35be4c2d0
0x0000700012312670:   00007fe35bdbd490 0000000000001000
0x0000700012312680:   00007000123126d0 000000012a05f3a9
0x0000700012312690:   3fd8e74400000001 0000700012312a78
0x00007000123126a0:   0000000000000000 0000000000009fe0
0x00007000123126b0:   00007fe35be4c2d0 00000000ffffffce
0x00007000123126c0:   0000000000001000 00007fe35ef1cdb0
0x00007000123126d0:   0000700012312740 000000012a05d9e1
0x00007000123126e0:   00007fe35bdbd490 00009fe0b6aa4257
0x00007000123126f0:   0000700012312a54 0000700012312a78
0x0000700012312700:   0000000047800000 00007fe35bdbd490 

Instructions: (pc=0x00007fffb5246400)
0x00007fffb52463e0:   f8 01 4d 8d 40 ff 75 d8 89 d0 83 e0 1f 49 83 f8
0x00007fffb52463f0:   02 72 7c 48 85 c0 74 77 c5 fb 10 07 c5 f8 5a c0
0x00007fffb5246400:   c5 f8 29 02 48 83 c7 08 48 83 c2 10 49 83 c0 fe
0x00007fffb5246410:   eb 5d 66 66 66 66 66 2e 0f 1f 84 00 00 00 00 00 

Register to memory mapping:

RAX=0x0000000000000010 is an unknown value
RBX=0x0000000000000000 is an unknown value
RCX=0x0000000000000001 is an unknown value
RDX=0x0000000000000010 is an unknown value
RSP=0x0000700012312510 is an unknown value
RBP=0x0000700012312520 is an unknown value
RSI=0x0000000000000001 is an unknown value
RDI=0x00007fe360cd7200 is an unknown value
R8 =0x0000000000001000 is an unknown value
R9 =0x00007000123125b7 is an unknown value
R10=0x0000000000000014 is an unknown value
R11=0x00007fffb52462b0: vDSP_vflt32+0x31c0 in /System/Library/Frameworks/Accelerate.framework/Versions/A/Frameworks/vecLib.framework/Versions/A/libvDSP.dylib at 0x00007fffb517a000
R12=0x0000000000001000 is an unknown value
R13=0x00007fe35be55e50 is an unknown value
R14=0x00007fe360cd7200 is an unknown value
R15=0x0000000000001000 is an unknown value


Stack: [0x0000700012293000,0x0000700012313000],  sp=0x0000700012312510,  free space=509k
Native frames: (J=compiled Java code, j=interpreted, Vv=VM code, C=native code)
C  [libvDSP.dylib+0xcc400]  vDSP_vflt32+0x3310
C  [libjfxmedia_avf.dylib+0x648d]  _ZN17AVFAudioEqualizer9RunFilterEPKfPfjj+0xd3
C  [libjfxmedia_avf.dylib+0x10ef3]  _ZN12AUEffectBase19ProcessBufferListsTIfEEvRjRK15AudioBufferListRS2_j+0x121
C  [libjfxmedia_avf.dylib+0x10bcd]  _ZN12AUEffectBase18ProcessBufferListsERjRK15AudioBufferListRS1_j+0x7f
C  [libjfxmedia_avf.dylib+0x10af2]  _ZN12AUEffectBase6RenderERjRK14AudioTimeStampj+0x240
C  [libjfxmedia_avf.dylib+0xb3a9]  _ZN6AUBase11DoRenderBusERjRK14AudioTimeStampjP15AUOutputElementjR15AudioBufferList+0xa9
C  [libjfxmedia_avf.dylib+0x99e1]  _ZN6AUBase8DoRenderERjRK14AudioTimeStampjjR15AudioBufferList+0x1b9
C  [libjfxmedia_avf.dylib+0xd9d6]  _ZL14AUMethodRenderPvPjPK14AudioTimeStampjjP15AudioBufferList+0x2e
C  [libjfxmedia_avf.dylib+0xc7b7]  _ZN14AUInputElement9PullInputERjRK14AudioTimeStampjj+0x8d
C  [libjfxmedia_avf.dylib+0x10930]  _ZN12AUEffectBase6RenderERjRK14AudioTimeStampj+0x7e
C  [libjfxmedia_avf.dylib+0xb3a9]  _ZN6AUBase11DoRenderBusERjRK14AudioTimeStampjP15AUOutputElementjR15AudioBufferList+0xa9
C  [libjfxmedia_avf.dylib+0x99e1]  _ZN6AUBase8DoRenderERjRK14AudioTimeStampjjR15AudioBufferList+0x1b9
C  [libjfxmedia_avf.dylib+0xd9d6]  _ZL14AUMethodRenderPvPjPK14AudioTimeStampjjP15AudioBufferList+0x2e
C  [libjfxmedia_avf.dylib+0xc7b7]  _ZN14AUInputElement9PullInputERjRK14AudioTimeStampjj+0x8d
C  [libjfxmedia_avf.dylib+0x10930]  _ZN12AUEffectBase6RenderERjRK14AudioTimeStampj+0x7e
C  [libjfxmedia_avf.dylib+0xb3a9]  _ZN6AUBase11DoRenderBusERjRK14AudioTimeStampjP15AUOutputElementjR15AudioBufferList+0xa9
C  [libjfxmedia_avf.dylib+0x99e1]  _ZN6AUBase8DoRenderERjRK14AudioTimeStampjjR15AudioBufferList+0x1b9
C  [libjfxmedia_avf.dylib+0xd9d6]  _ZL14AUMethodRenderPvPjPK14AudioTimeStampjjP15AudioBufferList+0x2e
C  [libjfxmedia_avf.dylib+0x54f1]  _ZL15ProcessAudioTapPKvljP15AudioBufferListPlPj+0x63
C  [MediaToolbox+0x37140d]  MTAudioProcessingTapGetSourceAudio+0x852
C  [AudioToolbox+0xe4229]  _Z25AQClientCallProcessingTapPvjP14AudioTimeStampPjS2_P15AudioBufferListidjdjPKhj+0x5d
C  [AudioToolbox+0x16af0e]  _ZN15AQProcessingTap9DoCalloutERjR14AudioTimeStampS0_R15AudioBufferList+0xbc
C  [AudioToolbox+0x16ad0d]  _ZN16AudioQueueObject18PerformTapInternalER14AudioTimeStampRjS2_+0x85
C  [AudioToolbox+0x16ac13]  _ZN16AudioQueueObject20PerformProcessingTapEPFiPvRjRK14AudioTimeStampjR15AudioBufferListRdS1_ES0_RS2_S1_S6_S1_+0xc5
C  [AudioToolbox+0x176227]  _ZN14MEMixerChannel13TapDownstreamEPvPjPK14AudioTimeStampjjP15AudioBufferList+0x81
C  [CoreAudio+0x10cea5]  _ZN14AUInputElement9PullInputERjRK14AudioTimeStampjj+0xb9
C  [CoreAudio+0x5f524]  _ZN18AUDeferredRenderer7ProduceEv+0x240
C  [CoreAudio+0x5f25b]  _ZN18AUDeferredRenderer18ProducerThreadProcEv+0x31
C  [CoreAudio+0x5ec5b]  _ZN18AUDeferredRenderer18ProducerThreadProcEPv+0x1f
C  [CoreAudio+0x123695]  _ZN9CAPThread5EntryEPS_+0x55
C  [libsystem_pthread.dylib+0x39af]  _pthread_body+0xb4
C  [libsystem_pthread.dylib+0x38fb]  _pthread_body+0x0
C  [libsystem_pthread.dylib+0x3101]  thread_start+0xd


---------------  P R O C E S S  ---------------

VM state:not at safepoint (normal execution)

VM Mutex/Monitor currently owned by a thread: None

Heap:
 PSYoungGen      total 730624K, used 37588K [0x000000076ab00000, 0x00000007ad300000, 0x00000007c0000000)
  eden space 692736K, 4% used [0x000000076ab00000,0x000000076cc05108,0x0000000794f80000)
  from space 37888K, 9% used [0x0000000794f80000,0x0000000795330000,0x0000000797480000)
  to   space 36352K, 0% used [0x00000007aaf80000,0x00000007aaf80000,0x00000007ad300000)
 ParOldGen       total 118784K, used 64054K [0x00000006c0000000, 0x00000006c7400000, 0x000000076ab00000)
  object space 118784K, 53% used [0x00000006c0000000,0x00000006c3e8da18,0x00000006c7400000)
 Metaspace       used 33307K, capacity 37118K, committed 37248K, reserved 1081344K
  class space    used 4862K, capacity 5456K, committed 5504K, reserved 1048576K

Card table byte_map: [0x00000001049f1000,0x00000001051f2000] byte_map_base: 0x00000001013f1000

Marking Bits: (ParMarkBitMap*) 0x0000000103edee20
 Begin Bits: [0x0000000105748000, 0x0000000109748000)
 End Bits:   [0x0000000109748000, 0x000000010d748000)

Polling page: 0x00000001025f7000

CodeCache: size=245760Kb used=23671Kb max_used=25093Kb free=222088Kb
 bounds [0x000000010e3e1000, 0x000000010fc91000, 0x000000011d3e1000]
 total_blobs=8436 nmethods=7622 adapters=725
 compilation: enabled

Compilation events (10 events):
Event: 109.071 Thread 0x00007fe356034000 10031       4       javafx.scene.layout.HBox::getHgrow (10 bytes)
Event: 109.081 Thread 0x00007fe359096800 nmethod 10025 0x000000010ea639d0 code [0x000000010ea63ce0, 0x000000010ea65398]
Event: 109.082 Thread 0x00007fe356034000 nmethod 10031 0x000000010f162850 code [0x000000010f162a00, 0x000000010f162f78]
Event: 109.086 Thread 0x00007fe35909b000 nmethod 10024 0x000000010f6c7a90 code [0x000000010f6c7e40, 0x000000010f6c98d8]
Event: 109.095 Thread 0x00007fe3588d9800 10032       3       com.sun.javafx.iio.png.PNGImageLoader2::readChunk (24 bytes)
Event: 109.095 Thread 0x00007fe3588d9800 nmethod 10032 0x000000010ee5a790 code [0x000000010ee5a920, 0x000000010ee5ac98]
Event: 109.106 Thread 0x00007fe359096800 10033       4       java.util.ArrayList::toArray (60 bytes)
Event: 109.111 Thread 0x00007fe359096800 nmethod 10033 0x000000010e8ab210 code [0x000000010e8ab360, 0x000000010e8ab818]
Event: 109.155 Thread 0x00007fe356034000 10034       4       com.sun.prism.impl.BaseGraphics::getAssociatedScreen (8 bytes)
Event: 109.155 Thread 0x00007fe356034000 nmethod 10034 0x000000010f1799d0 code [0x000000010f179b20, 0x000000010f179b98]

GC Heap History (10 events):
Event: 97.207 GC heap before
{Heap before GC invocations=17 (full 4):
 PSYoungGen      total 371712K, used 371648K [0x000000076ab00000, 0x0000000789580000, 0x00000007c0000000)
  eden space 371200K, 100% used [0x000000076ab00000,0x0000000781580000,0x0000000781580000)
  from space 512K, 87% used [0x0000000789500000,0x0000000789570000,0x0000000789580000)
  to   space 41984K, 0% used [0x0000000784380000,0x0000000784380000,0x0000000786c80000)
 ParOldGen       total 118784K, used 57811K [0x00000006c0000000, 0x00000006c7400000, 0x000000076ab00000)
  object space 118784K, 48% used [0x00000006c0000000,0x00000006c3874e90,0x00000006c7400000)
 Metaspace       used 33173K, capacity 36896K, committed 36992K, reserved 1081344K
  class space    used 4842K, capacity 5437K, committed 5504K, reserved 1048576K
Event: 97.210 GC heap after
Heap after GC invocations=17 (full 4):
 PSYoungGen      total 460288K, used 704K [0x000000076ab00000, 0x000000078fa00000, 0x00000007c0000000)
  eden space 418304K, 0% used [0x000000076ab00000,0x000000076ab00000,0x0000000784380000)
  from space 41984K, 1% used [0x0000000784380000,0x0000000784430000,0x0000000786c80000)
  to   space 41984K, 0% used [0x000000078d100000,0x000000078d100000,0x000000078fa00000)
 ParOldGen       total 118784K, used 57939K [0x00000006c0000000, 0x00000006c7400000, 0x000000076ab00000)
  object space 118784K, 48% used [0x00000006c0000000,0x00000006c3894e90,0x00000006c7400000)
 Metaspace       used 33173K, capacity 36896K, committed 36992K, reserved 1081344K
  class space    used 4842K, capacity 5437K, committed 5504K, reserved 1048576K
}
Event: 105.921 GC heap before
{Heap before GC invocations=18 (full 4):
 PSYoungGen      total 460288K, used 298136K [0x000000076ab00000, 0x000000078fa00000, 0x00000007c0000000)
  eden space 418304K, 71% used [0x000000076ab00000,0x000000077cd76170,0x0000000784380000)
  from space 41984K, 1% used [0x0000000784380000,0x0000000784430000,0x0000000786c80000)
  to   space 41984K, 0% used [0x000000078d100000,0x000000078d100000,0x000000078fa00000)
 ParOldGen       total 118784K, used 57939K [0x00000006c0000000, 0x00000006c7400000, 0x000000076ab00000)
  object space 118784K, 48% used [0x00000006c0000000,0x00000006c3894e90,0x00000006c7400000)
 Metaspace       used 33189K, capacity 36896K, committed 36992K, reserved 1081344K
  class space    used 4842K, capacity 5437K, committed 5504K, reserved 1048576K
Event: 105.924 GC heap after
Heap after GC invocations=18 (full 4):
 PSYoungGen      total 564224K, used 960K [0x000000076ab00000, 0x0000000792900000, 0x00000007c0000000)
  eden space 522240K, 0% used [0x000000076ab00000,0x000000076ab00000,0x000000078a900000)
  from space 41984K, 2% used [0x000000078d100000,0x000000078d1f0000,0x000000078fa00000)
  to   space 40960K, 0% used [0x000000078a900000,0x000000078a900000,0x000000078d100000)
 ParOldGen       total 118784K, used 58291K [0x00000006c0000000, 0x00000006c7400000, 0x000000076ab00000)
  object space 118784K, 49% used [0x00000006c0000000,0x00000006c38ece90,0x00000006c7400000)
 Metaspace       used 33189K, capacity 36896K, committed 36992K, reserved 1081344K
  class space    used 4842K, capacity 5437K, committed 5504K, reserved 1048576K
}
Event: 108.407 GC heap before
{Heap before GC invocations=19 (full 4):
 PSYoungGen      total 564224K, used 210532K [0x000000076ab00000, 0x0000000792900000, 0x00000007c0000000)
  eden space 522240K, 40% used [0x000000076ab00000,0x00000007777a90e0,0x000000078a900000)
  from space 41984K, 2% used [0x000000078d100000,0x000000078d1f0000,0x000000078fa00000)
  to   space 40960K, 0% used [0x000000078a900000,0x000000078a900000,0x000000078d100000)
 ParOldGen       total 118784K, used 58291K [0x00000006c0000000, 0x00000006c7400000, 0x000000076ab00000)
  object space 118784K, 49% used [0x00000006c0000000,0x00000006c38ece90,0x00000006c7400000)
 Metaspace       used 33209K, capacity 36896K, committed 36992K, reserved 1081344K
  class space    used 4844K, capacity 5437K, committed 5504K, reserved 1048576K
Event: 108.413 GC heap after
Heap after GC invocations=19 (full 4):
 PSYoungGen      total 563200K, used 5280K [0x000000076ab00000, 0x0000000799f00000, 0x00000007c0000000)
  eden space 522240K, 0% used [0x000000076ab00000,0x000000076ab00000,0x000000078a900000)
  from space 40960K, 12% used [0x000000078a900000,0x000000078ae28000,0x000000078d100000)
  to   space 38912K, 0% used [0x0000000797900000,0x0000000797900000,0x0000000799f00000)
 ParOldGen       total 118784K, used 58775K [0x00000006c0000000, 0x00000006c7400000, 0x000000076ab00000)
  object space 118784K, 49% used [0x00000006c0000000,0x00000006c3965f40,0x00000006c7400000)
 Metaspace       used 33209K, capacity 36896K, committed 36992K, reserved 1081344K
  class space    used 4844K, capacity 5437K, committed 5504K, reserved 1048576K
}
Event: 108.981 GC heap before
{Heap before GC invocations=20 (full 4):
 PSYoungGen      total 563200K, used 44925K [0x000000076ab00000, 0x0000000799f00000, 0x00000007c0000000)
  eden space 522240K, 7% used [0x000000076ab00000,0x000000076d1b77b8,0x000000078a900000)
  from space 40960K, 12% used [0x000000078a900000,0x000000078ae28000,0x000000078d100000)
  to   space 38912K, 0% used [0x0000000797900000,0x0000000797900000,0x0000000799f00000)
 ParOldGen       total 118784K, used 58775K [0x00000006c0000000, 0x00000006c7400000, 0x000000076ab00000)
  object space 118784K, 49% used [0x00000006c0000000,0x00000006c3965f40,0x00000006c7400000)
 Metaspace       used 33293K, capacity 37112K, committed 37248K, reserved 1081344K
  class space    used 4861K, capacity 5455K, committed 5504K, reserved 1048576K
Event: 108.985 GC heap after
Heap after GC invocations=20 (full 4):
 PSYoungGen      total 726016K, used 320K [0x000000076ab00000, 0x0000000799980000, 0x00000007c0000000)
  eden space 692736K, 0% used [0x000000076ab00000,0x000000076ab00000,0x0000000794f80000)
  from space 33280K, 0% used [0x0000000797900000,0x0000000797950000,0x0000000799980000)
  to   space 37888K, 0% used [0x0000000794f80000,0x0000000794f80000,0x0000000797480000)
 ParOldGen       total 118784K, used 63903K [0x00000006c0000000, 0x00000006c7400000, 0x000000076ab00000)
  object space 118784K, 53% used [0x00000006c0000000,0x00000006c3e67f40,0x00000006c7400000)
 Metaspace       used 33293K, capacity 37112K, committed 37248K, reserved 1081344K
  class space    used 4861K, capacity 5455K, committed 5504K, reserved 1048576K
}
Event: 109.046 GC heap before
{Heap before GC invocations=21 (full 4):
 PSYoungGen      total 726016K, used 221771K [0x000000076ab00000, 0x0000000799980000, 0x00000007c0000000)
  eden space 692736K, 31% used [0x000000076ab00000,0x0000000778342ef0,0x0000000794f80000)
  from space 33280K, 0% used [0x0000000797900000,0x0000000797950000,0x0000000799980000)
  to   space 37888K, 0% used [0x0000000794f80000,0x0000000794f80000,0x0000000797480000)
 ParOldGen       total 118784K, used 63903K [0x00000006c0000000, 0x00000006c7400000, 0x000000076ab00000)
  object space 118784K, 53% used [0x00000006c0000000,0x00000006c3e67f40,0x00000006c7400000)
 Metaspace       used 33301K, capacity 37112K, committed 37248K, reserved 1081344K
  class space    used 4861K, capacity 5455K, committed 5504K, reserved 1048576K
Event: 109.052 GC heap after
Heap after GC invocations=21 (full 4):
 PSYoungGen      total 730624K, used 3776K [0x000000076ab00000, 0x00000007ad300000, 0x00000007c0000000)
  eden space 692736K, 0% used [0x000000076ab00000,0x000000076ab00000,0x0000000794f80000)
  from space 37888K, 9% used [0x0000000794f80000,0x0000000795330000,0x0000000797480000)
  to   space 36352K, 0% used [0x00000007aaf80000,0x00000007aaf80000,0x00000007ad300000)
 ParOldGen       total 118784K, used 64054K [0x00000006c0000000, 0x00000006c7400000, 0x000000076ab00000)
  object space 118784K, 53% used [0x00000006c0000000,0x00000006c3e8da18,0x00000006c7400000)
 Metaspace       used 33301K, capacity 37112K, committed 37248K, reserved 1081344K
  class space    used 4861K, capacity 5455K, committed 5504K, reserved 1048576K
}

Deoptimization events (10 events):
Event: 108.538 Thread 0x00007fe35917c000 Uncommon trap: reason=class_check action=maybe_recompile pc=0x000000010e840d88 method=com.sun.scenario.effect.impl.prism.PrRenderInfo.renderImage(Lcom/sun/scenario/effect/ImageData;Lcom/sun/javafx/geom/transform/BaseTransform;Lcom/sun/scenario/effect/Filt
Event: 108.601 Thread 0x00007fe356875000 Uncommon trap: reason=unstable_if action=reinterpret pc=0x000000010f3e38d0 method=com.sun.javafx.geom.transform.Translate2D.isIdentity()Z @ 15
Event: 108.602 Thread 0x00007fe356875000 Uncommon trap: reason=null_check action=make_not_entrant pc=0x000000010efe6330 method=javafx.scene.Node$MiscProperties.getClip()Ljavafx/scene/Node; @ 20
Event: 108.681 Thread 0x00007fe35917c000 Uncommon trap: reason=bimorphic action=maybe_recompile pc=0x000000010fc59814 method=com.sun.scenario.effect.FilterEffect.filter(Lcom/sun/scenario/effect/FilterContext;Lcom/sun/javafx/geom/transform/BaseTransform;Lcom/sun/javafx/geom/Rectangle;Ljava/lang/O
Event: 108.682 Thread 0x00007fe35917c000 Uncommon trap: reason=class_check action=maybe_recompile pc=0x000000010e840d88 method=com.sun.scenario.effect.impl.prism.PrRenderInfo.renderImage(Lcom/sun/scenario/effect/ImageData;Lcom/sun/javafx/geom/transform/BaseTransform;Lcom/sun/scenario/effect/Filt
Event: 108.682 Thread 0x00007fe35917c000 Uncommon trap: reason=bimorphic action=maybe_recompile pc=0x000000010fc59814 method=com.sun.scenario.effect.FilterEffect.filter(Lcom/sun/scenario/effect/FilterContext;Lcom/sun/javafx/geom/transform/BaseTransform;Lcom/sun/javafx/geom/Rectangle;Ljava/lang/O
Event: 108.682 Thread 0x00007fe35917c000 Uncommon trap: reason=class_check action=maybe_recompile pc=0x000000010e840d88 method=com.sun.scenario.effect.impl.prism.PrRenderInfo.renderImage(Lcom/sun/scenario/effect/ImageData;Lcom/sun/javafx/geom/transform/BaseTransform;Lcom/sun/scenario/effect/Filt
Event: 108.835 Thread 0x00007fe356875000 Uncommon trap: reason=unstable_if action=reinterpret pc=0x000000010fc0079c method=javafx.scene.layout.HBox.growOrShrinkAreaWidths(Ljava/util/List;[[DLjavafx/scene/layout/Priority;DD)D @ 4
Event: 108.986 Thread 0x00007fe360a96000 Uncommon trap: reason=class_check action=maybe_recompile pc=0x000000010f08bc78 method=java.util.regex.Pattern$Start.<init>(Ljava/util/regex/Pattern$Node;)V @ 22
Event: 109.095 Thread 0x00007fe356875000 Uncommon trap: reason=unstable_if action=reinterpret pc=0x000000010e96acd8 method=javafx.beans.property.ObjectPropertyBase.bind(Ljavafx/beans/value/ObservableValue;)V @ 38

Internal exceptions (10 events):
Event: 76.293 Thread 0x00007fe35e217800 Exception <a 'sun/nio/fs/UnixException'> (0x0000000775fd34a0) thrown at [/Users/java_re/workspace/8-2-build-macosx-x86_64/jdk8u65/4987/hotspot/src/share/vm/prims/jni.cpp, line 709]
Event: 76.294 Thread 0x00007fe35e217800 Exception <a 'sun/nio/fs/UnixException'> (0x0000000775fd46f0) thrown at [/Users/java_re/workspace/8-2-build-macosx-x86_64/jdk8u65/4987/hotspot/src/share/vm/prims/jni.cpp, line 709]
Event: 76.385 Thread 0x00007fe35e217800 Exception <a 'sun/nio/fs/UnixException'> (0x000000077622d218) thrown at [/Users/java_re/workspace/8-2-build-macosx-x86_64/jdk8u65/4987/hotspot/src/share/vm/prims/jni.cpp, line 709]
Event: 76.385 Thread 0x00007fe35e217800 Exception <a 'sun/nio/fs/UnixException'> (0x00000007762341a0) thrown at [/Users/java_re/workspace/8-2-build-macosx-x86_64/jdk8u65/4987/hotspot/src/share/vm/prims/jni.cpp, line 709]
Event: 76.392 Thread 0x00007fe35e217800 Exception <a 'sun/nio/fs/UnixException'> (0x0000000776263268) thrown at [/Users/java_re/workspace/8-2-build-macosx-x86_64/jdk8u65/4987/hotspot/src/share/vm/prims/jni.cpp, line 709]
Event: 76.393 Thread 0x00007fe35e217800 Exception <a 'sun/nio/fs/UnixException'> (0x000000077626a1f0) thrown at [/Users/java_re/workspace/8-2-build-macosx-x86_64/jdk8u65/4987/hotspot/src/share/vm/prims/jni.cpp, line 709]
Event: 105.793 Thread 0x00007fe356875000 Implicit null exception at 0x000000010ef6f315 to 0x000000010ef6f3ad
Event: 105.925 Thread 0x00007fe3609f5000 Exception <a 'java/lang/NullPointerException'> (0x000000076b35a8a0) thrown at [/Users/java_re/workspace/8-2-build-macosx-x86_64/jdk8u65/4987/hotspot/src/share/vm/interpreter/linkResolver.cpp, line 1280]
Event: 108.602 Thread 0x00007fe356875000 Implicit null exception at 0x000000010efe62ce to 0x000000010efe6325
Event: 108.986 Thread 0x00007fe360a96000 Exception <a 'java/lang/NullPointerException'> (0x000000076aebbfc8) thrown at [/Users/java_re/workspace/8-2-build-macosx-x86_64/jdk8u65/4987/hotspot/src/share/vm/interpreter/linkResolver.cpp, line 1280]

Events (10 events):
Event: 109.096 Executing VM operation: RevokeBias
Event: 109.096 Executing VM operation: RevokeBias done
Event: 109.102 Executing VM operation: RevokeBias
Event: 109.102 Executing VM operation: RevokeBias done
Event: 109.102 Executing VM operation: RevokeBias
Event: 109.102 Executing VM operation: RevokeBias done
Event: 109.150 Thread 0x00007fe3614ca000 Thread added: 0x00007fe3614ca000
Event: 109.150 Thread 0x00007fe3614ca000 Thread exited: 0x00007fe3614ca000
Event: 109.150 Thread 0x00007fe3614ca000 Thread added: 0x00007fe3614ca000
Event: 109.150 Thread 0x00007fe3614ca000 Thread exited: 0x00007fe3614ca000


Dynamic libraries:
0x000000004262f000 	/System/Library/Frameworks/Cocoa.framework/Versions/A/Cocoa
0x000000004262f000 	/System/Library/Frameworks/Security.framework/Versions/A/Security
0x000000004262f000 	/System/Library/Frameworks/ApplicationServices.framework/Versions/A/ApplicationServices
0x000000004262f000 	/usr/lib/libz.1.dylib
0x000000004262f000 	/usr/lib/libSystem.B.dylib
0x000000004262f000 	/usr/lib/libobjc.A.dylib
0x000000004262f000 	/System/Library/Frameworks/CoreFoundation.framework/Versions/A/CoreFoundation
0x000000004262f000 	/System/Library/Frameworks/Foundation.framework/Versions/C/Foundation
0x000000004262f000 	/System/Library/Frameworks/AppKit.framework/Versions/C/AppKit
0x000000004262f000 	/System/Library/Frameworks/CoreData.framework/Versions/A/CoreData
0x000000004262f000 	/System/Library/PrivateFrameworks/RemoteViewServices.framework/Versions/A/RemoteViewServices
0x000000004262f000 	/System/Library/PrivateFrameworks/UIFoundation.framework/Versions/A/UIFoundation
0x000000004262f000 	/System/Library/PrivateFrameworks/DFRFoundation.framework/Versions/A/DFRFoundation
0x000000004262f000 	/usr/lib/libenergytrace.dylib
0x000000004262f000 	/System/Library/PrivateFrameworks/SkyLight.framework/Versions/A/SkyLight
0x000000004262f000 	/System/Library/Frameworks/CoreGraphics.framework/Versions/A/CoreGraphics
0x000000004262f000 	/usr/lib/libScreenReader.dylib
0x000000004262f000 	/System/Library/Frameworks/Accelerate.framework/Versions/A/Accelerate
0x000000004262f000 	/System/Library/Frameworks/IOSurface.framework/Versions/A/IOSurface
0x000000004262f000 	/System/Library/Frameworks/AudioToolbox.framework/Versions/A/AudioToolbox
0x000000004262f000 	/System/Library/Frameworks/AudioUnit.framework/Versions/A/AudioUnit
0x000000004262f000 	/System/Library/PrivateFrameworks/DataDetectorsCore.framework/Versions/A/DataDetectorsCore
0x000000004262f000 	/System/Library/PrivateFrameworks/DesktopServicesPriv.framework/Versions/A/DesktopServicesPriv
0x000000004262f000 	/System/Library/Frameworks/Carbon.framework/Versions/A/Frameworks/HIToolbox.framework/Versions/A/HIToolbox
0x000000004262f000 	/usr/lib/libicucore.A.dylib
0x000000004262f000 	/System/Library/Frameworks/QuartzCore.framework/Versions/A/QuartzCore
0x000000004262f000 	/System/Library/Frameworks/Carbon.framework/Versions/A/Frameworks/SpeechRecognition.framework/Versions/A/SpeechRecognition
0x000000004262f000 	/usr/lib/libauto.dylib
0x000000004262f000 	/usr/lib/libxml2.2.dylib
0x000000004262f000 	/System/Library/PrivateFrameworks/CoreUI.framework/Versions/A/CoreUI
0x000000004262f000 	/System/Library/Frameworks/CoreAudio.framework/Versions/A/CoreAudio
0x000000004262f000 	/System/Library/Frameworks/DiskArbitration.framework/Versions/A/DiskArbitration
0x000000004262f000 	/usr/lib/liblangid.dylib
0x000000004262f000 	/System/Library/PrivateFrameworks/MultitouchSupport.framework/Versions/A/MultitouchSupport
0x000000004262f000 	/System/Library/Frameworks/IOKit.framework/Versions/A/IOKit
0x000000004262f000 	/usr/lib/libDiagnosticMessagesClient.dylib
0x000000004262f000 	/System/Library/Frameworks/CoreServices.framework/Versions/A/CoreServices
0x000000004262f000 	/System/Library/PrivateFrameworks/PerformanceAnalysis.framework/Versions/A/PerformanceAnalysis
0x000000004262f000 	/System/Library/PrivateFrameworks/GenerationalStorage.framework/Versions/A/GenerationalStorage
0x000000004262f000 	/System/Library/Frameworks/OpenGL.framework/Versions/A/OpenGL
0x000000004262f000 	/System/Library/Frameworks/CoreImage.framework/Versions/A/CoreImage
0x000000004262f000 	/System/Library/Frameworks/CoreText.framework/Versions/A/CoreText
0x000000004262f000 	/System/Library/Frameworks/ImageIO.framework/Versions/A/ImageIO
0x000000004262f000 	/System/Library/PrivateFrameworks/Backup.framework/Versions/A/Backup
0x000000004262f000 	/usr/lib/libarchive.2.dylib
0x000000004262f000 	/System/Library/Frameworks/CFNetwork.framework/Versions/A/CFNetwork
0x000000004262f000 	/System/Library/Frameworks/SystemConfiguration.framework/Versions/A/SystemConfiguration
0x000000004262f000 	/usr/lib/libCRFSuite.dylib
0x000000004262f000 	/usr/lib/libc++.1.dylib
0x000000004262f000 	/usr/lib/libc++abi.dylib
0x000000004262f000 	/usr/lib/system/libcache.dylib
0x000000004262f000 	/usr/lib/system/libcommonCrypto.dylib
0x000000004262f000 	/usr/lib/system/libcompiler_rt.dylib
0x000000004262f000 	/usr/lib/system/libcopyfile.dylib
0x000000004262f000 	/usr/lib/system/libcorecrypto.dylib
0x000000004262f000 	/usr/lib/system/libdispatch.dylib
0x000000004262f000 	/usr/lib/system/libdyld.dylib
0x000000004262f000 	/usr/lib/system/libkeymgr.dylib
0x000000004262f000 	/usr/lib/system/liblaunch.dylib
0x000000004262f000 	/usr/lib/system/libmacho.dylib
0x000000004262f000 	/usr/lib/system/libquarantine.dylib
0x000000004262f000 	/usr/lib/system/libremovefile.dylib
0x000000004262f000 	/usr/lib/system/libsystem_asl.dylib
0x000000004262f000 	/usr/lib/system/libsystem_blocks.dylib
0x000000004262f000 	/usr/lib/system/libsystem_c.dylib
0x000000004262f000 	/usr/lib/system/libsystem_configuration.dylib
0x000000004262f000 	/usr/lib/system/libsystem_coreservices.dylib
0x000000004262f000 	/usr/lib/system/libsystem_coretls.dylib
0x000000004262f000 	/usr/lib/system/libsystem_dnssd.dylib
0x000000004262f000 	/usr/lib/system/libsystem_info.dylib
0x000000004262f000 	/usr/lib/system/libsystem_kernel.dylib
0x000000004262f000 	/usr/lib/system/libsystem_m.dylib
0x000000004262f000 	/usr/lib/system/libsystem_malloc.dylib
0x000000004262f000 	/usr/lib/system/libsystem_network.dylib
0x000000004262f000 	/usr/lib/system/libsystem_networkextension.dylib
0x000000004262f000 	/usr/lib/system/libsystem_notify.dylib
0x000000004262f000 	/usr/lib/system/libsystem_platform.dylib
0x000000004262f000 	/usr/lib/system/libsystem_pthread.dylib
0x000000004262f000 	/usr/lib/system/libsystem_sandbox.dylib
0x000000004262f000 	/usr/lib/system/libsystem_secinit.dylib
0x000000004262f000 	/usr/lib/system/libsystem_symptoms.dylib
0x000000004262f000 	/usr/lib/system/libsystem_trace.dylib
0x000000004262f000 	/usr/lib/system/libunwind.dylib
0x000000004262f000 	/usr/lib/system/libxpc.dylib
0x000000004262f000 	/usr/lib/libbsm.0.dylib
0x000000004262f000 	/usr/lib/system/libkxld.dylib
0x000000004262f000 	/usr/lib/libcoretls.dylib
0x000000004262f000 	/usr/lib/libcoretls_cfhelpers.dylib
0x000000004262f000 	/usr/lib/libOpenScriptingUtil.dylib
0x000000004262f000 	/usr/lib/libpam.2.dylib
0x000000004262f000 	/usr/lib/libsqlite3.dylib
0x000000004262f000 	/usr/lib/libxar.1.dylib
0x000000004262f000 	/usr/lib/libbz2.1.0.dylib
0x000000004262f000 	/usr/lib/liblzma.5.dylib
0x000000004262f000 	/usr/lib/libnetwork.dylib
0x000000004262f000 	/usr/lib/libpcap.A.dylib
0x000000004262f000 	/System/Library/Frameworks/CoreServices.framework/Versions/A/Frameworks/FSEvents.framework/Versions/A/FSEvents
0x000000004262f000 	/System/Library/Frameworks/CoreServices.framework/Versions/A/Frameworks/CarbonCore.framework/Versions/A/CarbonCore
0x000000004262f000 	/System/Library/Frameworks/CoreServices.framework/Versions/A/Frameworks/Metadata.framework/Versions/A/Metadata
0x000000004262f000 	/System/Library/Frameworks/CoreServices.framework/Versions/A/Frameworks/OSServices.framework/Versions/A/OSServices
0x000000004262f000 	/System/Library/Frameworks/CoreServices.framework/Versions/A/Frameworks/SearchKit.framework/Versions/A/SearchKit
0x000000004262f000 	/System/Library/Frameworks/CoreServices.framework/Versions/A/Frameworks/AE.framework/Versions/A/AE
0x000000004262f000 	/System/Library/Frameworks/CoreServices.framework/Versions/A/Frameworks/LaunchServices.framework/Versions/A/LaunchServices
0x000000004262f000 	/System/Library/Frameworks/CoreServices.framework/Versions/A/Frameworks/DictionaryServices.framework/Versions/A/DictionaryServices
0x000000004262f000 	/System/Library/Frameworks/CoreServices.framework/Versions/A/Frameworks/SharedFileList.framework/Versions/A/SharedFileList
0x000000004262f000 	/System/Library/Frameworks/NetFS.framework/Versions/A/NetFS
0x000000004262f000 	/System/Library/PrivateFrameworks/NetAuth.framework/Versions/A/NetAuth
0x000000004262f000 	/System/Library/PrivateFrameworks/login.framework/Versions/A/Frameworks/loginsupport.framework/Versions/A/loginsupport
0x000000004262f000 	/System/Library/PrivateFrameworks/TCC.framework/Versions/A/TCC
0x000000004262f000 	/usr/lib/libmecabra.dylib
0x000000004262f000 	/System/Library/Frameworks/ApplicationServices.framework/Versions/A/Frameworks/ATS.framework/Versions/A/ATS
0x000000004262f000 	/System/Library/Frameworks/ApplicationServices.framework/Versions/A/Frameworks/ColorSync.framework/Versions/A/ColorSync
0x000000004262f000 	/System/Library/Frameworks/ApplicationServices.framework/Versions/A/Frameworks/HIServices.framework/Versions/A/HIServices
0x000000004262f000 	/System/Library/Frameworks/ApplicationServices.framework/Versions/A/Frameworks/LangAnalysis.framework/Versions/A/LangAnalysis
0x000000004262f000 	/System/Library/Frameworks/ApplicationServices.framework/Versions/A/Frameworks/PrintCore.framework/Versions/A/PrintCore
0x000000004262f000 	/System/Library/Frameworks/ApplicationServices.framework/Versions/A/Frameworks/QD.framework/Versions/A/QD
0x000000004262f000 	/System/Library/Frameworks/ApplicationServices.framework/Versions/A/Frameworks/SpeechSynthesis.framework/Versions/A/SpeechSynthesis
0x000000004262f000 	/System/Library/Frameworks/Accelerate.framework/Versions/A/Frameworks/vImage.framework/Versions/A/vImage
0x000000004262f000 	/System/Library/Frameworks/Accelerate.framework/Versions/A/Frameworks/vecLib.framework/Versions/A/vecLib
0x000000004262f000 	/System/Library/Frameworks/Accelerate.framework/Versions/A/Frameworks/vecLib.framework/Versions/A/libvDSP.dylib
0x000000004262f000 	/System/Library/Frameworks/Accelerate.framework/Versions/A/Frameworks/vecLib.framework/Versions/A/libBNNS.dylib
0x000000004262f000 	/System/Library/Frameworks/Accelerate.framework/Versions/A/Frameworks/vecLib.framework/Versions/A/libQuadrature.dylib
0x000000004262f000 	/System/Library/Frameworks/Accelerate.framework/Versions/A/Frameworks/vecLib.framework/Versions/A/libvMisc.dylib
0x000000004262f000 	/System/Library/Frameworks/Accelerate.framework/Versions/A/Frameworks/vecLib.framework/Versions/A/libLAPACK.dylib
0x000000004262f000 	/System/Library/Frameworks/Accelerate.framework/Versions/A/Frameworks/vecLib.framework/Versions/A/libBLAS.dylib
0x000000004262f000 	/System/Library/Frameworks/Accelerate.framework/Versions/A/Frameworks/vecLib.framework/Versions/A/libLinearAlgebra.dylib
0x000000004262f000 	/System/Library/Frameworks/Accelerate.framework/Versions/A/Frameworks/vecLib.framework/Versions/A/libSparseBLAS.dylib
0x000000004262f000 	/System/Library/Frameworks/ApplicationServices.framework/Versions/A/Frameworks/ATS.framework/Versions/A/Resources/libFontParser.dylib
0x000000004262f000 	/System/Library/Frameworks/ApplicationServices.framework/Versions/A/Frameworks/ATS.framework/Versions/A/Resources/libFontRegistry.dylib
0x000000004262f000 	/System/Library/Frameworks/ImageIO.framework/Versions/A/Resources/libJPEG.dylib
0x000000004262f000 	/System/Library/Frameworks/ImageIO.framework/Versions/A/Resources/libTIFF.dylib
0x000000004262f000 	/System/Library/Frameworks/ImageIO.framework/Versions/A/Resources/libPng.dylib
0x000000004262f000 	/System/Library/Frameworks/ImageIO.framework/Versions/A/Resources/libGIF.dylib
0x000000004262f000 	/System/Library/Frameworks/ImageIO.framework/Versions/A/Resources/libJP2.dylib
0x000000004262f000 	/System/Library/Frameworks/ImageIO.framework/Versions/A/Resources/libRadiance.dylib
0x000000004262f000 	/usr/lib/libcompression.dylib
0x000000004262f000 	/System/Library/PrivateFrameworks/AppleJPEG.framework/Versions/A/AppleJPEG
0x000000004262f000 	/usr/lib/libcups.2.dylib
0x000000004262f000 	/System/Library/Frameworks/Kerberos.framework/Versions/A/Kerberos
0x000000004262f000 	/System/Library/Frameworks/GSS.framework/Versions/A/GSS
0x000000004262f000 	/usr/lib/libresolv.9.dylib
0x000000004262f000 	/usr/lib/libiconv.2.dylib
0x000000004262f000 	/System/Library/PrivateFrameworks/Heimdal.framework/Versions/A/Heimdal
0x000000004262f000 	/usr/lib/libheimdal-asn1.dylib
0x000000004262f000 	/System/Library/Frameworks/OpenDirectory.framework/Versions/A/OpenDirectory
0x000000004262f000 	/System/Library/PrivateFrameworks/CommonAuth.framework/Versions/A/CommonAuth
0x000000004262f000 	/System/Library/Frameworks/OpenDirectory.framework/Versions/A/Frameworks/CFOpenDirectory.framework/Versions/A/CFOpenDirectory
0x000000004262f000 	/System/Library/Frameworks/SecurityFoundation.framework/Versions/A/SecurityFoundation
0x000000004262f000 	/System/Library/PrivateFrameworks/LanguageModeling.framework/Versions/A/LanguageModeling
0x000000004262f000 	/usr/lib/libmarisa.dylib
0x000000004262f000 	/usr/lib/libChineseTokenizer.dylib
0x000000004262f000 	/usr/lib/libcmph.dylib
0x000000004262f000 	/System/Library/PrivateFrameworks/CoreEmoji.framework/Versions/A/CoreEmoji
0x000000004262f000 	/System/Library/Frameworks/ServiceManagement.framework/Versions/A/ServiceManagement
0x000000004262f000 	/usr/lib/libxslt.1.dylib
0x000000004262f000 	/System/Library/Frameworks/Carbon.framework/Versions/A/Frameworks/Ink.framework/Versions/A/Ink
0x000000004262f000 	/System/Library/PrivateFrameworks/TextureIO.framework/Versions/A/TextureIO
0x000000004262f000 	/System/Library/Frameworks/Metal.framework/Versions/A/Metal
0x000000004262f000 	/usr/lib/libate.dylib
0x000000004262f000 	/System/Library/PrivateFrameworks/GPUCompiler.framework/libmetal_timestamp.dylib
0x000000004262f000 	/System/Library/Frameworks/OpenGL.framework/Versions/A/Libraries/libCoreFSCache.dylib
0x000000004262f000 	/System/Library/PrivateFrameworks/IOAccelerator.framework/Versions/A/IOAccelerator
0x000000004262f000 	/System/Library/Frameworks/CoreVideo.framework/Versions/A/CoreVideo
0x000000004262f000 	/usr/lib/libFosl_dynamic.dylib
0x000000004262f000 	/System/Library/PrivateFrameworks/MetalPerformanceShaders.framework/Versions/A/MetalPerformanceShaders
0x000000004262f000 	/System/Library/PrivateFrameworks/FaceCore.framework/Versions/A/FaceCore
0x000000004262f000 	/System/Library/Frameworks/OpenCL.framework/Versions/A/OpenCL
0x000000004262f000 	/System/Library/Frameworks/OpenGL.framework/Versions/A/Libraries/libGLU.dylib
0x000000004262f000 	/System/Library/Frameworks/OpenGL.framework/Versions/A/Libraries/libGFXShared.dylib
0x000000004262f000 	/System/Library/Frameworks/OpenGL.framework/Versions/A/Libraries/libGL.dylib
0x000000004262f000 	/System/Library/Frameworks/OpenGL.framework/Versions/A/Libraries/libGLImage.dylib
0x000000004262f000 	/System/Library/Frameworks/OpenGL.framework/Versions/A/Libraries/libCVMSPluginSupport.dylib
0x000000004262f000 	/System/Library/Frameworks/OpenGL.framework/Versions/A/Libraries/libCoreVMClient.dylib
0x000000004262f000 	/System/Library/PrivateFrameworks/CrashReporterSupport.framework/Versions/A/CrashReporterSupport
0x000000004262f000 	/System/Library/PrivateFrameworks/Sharing.framework/Versions/A/Sharing
0x000000004262f000 	/System/Library/PrivateFrameworks/IconServices.framework/Versions/A/IconServices
0x000000004262f000 	/System/Library/PrivateFrameworks/ProtocolBuffer.framework/Versions/A/ProtocolBuffer
0x000000004262f000 	/System/Library/PrivateFrameworks/Apple80211.framework/Versions/A/Apple80211
0x000000004262f000 	/System/Library/Frameworks/CoreWLAN.framework/Versions/A/CoreWLAN
0x000000004262f000 	/System/Library/PrivateFrameworks/CoreUtils.framework/Versions/A/CoreUtils
0x000000004262f000 	/System/Library/Frameworks/IOBluetooth.framework/Versions/A/IOBluetooth
0x000000004262f000 	/System/Library/PrivateFrameworks/CoreWiFi.framework/Versions/A/CoreWiFi
0x000000004262f000 	/System/Library/Frameworks/CoreBluetooth.framework/Versions/A/CoreBluetooth
0x000000004262f000 	/System/Library/Frameworks/CoreDisplay.framework/Versions/A/CoreDisplay
0x000000004262f000 	/System/Library/PrivateFrameworks/IOPresentment.framework/Versions/A/IOPresentment
0x000000004262f000 	/System/Library/PrivateFrameworks/DSExternalDisplay.framework/Versions/A/DSExternalDisplay
0x000000004262f000 	/System/Library/PrivateFrameworks/DebugSymbols.framework/Versions/A/DebugSymbols
0x000000004262f000 	/System/Library/PrivateFrameworks/CoreSymbolication.framework/Versions/A/CoreSymbolication
0x000000004262f000 	/System/Library/PrivateFrameworks/Symbolication.framework/Versions/A/Symbolication
0x000000004262f000 	/System/Library/PrivateFrameworks/AppleFSCompression.framework/Versions/A/AppleFSCompression
0x000000004262f000 	/System/Library/PrivateFrameworks/SpeechRecognitionCore.framework/Versions/A/SpeechRecognitionCore
0x000000004262f000 	/System/Library/PrivateFrameworks/ChunkingLibrary.framework/Versions/A/ChunkingLibrary
0x0000000103600000 	/Library/Java/JavaVirtualMachines/jdk1.8.0_65.jdk/Contents/Home/jre/lib/server/libjvm.dylib
0x000000004262f000 	/usr/lib/libstdc++.6.dylib
0x0000000104589000 	/Library/Java/JavaVirtualMachines/jdk1.8.0_65.jdk/Contents/Home/jre/lib/libverify.dylib
0x0000000104597000 	/Library/Java/JavaVirtualMachines/jdk1.8.0_65.jdk/Contents/Home/jre/lib/libjava.dylib
0x00000001045cc000 	/Library/Java/JavaVirtualMachines/jdk1.8.0_65.jdk/Contents/Home/jre/lib/libinstrument.dylib
0x0000000104628000 	/Library/Java/JavaVirtualMachines/jdk1.8.0_65.jdk/Contents/Home/jre/lib/libzip.dylib
0x000000011f761000 	/System/Library/Frameworks/JavaVM.framework/Frameworks/JavaRuntimeSupport.framework/JavaRuntimeSupport
0x000000010e33e000 	/System/Library/Frameworks/JavaVM.framework/Versions/A/Frameworks/JavaNativeFoundation.framework/Versions/A/JavaNativeFoundation
0x000000011f77b000 	/System/Library/Frameworks/JavaVM.framework/Versions/A/JavaVM
0x000000004262f000 	/System/Library/Frameworks/Carbon.framework/Versions/A/Carbon
0x000000011f788000 	/System/Library/PrivateFrameworks/JavaLaunching.framework/Versions/A/JavaLaunching
0x000000004262f000 	/System/Library/Frameworks/Carbon.framework/Versions/A/Frameworks/CommonPanels.framework/Versions/A/CommonPanels
0x000000004262f000 	/System/Library/Frameworks/Carbon.framework/Versions/A/Frameworks/Help.framework/Versions/A/Help
0x000000004262f000 	/System/Library/Frameworks/Carbon.framework/Versions/A/Frameworks/ImageCapture.framework/Versions/A/ImageCapture
0x000000004262f000 	/System/Library/Frameworks/Carbon.framework/Versions/A/Frameworks/OpenScripting.framework/Versions/A/OpenScripting
0x000000004262f000 	/System/Library/Frameworks/Carbon.framework/Versions/A/Frameworks/Print.framework/Versions/A/Print
0x000000004262f000 	/System/Library/Frameworks/Carbon.framework/Versions/A/Frameworks/SecurityHI.framework/Versions/A/SecurityHI
0x0000000121431000 	/Library/Java/JavaVirtualMachines/jdk1.8.0_65.jdk/Contents/Home/jre/lib/libnet.dylib
0x0000000121526000 	/Library/Java/JavaVirtualMachines/jdk1.8.0_65.jdk/Contents/Home/jre/lib/libprism_es2.dylib
0x000000004262f000 	/System/Library/Frameworks/OpenGL.framework/Versions/A/Resources/GLEngine.bundle/GLEngine
0x000000004262f000 	/System/Library/Frameworks/OpenGL.framework/Versions/A/Libraries/libGLProgrammability.dylib
0x000000012158c000 	/System/Library/Extensions/AppleIntelHD4000GraphicsGLDriver.bundle/Contents/MacOS/AppleIntelHD4000GraphicsGLDriver
0x000000004262f000 	/System/Library/PrivateFrameworks/GPUSupport.framework/Versions/A/Libraries/libGPUSupportMercury.dylib
0x000000004262f000 	/System/Library/Extensions/GeForceGLDriver.bundle/Contents/MacOS/GeForceGLDriver
0x000000004262f000 	/System/Library/Extensions/GeForceGLDriver.bundle/Contents/MacOS/libclh.dylib
0x000000004262f000 	/System/Library/Frameworks/OpenGL.framework/Versions/A/Resources/GLRendererFloat.bundle/GLRendererFloat
0x000000004262f000 	/System/Library/Frameworks/OpenCL.framework/Versions/A/Libraries/libcldcpuengine.dylib
0x000000004262f000 	/usr/lib/libcrypto.0.9.8.dylib
0x000000004262f000 	/System/Library/PrivateFrameworks/TrustEvaluationAgent.framework/Versions/A/TrustEvaluationAgent
0x0000000121e06000 	/Library/Java/JavaVirtualMachines/jdk1.8.0_65.jdk/Contents/Home/jre/lib/libglass.dylib
0x000000004262f000 	/System/Library/PrivateFrameworks/CoreServicesInternal.framework/Versions/A/CoreServicesInternal
0x000000004262f000 	/System/Library/CoreServices/RawCamera.bundle/Contents/MacOS/RawCamera
0x000000004262f000 	/System/Library/Frameworks/Accelerate.framework/Versions/A/Frameworks/vImage.framework/Versions/A/Libraries/libCGInterfaces.dylib
0x000000004262f000 	/System/Library/PrivateFrameworks/FamilyControls.framework/Versions/A/FamilyControls
0x000000004262f000 	/System/Library/PrivateFrameworks/CommerceKit.framework/Versions/A/Frameworks/CommerceCore.framework/Versions/A/CommerceCore
0x000000004262f000 	/System/Library/PrivateFrameworks/SystemAdministration.framework/Versions/A/SystemAdministration
0x000000004262f000 	/System/Library/PrivateFrameworks/AppContainer.framework/Versions/A/AppContainer
0x000000004262f000 	/System/Library/PrivateFrameworks/SecCodeWrapper.framework/Versions/A/SecCodeWrapper
0x000000004262f000 	/System/Library/Frameworks/DirectoryService.framework/Versions/A/DirectoryService
0x000000004262f000 	/System/Library/PrivateFrameworks/DiskImages.framework/Versions/A/DiskImages
0x000000004262f000 	/System/Library/PrivateFrameworks/LoginUIKit.framework/Versions/A/Frameworks/LoginUICore.framework/Versions/A/LoginUICore
0x000000004262f000 	/usr/lib/libCoreStorage.dylib
0x000000004262f000 	/usr/lib/libcsfde.dylib
0x000000004262f000 	/usr/lib/libodfde.dylib
0x000000004262f000 	/System/Library/Frameworks/DiscRecording.framework/Versions/A/DiscRecording
0x000000004262f000 	/usr/lib/libcurl.4.dylib
0x000000004262f000 	/System/Library/PrivateFrameworks/MediaKit.framework/Versions/A/MediaKit
0x000000004262f000 	/System/Library/PrivateFrameworks/ProtectedCloudStorage.framework/Versions/A/ProtectedCloudStorage
0x000000004262f000 	/System/Library/PrivateFrameworks/EFILogin.framework/Versions/A/EFILogin
0x000000004262f000 	/usr/lib/libutil.dylib
0x000000004262f000 	/System/Library/Frameworks/LDAP.framework/Versions/A/LDAP
0x000000004262f000 	/usr/lib/libsasl2.2.dylib
0x000000004262f000 	/System/Library/PrivateFrameworks/CoreDaemon.framework/Versions/B/CoreDaemon
0x000000004262f000 	/System/Library/PrivateFrameworks/AppleSRP.framework/Versions/A/AppleSRP
0x000000004262f000 	/System/Library/PrivateFrameworks/APFS.framework/Versions/A/APFS
0x0000000125827000 	/Library/Java/JavaVirtualMachines/jdk1.8.0_65.jdk/Contents/Home/jre/lib/libjavafx_iio.dylib
0x000000004262f000 	/System/Library/Frameworks/ApplicationServices.framework/Versions/A/Frameworks/ATS.framework/Versions/A/Resources/libTrueTypeScaler.dylib
0x000000004262f000 	/System/Library/Extensions/GeForceMTLDriver.bundle/Contents/MacOS/GeForceMTLDriver
0x0000000126868000 	/System/Library/Extensions/AppleIntelHD4000GraphicsMTLDriver.bundle/Contents/MacOS/AppleIntelHD4000GraphicsMTLDriver
0x000000004262f000 	/System/Library/PrivateFrameworks/ViewBridge.framework/Versions/A/ViewBridge
0x000000004262f000 	/System/Library/PrivateFrameworks/XPCService.framework/Versions/A/XPCService
0x000000004262f000 	/System/Library/PrivateFrameworks/AppSandbox.framework/Versions/A/AppSandbox
0x000000004262f000 	/usr/lib/libsandbox.1.dylib
0x000000004262f000 	/usr/lib/libMatch.1.dylib
0x000000012640c000 	/Library/Java/JavaVirtualMachines/jdk1.8.0_65.jdk/Contents/Home/jre/lib/libjavafx_font.dylib
0x00000001275ee000 	/Library/Java/JavaVirtualMachines/jdk1.8.0_65.jdk/Contents/Home/jre/lib/libjfxwebkit.dylib
0x0000000129ab0000 	/Library/Java/JavaVirtualMachines/jdk1.8.0_65.jdk/Contents/Home/jre/lib/libnio.dylib
0x0000000129d80000 	/Library/Java/JavaVirtualMachines/jdk1.8.0_65.jdk/Contents/Home/jre/lib/libglib-lite.dylib
0x0000000129ea1000 	/Library/Java/JavaVirtualMachines/jdk1.8.0_65.jdk/Contents/Home/jre/lib/libgstreamer-lite.dylib
0x000000012a019000 	/Library/Java/JavaVirtualMachines/jdk1.8.0_65.jdk/Contents/Home/jre/lib/libjfxmedia.dylib
0x000000012a054000 	/Library/Java/JavaVirtualMachines/jdk1.8.0_65.jdk/Contents/Home/jre/lib/libjfxmedia_avf.dylib
0x000000004262f000 	/System/Library/Frameworks/AVFoundation.framework/Versions/A/AVFoundation
0x000000004262f000 	/System/Library/Frameworks/CoreMedia.framework/Versions/A/CoreMedia
0x000000004262f000 	/System/Library/Frameworks/MediaToolbox.framework/Versions/A/MediaToolbox
0x000000004262f000 	/System/Library/Frameworks/AVFoundation.framework/Versions/A/Frameworks/AVFAudio.framework/Versions/A/AVFAudio
0x000000004262f000 	/System/Library/Frameworks/VideoToolbox.framework/Versions/A/VideoToolbox
0x000000004262f000 	/System/Library/PrivateFrameworks/IntlPreferences.framework/Versions/A/IntlPreferences
0x000000004262f000 	/System/Library/Frameworks/CoreMediaIO.framework/Versions/A/CoreMediaIO
0x000000004262f000 	/usr/lib/libspindump.dylib
0x000000004262f000 	/usr/lib/libdscsym.dylib
0x000000004262f000 	/System/Library/PrivateFrameworks/CoreAVCHD.framework/Versions/A/CoreAVCHD
0x000000004262f000 	/System/Library/Frameworks/MediaAccessibility.framework/Versions/A/MediaAccessibility
0x000000004262f000 	/System/Library/PrivateFrameworks/Mangrove.framework/Versions/A/Mangrove
0x000000004262f000 	/System/Library/PrivateFrameworks/CoreAUC.framework/Versions/A/CoreAUC
0x000000004262f000 	/System/Library/PrivateFrameworks/AppleVA.framework/Versions/A/AppleVA
0x000000012a089000 	/Library/Java/JavaVirtualMachines/jdk1.8.0_65.jdk/Contents/Home/jre/lib/libjfxmedia_qtkit.dylib
0x000000004262f000 	/System/Library/Frameworks/QTKit.framework/Versions/A/QTKit
0x000000004262f000 	/System/Library/PrivateFrameworks/CoreMediaAuthoring.framework/Versions/A/CoreMediaAuthoring
0x000000012a096000 	/Library/Java/JavaVirtualMachines/jdk1.8.0_65.jdk/Contents/Home/jre/lib/libfxplugins.dylib
0x000000012a0c1000 	/System/Library/Frameworks/VideoDecodeAcceleration.framework/Versions/A/VideoDecodeAcceleration
0x000000012a0c7000 	/System/Library/Extensions/AppleHDA.kext/Contents/PlugIns/AppleHDAHALPlugIn.bundle/Contents/MacOS/AppleHDAHALPlugIn
0x000000012a0d1000 	/Library/Audio/Plug-Ins/HAL/de.access-music.virus_ti.plugin/Contents/MacOS/de.access-music.virus_ti
0x000000012a2b5000 	/System/Library/Components/CoreAudio.component/Contents/MacOS/CoreAudio
0x0000000121b9e000 	/Library/Java/JavaVirtualMachines/jdk1.8.0_65.jdk/Contents/Home/jre/lib/libmanagement.dylib
0x00000001223af000 	/Library/Java/JavaVirtualMachines/jdk1.8.0_65.jdk/Contents/Home/jre/lib/libosx.dylib
0x00000001223bd000 	/Library/Java/JavaVirtualMachines/jdk1.8.0_65.jdk/Contents/Home/jre/lib/./libosxapp.dylib
0x000000004262f000 	/System/Library/Frameworks/ExceptionHandling.framework/Versions/A/ExceptionHandling
0x00000001265ed000 	/Library/Java/JavaVirtualMachines/jdk1.8.0_65.jdk/Contents/Home/jre/lib/libprism_common.dylib
0x000000004262f000 	/System/Library/PrivateFrameworks/AppleGVA.framework/Versions/A/AppleGVA
0x000000013b82c000 	/System/Library/Extensions/AppleIntelHD4000GraphicsVADriver.bundle/Contents/MacOS/AppleIntelHD4000GraphicsVADriver
0x0000000138dec000 	/System/Library/Extensions/GeForceVADriver.bundle/Contents/MacOS/GeForceVADriver
0x000000012246a000 	/System/Library/Extensions/AppleIntelIVBVA.bundle/Contents/MacOS/AppleIntelIVBVA
0x000000013c610000 	/System/Library/Components/AudioCodecs.component/Contents/MacOS/AudioCodecs

VM Arguments:
jvm_args: -javaagent:/Applications/IntelliJ IDEA.app/Contents/lib/idea_rt.jar=63334:/Applications/IntelliJ IDEA.app/Contents/bin -Dfile.encoding=UTF-8 
java_command: mainPackage.Main
java_class_path (initial): /Library/Java/JavaVirtualMachines/jdk1.8.0_65.jdk/Contents/Home/jre/lib/charsets.jar:/Library/Java/JavaVirtualMachines/jdk1.8.0_65.jdk/Contents/Home/jre/lib/deploy.jar:/Library/Java/JavaVirtualMachines/jdk1.8.0_65.jdk/Contents/Home/jre/lib/ext/cldrdata.jar:/Library/Java/JavaVirtualMachines/jdk1.8.0_65.jdk/Contents/Home/jre/lib/ext/dnsns.jar:/Library/Java/JavaVirtualMachines/jdk1.8.0_65.jdk/Contents/Home/jre/lib/ext/jaccess.jar:/Library/Java/JavaVirtualMachines/jdk1.8.0_65.jdk/Contents/Home/jre/lib/ext/jfxrt.jar:/Library/Java/JavaVirtualMachines/jdk1.8.0_65.jdk/Contents/Home/jre/lib/ext/localedata.jar:/Library/Java/JavaVirtualMachines/jdk1.8.0_65.jdk/Contents/Home/jre/lib/ext/nashorn.jar:/Library/Java/JavaVirtualMachines/jdk1.8.0_65.jdk/Contents/Home/jre/lib/ext/sunec.jar:/Library/Java/JavaVirtualMachines/jdk1.8.0_65.jdk/Contents/Home/jre/lib/ext/sunjce_provider.jar:/Library/Java/JavaVirtualMachines/jdk1.8.0_65.jdk/Contents/Home/jre/lib/ext/sunpkcs11.jar:/Library/Java/JavaVirtualMachines/jdk1.8.0_65.jdk/Contents/Home/jre/lib/ext/zipfs.jar:/Library/Java/JavaVirtualMachines/jdk1.8.0_65.jdk/Contents/Home/jre/lib/javaws.jar:/Library/Java/JavaVirtualMachines/jdk1.8.0_65.jdk/Contents/Home/jre/lib/jce.jar:/Library/Java/JavaVirtualMachines/jdk1.8.0_65.jdk/Contents/Home/jre/lib/jfr.jar:/Library/Java/JavaVirtualMachines/jdk1.8.0_65.jdk/Contents/Home/jre/lib/jfxswt.jar:/Library/Java/JavaVirtualMachines/jdk1.8.0_65.jdk/Contents/Home/jre/lib/jsse.jar:/Library/Java/JavaVirtualMachines/jdk1.8.0_65.jdk/Contents/Home/jre/lib/management-agent.jar:/Library/Java/JavaVirtualMachines/jdk1.8.0_65.jdk/Contents/Home/jre/lib/plugin.jar:/Library/Java/JavaVirtualMachines/jdk1.8.0_65.jdk/Contents/Home/jre/lib/resources.jar:/Library/Java/JavaVirtualMachines/jdk1.8.0_65.jdk/Contents/Home/jre/lib/rt.jar:/Library/Java/JavaVirtualMachines/jdk1.8.0_65.jdk/Contents/Home/lib/ant-javafx.jar:/Library/Java/JavaVirtualMachines/jdk1.8.0_65.jdk/Contents/Home/lib/dt.jar:/Library/Ja
Launcher Type: SUN_STANDARD

Environment Variables:
JAVA_HOME=/Library/Java/JavaVirtualMachines/jdk1.8.0_65.jdk/Contents/Home
PATH=/Users/jacobmenke/.cargo/bin:/Users/jacobmenke/.rvm/gems/ruby-2.3.3/bin:/Users/jacobmenke/.rvm/gems/ruby-2.3.3@global/bin:/Users/jacobmenke/.rvm/rubies/ruby-2.3.3/bin:/Library/Frameworks/Python.framework/Versions/3.5/bin:/Users/jacobmenke/Documents/shellScripts:/usr/local/bin:/usr/bin:/bin:/usr/sbin:/sbin:/opt/X11/bin:/Users/jacobmenke/.rvm/bin
SHELL=/usr/local/bin/bash
DISPLAY=/private/tmp/com.apple.launchd.ouBnnH1Myo/org.macosforge.xquartz:0

Signal Handlers:
SIGSEGV: [libjvm.dylib+0x5a6d31], sa_mask[0]=11111111011111110111111111111111, sa_flags=SA_ONSTACK|SA_RESTART|SA_SIGINFO
SIGBUS: [libjvm.dylib+0x5a6d31], sa_mask[0]=11111111011111110111111111111111, sa_flags=SA_RESTART|SA_SIGINFO
SIGFPE: [libjvm.dylib+0x480a40], sa_mask[0]=11111111011111110111111111111111, sa_flags=SA_RESTART|SA_SIGINFO
SIGPIPE: [libjvm.dylib+0x480a40], sa_mask[0]=11111111011111110111111111111111, sa_flags=SA_RESTART|SA_SIGINFO
SIGXFSZ: [libjvm.dylib+0x480a40], sa_mask[0]=11111111011111110111111111111111, sa_flags=SA_RESTART|SA_SIGINFO
SIGILL: [libjvm.dylib+0x480a40], sa_mask[0]=11111111011111110111111111111111, sa_flags=SA_RESTART|SA_SIGINFO
SIGUSR1: SIG_DFL, sa_mask[0]=00000000000000000000000000000000, sa_flags=none
SIGUSR2: [libjvm.dylib+0x48055e], sa_mask[0]=00100000000000000000000000000000, sa_flags=SA_RESTART|SA_SIGINFO
SIGHUP: [libjvm.dylib+0x47eb35], sa_mask[0]=11111111011111110111111111111111, sa_flags=SA_RESTART|SA_SIGINFO
SIGINT: [libjvm.dylib+0x47eb35], sa_mask[0]=11111111011111110111111111111111, sa_flags=SA_RESTART|SA_SIGINFO
SIGTERM: [libjvm.dylib+0x47eb35], sa_mask[0]=11111111011111110111111111111111, sa_flags=SA_RESTART|SA_SIGINFO
SIGQUIT: [libjvm.dylib+0x47eb35], sa_mask[0]=11111111011111110111111111111111, sa_flags=SA_RESTART|SA_SIGINFO


---------------  S Y S T E M  ---------------

OS:Bsduname:Darwin 16.5.0 Darwin Kernel Version 16.5.0: Fri Mar  3 16:52:33 PST 2017; root:xnu-3789.51.2~3/RELEASE_X86_64 x86_64
rlimit: STACK 8192k, CORE 0k, NPROC 709, NOFILE 10240, AS infinity
load average:5.24 4.85 3.56

CPU:total 8 (4 cores per cpu, 2 threads per core) family 6 model 58 stepping 9, cmov, cx8, fxsr, mmx, sse, sse2, sse3, ssse3, sse4.1, sse4.2, popcnt, avx, aes, clmul, erms, ht, tsc, tscinvbit, tscinv

Memory: 4k page, physical 16777216k(3593156k free)

/proc/meminfo:


vm_info: Java HotSpot(TM) 64-Bit Server VM (25.65-b01) for bsd-amd64 JRE (1.8.0_65-b17), built on Oct  6 2015 15:36:46 by "java_re" with gcc 4.2.1 (Based on Apple Inc. build 5658) (LLVM build 2336.11.00)

time: Tue May  9 08:43:07 2017
elapsed time: 109 seconds (0d 0h 1m 49s)

