#
# A fatal error has been detected by the Java Runtime Environment:
#
#  SIGSEGV (0xb) at pc=0x000000010df692de, pid=13760, tid=775
#
# JRE version: Java(TM) SE Runtime Environment (8.0_65-b17) (build 1.8.0_65-b17)
# Java VM: Java HotSpot(TM) 64-Bit Server VM (25.65-b01 mixed mode bsd-amd64 compressed oops)
# Problematic frame:
# V  [libjvm.dylib+0x1692de]  ThreadStateTransition::trans_from_native(JavaThreadState)+0xa
#
# Failed to write core dump. Core dumps have been disabled. To enable core dumping, try "ulimit -c unlimited" before starting Java again
#
# If you would like to submit a bug report, please visit:
#   http://bugreport.java.com/bugreport/crash.jsp
#

---------------  T H R E A D  ---------------

Current thread is native thread

siginfo: si_signo: 11 (SIGSEGV), si_code: 1 (SEGV_MAPERR), si_addr: 0x0000000000000270

Registers:
RAX=0x0000000000000000, RBX=0x0000000000000000, RCX=0x000000000000000f, RDX=0x0000000000000000
RSP=0x00007fff52eca810, RBP=0x00007fff52eca820, RSI=0x0000000000000006, RDI=0x00007fff52eca838
R8 =0x0000000000000002, R9 =0x00000000000af0f2, R10=0x00007fc85d883548, R11=0xffffffff00000000
R12=0x00007fff52eca838, R13=0x000000013c069030, R14=0x00007fc8589171f8, R15=0x0000000000000000
RIP=0x000000010df692de, EFLAGS=0x0000000000010246, ERR=0x0000000000000006
  TRAPNO=0x000000000000000e

Top of Stack: (sp=0x00007fff52eca810)
0x00007fff52eca810:   00007fc854ebe368 00007fc8589171f8
0x00007fff52eca820:   00007fff52eca860 000000010e1110d9
0x00007fff52eca830:   0000000000000000 0000000000000000
0x00007fff52eca840:   00007fc85dc23130 0000000000000000
0x00007fff52eca850:   00007fc85dc23460 00007fc85dc1b190
0x00007fff52eca860:   00007fff52eca870 000000013a0d7f18
0x00007fff52eca870:   00007fff52eca890 000000013a0ddeee
0x00007fff52eca880:   00007fc85dc23460 000000013c069000
0x00007fff52eca890:   00007fff52eca8b0 000000013a0dde7e
0x00007fff52eca8a0:   000000013b66fe90 0000000000000f48
0x00007fff52eca8b0:   00007fff52eca8e0 000000013a0e3834
0x00007fff52eca8c0:   000000013c30fb70 0000000000000f48
0x00007fff52eca8d0:   000000013c069000 000000013c069f18
0x00007fff52eca8e0:   00007fff52eca920 000000013aabeab8
0x00007fff52eca8f0:   0000000000000000 000000013c069000
0x00007fff52eca900:   00007fc85d85bb00 00007fc855341c00
0x00007fff52eca910:   000000013c300448 00000000000002a0
0x00007fff52eca920:   00007fff52eca940 000000013aabef68
0x00007fff52eca930:   000000013c300000 0000000000000000
0x00007fff52eca940:   00007fff52eca960 000000013aaccf59
0x00007fff52eca950:   000000013c300000 00007fc85d85bb00
0x00007fff52eca960:   00007fff52eca9b0 000000013aaca279
0x00007fff52eca970:   00007fff52eca9c0 40cbb066b08da4cc
0x00007fff52eca980:   00007fc855341ea0 0000000000000000
0x00007fff52eca990:   0000000000000000 00007fc855341c18
0x00007fff52eca9a0:   00007fff52eca9d0 00007fc85d883520
0x00007fff52eca9b0:   00007fff52ecaa00 000000013aac9eab
0x00007fff52eca9c0:   00007fc855341c00 00007fc85d8684c0
0x00007fff52eca9d0:   0000000000000000 00007fc85d883520
0x00007fff52eca9e0:   00007fc854c0df40 00007fc85d8826a0
0x00007fff52eca9f0:   00007fc85d8826b8 00007fc854c0e020
0x00007fff52ecaa00:   00007fff52ecaa10 00007fffa46dbde4 

Instructions: (pc=0x000000010df692de)
0x000000010df692be:   0e 48 8b 0b 49 8b 56 18 48 63 c0 48 89 0c c2 5b
0x000000010df692ce:   41 5e 5d c3 90 90 55 48 89 e5 41 56 53 48 8b 1f
0x000000010df692de:   c7 83 70 02 00 00 05 00 00 00 48 8d 05 c9 50 77
0x000000010df692ee:   00 8b 00 83 f8 01 41 89 f6 75 0c 48 8d 0d 06 b8 

Register to memory mapping:

RAX=0x0000000000000000 is an unknown value
RBX=0x0000000000000000 is an unknown value
RCX=0x000000000000000f is an unknown value
RDX=0x0000000000000000 is an unknown value
RSP=0x00007fff52eca810 is an unknown value
RBP=0x00007fff52eca820 is an unknown value
RSI=0x0000000000000006 is an unknown value
RDI=0x00007fff52eca838 is an unknown value
R8 =0x0000000000000002 is an unknown value
R9 =0x00000000000af0f2 is an unknown value
R10=0x00007fc85d883548 is an unknown value
R11=0xffffffff00000000 is an unknown value
R12=0x00007fff52eca838 is an unknown value
R13=0x000000013c069030 is an unknown value
R14=0x00007fc8589171f8 is an unknown value
R15=0x0000000000000000 is an unknown value


Stack: [0x00007fff526d0000,0x00007fff52ed0000],  sp=0x00007fff52eca810,  free space=8170k
Native frames: (J=compiled Java code, j=interpreted, Vv=VM code, C=native code)
V  [libjvm.dylib+0x1692de]  ThreadStateTransition::trans_from_native(JavaThreadState)+0xa
V  [libjvm.dylib+0x3110d9]  jni_DeleteGlobalRef+0x35
C  [libjfxwebkit.dylib+0x4ebf18]  JSC::Bindings::JobjectWrapper::~JobjectWrapper()+0x18
C  [libjfxwebkit.dylib+0x4f1eee]  JSC::Bindings::JavaInstance::~JavaInstance()+0x3e
C  [libjfxwebkit.dylib+0x4f1e7e]  JSC::Bindings::JavaInstance::~JavaInstance()+0xe
C  [libjfxwebkit.dylib+0x4f7834]  JSC::Bindings::RootObject::finalize(JSC::Handle<JSC::Unknown>, void*)+0x24
C  [libjfxwebkit.dylib+0xed2ab8]  JSC::WeakBlock::sweep()+0x68
C  [libjfxwebkit.dylib+0xed2f68]  JSC::WeakSet::sweep()+0x28
C  [libjfxwebkit.dylib+0xee0f59]  JSC::MarkedBlock::sweep(JSC::MarkedBlock::SweepMode)+0x19
C  [libjfxwebkit.dylib+0xede279]  JSC::IncrementalSweeper::doSweep(double)+0x99
C  [libjfxwebkit.dylib+0xeddeab]  JSC::HeapTimer::timerDidFire(__CFRunLoopTimer*, void*)+0xab
C  [CoreFoundation+0x8dde4]  __CFRUNLOOP_IS_CALLING_OUT_TO_A_TIMER_CALLBACK_FUNCTION__+0x14
C  [CoreFoundation+0x8da73]  __CFRunLoopDoTimer+0x433
C  [CoreFoundation+0x8d5ca]  __CFRunLoopDoTimers+0x12a
C  [CoreFoundation+0x84fa1]  __CFRunLoopRun+0x821
C  [CoreFoundation+0x84524]  CFRunLoopRunSpecific+0x1a4
C  [java+0x6463]  CreateExecutionEnvironment+0x367
C  [java+0x21ac]  JLI_Launch+0x7a0
C  [java+0x84c0]  main+0x65
C  [java+0x1a04]  start+0x34


---------------  P R O C E S S  ---------------

VM state:not at safepoint (normal execution)

VM Mutex/Monitor currently owned by a thread: None

Heap:
 PSYoungGen      total 124416K, used 114773K [0x000000076ab00000, 0x0000000779400000, 0x00000007c0000000)
  eden space 113664K, 100% used [0x000000076ab00000,0x0000000771a00000,0x0000000771a00000)
  from space 10752K, 10% used [0x0000000771a00000,0x0000000771b157b0,0x0000000772480000)
  to   space 14336K, 0% used [0x0000000778600000,0x0000000778600000,0x0000000779400000)
 ParOldGen       total 99840K, used 10457K [0x00000006c0000000, 0x00000006c6180000, 0x000000076ab00000)
  object space 99840K, 10% used [0x00000006c0000000,0x00000006c0a364e8,0x00000006c6180000)
 Metaspace       used 24805K, capacity 26100K, committed 26240K, reserved 1071104K
  class space    used 3590K, capacity 3865K, committed 3968K, reserved 1048576K

Card table byte_map: [0x000000010f1a6000,0x000000010f9a7000] byte_map_base: 0x000000010bba6000

Marking Bits: (ParMarkBitMap*) 0x000000010e6dee20
 Begin Bits: [0x000000011fee7000, 0x0000000123ee7000)
 End Bits:   [0x0000000123ee7000, 0x0000000127ee7000)

Polling page: 0x000000010cdf0000

CodeCache: size=245760Kb used=9090Kb max_used=9104Kb free=236669Kb
 bounds [0x0000000110ee7000, 0x00000001117d7000, 0x000000011fee7000]
 total_blobs=3650 nmethods=2901 adapters=661
 compilation: enabled

Compilation events (10 events):
Event: 6.641 Thread 0x00007fc85884d800 2938       2       java.util.regex.Matcher::find (69 bytes)
Event: 6.641 Thread 0x00007fc85795a800 nmethod 2927 0x00000001117bd290 code [0x00000001117bd420, 0x00000001117bd748]
Event: 6.641 Thread 0x00007fc85795a800 2932       4       java.util.HashMap::putVal (300 bytes)
Event: 6.641 Thread 0x00007fc85884d800 nmethod 2938 0x00000001117c8210 code [0x00000001117c8380, 0x00000001117c85a8]
Event: 6.641 Thread 0x00007fc85884d800 2935       3       java.math.BigInteger::trustedStripLeadingZeroInts (37 bytes)
Event: 6.641 Thread 0x00007fc85884d800 nmethod 2935 0x00000001117c7cd0 code [0x00000001117c7e60, 0x00000001117c8108]
Event: 6.641 Thread 0x00007fc85884d800 2937       3       sun.security.ec.CurveDB::bi (11 bytes)
Event: 6.642 Thread 0x00007fc85884d800 nmethod 2937 0x00000001117c78d0 code [0x00000001117c7a40, 0x00000001117c7c08]
Event: 6.642 Thread 0x00007fc85884d800 2940       3       java.util.HashMap::<init> (98 bytes)
Event: 6.643 Thread 0x00007fc85884d800 nmethod 2940 0x00000001117c1550 code [0x00000001117c1800, 0x00000001117c2b18]

GC Heap History (10 events):
Event: 5.330 GC heap before
{Heap before GC invocations=2 (full 0):
 PSYoungGen      total 76288K, used 45268K [0x000000076ab00000, 0x0000000770000000, 0x00000007c0000000)
  eden space 65536K, 52% used [0x000000076ab00000,0x000000076ccb9cb0,0x000000076eb00000)
  from space 10752K, 99% used [0x000000076eb00000,0x000000076f57b4d0,0x000000076f580000)
  to   space 10752K, 0% used [0x000000076f580000,0x000000076f580000,0x0000000770000000)
 ParOldGen       total 175104K, used 88K [0x00000006c0000000, 0x00000006cab00000, 0x000000076ab00000)
  object space 175104K, 0% used [0x00000006c0000000,0x00000006c0016010,0x00000006cab00000)
 Metaspace       used 20200K, capacity 21112K, committed 21248K, reserved 1067008K
  class space    used 2989K, capacity 3237K, committed 3328K, reserved 1048576K
Event: 5.338 GC heap after
Heap after GC invocations=2 (full 0):
 PSYoungGen      total 76288K, used 10541K [0x000000076ab00000, 0x0000000774000000, 0x00000007c0000000)
  eden space 65536K, 0% used [0x000000076ab00000,0x000000076ab00000,0x000000076eb00000)
  from space 10752K, 98% used [0x000000076f580000,0x000000076ffcb4a0,0x0000000770000000)
  to   space 10752K, 0% used [0x000000076eb00000,0x000000076eb00000,0x000000076f580000)
 ParOldGen       total 175104K, used 2144K [0x00000006c0000000, 0x00000006cab00000, 0x000000076ab00000)
  object space 175104K, 1% used [0x00000006c0000000,0x00000006c0218020,0x00000006cab00000)
 Metaspace       used 20200K, capacity 21112K, committed 21248K, reserved 1067008K
  class space    used 2989K, capacity 3237K, committed 3328K, reserved 1048576K
}
Event: 5.338 GC heap before
{Heap before GC invocations=3 (full 1):
 PSYoungGen      total 76288K, used 10541K [0x000000076ab00000, 0x0000000774000000, 0x00000007c0000000)
  eden space 65536K, 0% used [0x000000076ab00000,0x000000076ab00000,0x000000076eb00000)
  from space 10752K, 98% used [0x000000076f580000,0x000000076ffcb4a0,0x0000000770000000)
  to   space 10752K, 0% used [0x000000076eb00000,0x000000076eb00000,0x000000076f580000)
 ParOldGen       total 175104K, used 2144K [0x00000006c0000000, 0x00000006cab00000, 0x000000076ab00000)
  object space 175104K, 1% used [0x00000006c0000000,0x00000006c0218020,0x00000006cab00000)
 Metaspace       used 20200K, capacity 21112K, committed 21248K, reserved 1067008K
  class space    used 2989K, capacity 3237K, committed 3328K, reserved 1048576K
Event: 5.369 GC heap after
Heap after GC invocations=3 (full 1):
 PSYoungGen      total 76288K, used 0K [0x000000076ab00000, 0x0000000774000000, 0x00000007c0000000)
  eden space 65536K, 0% used [0x000000076ab00000,0x000000076ab00000,0x000000076eb00000)
  from space 10752K, 0% used [0x000000076f580000,0x000000076f580000,0x0000000770000000)
  to   space 10752K, 0% used [0x000000076eb00000,0x000000076eb00000,0x000000076f580000)
 ParOldGen       total 99840K, used 10449K [0x00000006c0000000, 0x00000006c6180000, 0x000000076ab00000)
  object space 99840K, 10% used [0x00000006c0000000,0x00000006c0a344e8,0x00000006c6180000)
 Metaspace       used 20200K, capacity 21112K, committed 21248K, reserved 1067008K
  class space    used 2989K, capacity 3237K, committed 3328K, reserved 1048576K
}
Event: 5.514 GC heap before
{Heap before GC invocations=4 (full 1):
 PSYoungGen      total 76288K, used 65519K [0x000000076ab00000, 0x0000000774000000, 0x00000007c0000000)
  eden space 65536K, 99% used [0x000000076ab00000,0x000000076eafbcf0,0x000000076eb00000)
  from space 10752K, 0% used [0x000000076f580000,0x000000076f580000,0x0000000770000000)
  to   space 10752K, 0% used [0x000000076eb00000,0x000000076eb00000,0x000000076f580000)
 ParOldGen       total 99840K, used 10449K [0x00000006c0000000, 0x00000006c6180000, 0x000000076ab00000)
  object space 99840K, 10% used [0x00000006c0000000,0x00000006c0a344e8,0x00000006c6180000)
 Metaspace       used 20933K, capacity 21912K, committed 22016K, reserved 1069056K
  class space    used 3072K, capacity 3311K, committed 3328K, reserved 1048576K
Event: 5.518 GC heap after
Heap after GC invocations=4 (full 1):
 PSYoungGen      total 76288K, used 869K [0x000000076ab00000, 0x0000000772f00000, 0x00000007c0000000)
  eden space 65536K, 0% used [0x000000076ab00000,0x000000076ab00000,0x000000076eb00000)
  from space 10752K, 8% used [0x000000076eb00000,0x000000076ebd9510,0x000000076f580000)
  to   space 10752K, 0% used [0x0000000772480000,0x0000000772480000,0x0000000772f00000)
 ParOldGen       total 99840K, used 10457K [0x00000006c0000000, 0x00000006c6180000, 0x000000076ab00000)
  object space 99840K, 10% used [0x00000006c0000000,0x00000006c0a364e8,0x00000006c6180000)
 Metaspace       used 20933K, capacity 21912K, committed 22016K, reserved 1069056K
  class space    used 3072K, capacity 3311K, committed 3328K, reserved 1048576K
}
Event: 5.532 GC heap before
{Heap before GC invocations=5 (full 1):
 PSYoungGen      total 76288K, used 66296K [0x000000076ab00000, 0x0000000772f00000, 0x00000007c0000000)
  eden space 65536K, 99% used [0x000000076ab00000,0x000000076eae4b38,0x000000076eb00000)
  from space 10752K, 8% used [0x000000076eb00000,0x000000076ebd9510,0x000000076f580000)
  to   space 10752K, 0% used [0x0000000772480000,0x0000000772480000,0x0000000772f00000)
 ParOldGen       total 99840K, used 10457K [0x00000006c0000000, 0x00000006c6180000, 0x000000076ab00000)
  object space 99840K, 10% used [0x00000006c0000000,0x00000006c0a364e8,0x00000006c6180000)
 Metaspace       used 20933K, capacity 21912K, committed 22016K, reserved 1069056K
  class space    used 3072K, capacity 3311K, committed 3328K, reserved 1048576K
Event: 5.533 GC heap after
Heap after GC invocations=5 (full 1):
 PSYoungGen      total 124416K, used 936K [0x000000076ab00000, 0x0000000773600000, 0x00000007c0000000)
  eden space 113664K, 0% used [0x000000076ab00000,0x000000076ab00000,0x0000000771a00000)
  from space 10752K, 8% used [0x0000000772480000,0x000000077256a1a8,0x0000000772f00000)
  to   space 10752K, 0% used [0x0000000771a00000,0x0000000771a00000,0x0000000772480000)
 ParOldGen       total 99840K, used 10457K [0x00000006c0000000, 0x00000006c6180000, 0x000000076ab00000)
  object space 99840K, 10% used [0x00000006c0000000,0x00000006c0a364e8,0x00000006c6180000)
 Metaspace       used 20933K, capacity 21912K, committed 22016K, reserved 1069056K
  class space    used 3072K, capacity 3311K, committed 3328K, reserved 1048576K
}
Event: 5.564 GC heap before
{Heap before GC invocations=6 (full 1):
 PSYoungGen      total 124416K, used 114591K [0x000000076ab00000, 0x0000000773600000, 0x00000007c0000000)
  eden space 113664K, 99% used [0x000000076ab00000,0x00000007719fdaf8,0x0000000771a00000)
  from space 10752K, 8% used [0x0000000772480000,0x000000077256a1a8,0x0000000772f00000)
  to   space 10752K, 0% used [0x0000000771a00000,0x0000000771a00000,0x0000000772480000)
 ParOldGen       total 99840K, used 10457K [0x00000006c0000000, 0x00000006c6180000, 0x000000076ab00000)
  object space 99840K, 10% used [0x00000006c0000000,0x00000006c0a364e8,0x00000006c6180000)
 Metaspace       used 20933K, capacity 21912K, committed 22016K, reserved 1069056K
  class space    used 3072K, capacity 3311K, committed 3328K, reserved 1048576K
Event: 5.565 GC heap after
Heap after GC invocations=6 (full 1):
 PSYoungGen      total 124416K, used 1109K [0x000000076ab00000, 0x0000000779400000, 0x00000007c0000000)
  eden space 113664K, 0% used [0x000000076ab00000,0x000000076ab00000,0x0000000771a00000)
  from space 10752K, 10% used [0x0000000771a00000,0x0000000771b157b0,0x0000000772480000)
  to   space 14336K, 0% used [0x0000000778600000,0x0000000778600000,0x0000000779400000)
 ParOldGen       total 99840K, used 10457K [0x00000006c0000000, 0x00000006c6180000, 0x000000076ab00000)
  object space 99840K, 10% used [0x00000006c0000000,0x00000006c0a364e8,0x00000006c6180000)
 Metaspace       used 20933K, capacity 21912K, committed 22016K, reserved 1069056K
  class space    used 3072K, capacity 3311K, committed 3328K, reserved 1048576K
}

Deoptimization events (10 events):
Event: 6.483 Thread 0x00007fc858917000 Uncommon trap: reason=class_check action=maybe_recompile pc=0x00000001115865fc method=java.util.regex.Pattern$Start.match(Ljava/util/regex/Matcher;ILjava/lang/CharSequence;)Z @ 44
Event: 6.483 Thread 0x00007fc858917000 Uncommon trap: reason=class_check action=maybe_recompile pc=0x0000000111561940 method=java.util.regex.Pattern$Start.match(Ljava/util/regex/Matcher;ILjava/lang/CharSequence;)Z @ 44
Event: 6.548 Thread 0x00007fc858917000 Uncommon trap: reason=unstable_if action=reinterpret pc=0x00000001116da490 method=java.util.concurrent.locks.AbstractQueuedSynchronizer.doReleaseShared()V @ 6
Event: 6.613 Thread 0x00007fc855970800 Uncommon trap: reason=range_check action=make_not_entrant pc=0x00000001110ef874 method=sun.nio.fs.UnixDirectoryStream$UnixDirectoryIterator.isSelfOrParent([B)Z @ 2
Event: 6.620 Thread 0x00007fc8589ed000 Uncommon trap: reason=unstable_if action=reinterpret pc=0x00000001116ef544 method=java.io.UnixFileSystem.resolve(Ljava/io/File;)Ljava/lang/String; @ 5
Event: 6.633 Thread 0x00007fc8589ed000 Uncommon trap: reason=unstable_if action=reinterpret pc=0x0000000111641624 method=java.lang.String.trim()Ljava/lang/String; @ 44
Event: 6.633 Thread 0x00007fc8589ed000 Uncommon trap: reason=bimorphic action=maybe_recompile pc=0x000000011165153c method=java.util.HashMap.putVal(ILjava/lang/Object;Ljava/lang/Object;ZZ)Ljava/lang/Object; @ 203
Event: 6.633 Thread 0x00007fc8589ed000 Uncommon trap: reason=bimorphic action=maybe_recompile pc=0x000000011165153c method=java.util.HashMap.putVal(ILjava/lang/Object;Ljava/lang/Object;ZZ)Ljava/lang/Object; @ 203
Event: 6.633 Thread 0x00007fc8589ed000 Uncommon trap: reason=bimorphic action=maybe_recompile pc=0x000000011165153c method=java.util.HashMap.putVal(ILjava/lang/Object;Ljava/lang/Object;ZZ)Ljava/lang/Object; @ 203
Event: 6.637 Thread 0x00007fc8589ed000 Uncommon trap: reason=bimorphic action=maybe_recompile pc=0x000000011165153c method=java.util.HashMap.putVal(ILjava/lang/Object;Ljava/lang/Object;ZZ)Ljava/lang/Object; @ 203

Internal exceptions (10 events):
Event: 5.185 Thread 0x00007fc858917000 Exception <a 'java/lang/ArrayIndexOutOfBoundsException'> (0x000000076c357500) thrown at [/Users/java_re/workspace/8-2-build-macosx-x86_64/jdk8u65/4987/hotspot/src/share/vm/runtime/sharedRuntime.cpp, line 605]
Event: 5.192 Thread 0x00007fc858917000 Exception <a 'java/lang/ArrayIndexOutOfBoundsException'> (0x000000076c4ca5f8) thrown at [/Users/java_re/workspace/8-2-build-macosx-x86_64/jdk8u65/4987/hotspot/src/share/vm/runtime/sharedRuntime.cpp, line 605]
Event: 5.261 Thread 0x00007fc858917000 Exception <a 'sun/nio/fs/UnixException'> (0x000000076c981380) thrown at [/Users/java_re/workspace/8-2-build-macosx-x86_64/jdk8u65/4987/hotspot/src/share/vm/prims/jni.cpp, line 709]
Event: 5.263 Thread 0x00007fc858917000 Exception <a 'sun/nio/fs/UnixException'> (0x000000076c986820) thrown at [/Users/java_re/workspace/8-2-build-macosx-x86_64/jdk8u65/4987/hotspot/src/share/vm/prims/jni.cpp, line 709]
Event: 5.282 Thread 0x00007fc858917000 Implicit null exception at 0x0000000111180ff5 to 0x0000000111181361
Event: 5.299 Thread 0x00007fc858917000 Exception <a 'sun/nio/fs/UnixException'> (0x000000076ca55e60) thrown at [/Users/java_re/workspace/8-2-build-macosx-x86_64/jdk8u65/4987/hotspot/src/share/vm/prims/jni.cpp, line 709]
Event: 5.300 Thread 0x00007fc858917000 Exception <a 'sun/nio/fs/UnixException'> (0x000000076ca57238) thrown at [/Users/java_re/workspace/8-2-build-macosx-x86_64/jdk8u65/4987/hotspot/src/share/vm/prims/jni.cpp, line 709]
Event: 5.300 Thread 0x00007fc858917000 Implicit null exception at 0x0000000111103df5 to 0x0000000111104179
Event: 5.401 Thread 0x00007fc858917000 Exception <a 'java/lang/NullPointerException'> (0x000000076ab9f538) thrown at [/Users/java_re/workspace/8-2-build-macosx-x86_64/jdk8u65/4987/hotspot/src/share/vm/interpreter/linkResolver.cpp, line 1280]
Event: 6.489 Thread 0x00007fc858917000 Exception <a 'java/lang/ArrayIndexOutOfBoundsException': 3> (0x000000077048dec8) thrown at [/Users/java_re/workspace/8-2-build-macosx-x86_64/jdk8u65/4987/hotspot/src/share/vm/interpreter/interpreterRuntime.cpp, line 366]

Events (10 events):
Event: 6.647 loading class java/security/AlgorithmConstraints
Event: 6.647 loading class java/security/AlgorithmConstraints done
Event: 6.647 loading class sun/security/ssl/SSLAlgorithmConstraints done
Event: 6.647 loading class sun/security/util/DisabledAlgorithmConstraints
Event: 6.648 loading class sun/security/util/AbstractAlgorithmConstraints
Event: 6.648 loading class sun/security/util/AbstractAlgorithmConstraints done
Event: 6.648 loading class sun/security/util/DisabledAlgorithmConstraints done
Event: 6.648 loading class sun/security/ssl/SSLAlgorithmDecomposer
Event: 6.648 loading class sun/security/util/AlgorithmDecomposer
Event: 6.649 loading class sun/security/util/AlgorithmDecomposer done


Dynamic libraries:
0x000000002f177000 	/System/Library/Frameworks/Cocoa.framework/Versions/A/Cocoa
0x000000002f177000 	/System/Library/Frameworks/Security.framework/Versions/A/Security
0x000000002f177000 	/System/Library/Frameworks/ApplicationServices.framework/Versions/A/ApplicationServices
0x000000002f177000 	/usr/lib/libz.1.dylib
0x000000002f177000 	/usr/lib/libSystem.B.dylib
0x000000002f177000 	/usr/lib/libobjc.A.dylib
0x000000002f177000 	/System/Library/Frameworks/CoreFoundation.framework/Versions/A/CoreFoundation
0x000000002f177000 	/System/Library/Frameworks/Foundation.framework/Versions/C/Foundation
0x000000002f177000 	/System/Library/Frameworks/AppKit.framework/Versions/C/AppKit
0x000000002f177000 	/System/Library/Frameworks/CoreData.framework/Versions/A/CoreData
0x000000002f177000 	/System/Library/PrivateFrameworks/RemoteViewServices.framework/Versions/A/RemoteViewServices
0x000000002f177000 	/System/Library/PrivateFrameworks/UIFoundation.framework/Versions/A/UIFoundation
0x000000002f177000 	/System/Library/PrivateFrameworks/DFRFoundation.framework/Versions/A/DFRFoundation
0x000000002f177000 	/usr/lib/libenergytrace.dylib
0x000000002f177000 	/System/Library/PrivateFrameworks/SkyLight.framework/Versions/A/SkyLight
0x000000002f177000 	/System/Library/Frameworks/CoreGraphics.framework/Versions/A/CoreGraphics
0x000000002f177000 	/usr/lib/libScreenReader.dylib
0x000000002f177000 	/System/Library/Frameworks/Accelerate.framework/Versions/A/Accelerate
0x000000002f177000 	/System/Library/Frameworks/IOSurface.framework/Versions/A/IOSurface
0x000000002f177000 	/System/Library/Frameworks/AudioToolbox.framework/Versions/A/AudioToolbox
0x000000002f177000 	/System/Library/Frameworks/AudioUnit.framework/Versions/A/AudioUnit
0x000000002f177000 	/System/Library/PrivateFrameworks/DataDetectorsCore.framework/Versions/A/DataDetectorsCore
0x000000002f177000 	/System/Library/PrivateFrameworks/DesktopServicesPriv.framework/Versions/A/DesktopServicesPriv
0x000000002f177000 	/System/Library/Frameworks/Carbon.framework/Versions/A/Frameworks/HIToolbox.framework/Versions/A/HIToolbox
0x000000002f177000 	/usr/lib/libicucore.A.dylib
0x000000002f177000 	/System/Library/Frameworks/QuartzCore.framework/Versions/A/QuartzCore
0x000000002f177000 	/System/Library/Frameworks/Carbon.framework/Versions/A/Frameworks/SpeechRecognition.framework/Versions/A/SpeechRecognition
0x000000002f177000 	/usr/lib/libauto.dylib
0x000000002f177000 	/usr/lib/libxml2.2.dylib
0x000000002f177000 	/System/Library/PrivateFrameworks/CoreUI.framework/Versions/A/CoreUI
0x000000002f177000 	/System/Library/Frameworks/CoreAudio.framework/Versions/A/CoreAudio
0x000000002f177000 	/System/Library/Frameworks/DiskArbitration.framework/Versions/A/DiskArbitration
0x000000002f177000 	/usr/lib/liblangid.dylib
0x000000002f177000 	/System/Library/PrivateFrameworks/MultitouchSupport.framework/Versions/A/MultitouchSupport
0x000000002f177000 	/System/Library/Frameworks/IOKit.framework/Versions/A/IOKit
0x000000002f177000 	/usr/lib/libDiagnosticMessagesClient.dylib
0x000000002f177000 	/System/Library/Frameworks/CoreServices.framework/Versions/A/CoreServices
0x000000002f177000 	/System/Library/PrivateFrameworks/PerformanceAnalysis.framework/Versions/A/PerformanceAnalysis
0x000000002f177000 	/System/Library/PrivateFrameworks/GenerationalStorage.framework/Versions/A/GenerationalStorage
0x000000002f177000 	/System/Library/Frameworks/OpenGL.framework/Versions/A/OpenGL
0x000000002f177000 	/System/Library/Frameworks/CoreImage.framework/Versions/A/CoreImage
0x000000002f177000 	/System/Library/Frameworks/CoreText.framework/Versions/A/CoreText
0x000000002f177000 	/System/Library/Frameworks/ImageIO.framework/Versions/A/ImageIO
0x000000002f177000 	/System/Library/PrivateFrameworks/Backup.framework/Versions/A/Backup
0x000000002f177000 	/usr/lib/libarchive.2.dylib
0x000000002f177000 	/System/Library/Frameworks/CFNetwork.framework/Versions/A/CFNetwork
0x000000002f177000 	/System/Library/Frameworks/SystemConfiguration.framework/Versions/A/SystemConfiguration
0x000000002f177000 	/usr/lib/libCRFSuite.dylib
0x000000002f177000 	/usr/lib/libc++.1.dylib
0x000000002f177000 	/usr/lib/libc++abi.dylib
0x000000002f177000 	/usr/lib/system/libcache.dylib
0x000000002f177000 	/usr/lib/system/libcommonCrypto.dylib
0x000000002f177000 	/usr/lib/system/libcompiler_rt.dylib
0x000000002f177000 	/usr/lib/system/libcopyfile.dylib
0x000000002f177000 	/usr/lib/system/libcorecrypto.dylib
0x000000002f177000 	/usr/lib/system/libdispatch.dylib
0x000000002f177000 	/usr/lib/system/libdyld.dylib
0x000000002f177000 	/usr/lib/system/libkeymgr.dylib
0x000000002f177000 	/usr/lib/system/liblaunch.dylib
0x000000002f177000 	/usr/lib/system/libmacho.dylib
0x000000002f177000 	/usr/lib/system/libquarantine.dylib
0x000000002f177000 	/usr/lib/system/libremovefile.dylib
0x000000002f177000 	/usr/lib/system/libsystem_asl.dylib
0x000000002f177000 	/usr/lib/system/libsystem_blocks.dylib
0x000000002f177000 	/usr/lib/system/libsystem_c.dylib
0x000000002f177000 	/usr/lib/system/libsystem_configuration.dylib
0x000000002f177000 	/usr/lib/system/libsystem_coreservices.dylib
0x000000002f177000 	/usr/lib/system/libsystem_coretls.dylib
0x000000002f177000 	/usr/lib/system/libsystem_dnssd.dylib
0x000000002f177000 	/usr/lib/system/libsystem_info.dylib
0x000000002f177000 	/usr/lib/system/libsystem_kernel.dylib
0x000000002f177000 	/usr/lib/system/libsystem_m.dylib
0x000000002f177000 	/usr/lib/system/libsystem_malloc.dylib
0x000000002f177000 	/usr/lib/system/libsystem_network.dylib
0x000000002f177000 	/usr/lib/system/libsystem_networkextension.dylib
0x000000002f177000 	/usr/lib/system/libsystem_notify.dylib
0x000000002f177000 	/usr/lib/system/libsystem_platform.dylib
0x000000002f177000 	/usr/lib/system/libsystem_pthread.dylib
0x000000002f177000 	/usr/lib/system/libsystem_sandbox.dylib
0x000000002f177000 	/usr/lib/system/libsystem_secinit.dylib
0x000000002f177000 	/usr/lib/system/libsystem_symptoms.dylib
0x000000002f177000 	/usr/lib/system/libsystem_trace.dylib
0x000000002f177000 	/usr/lib/system/libunwind.dylib
0x000000002f177000 	/usr/lib/system/libxpc.dylib
0x000000002f177000 	/usr/lib/libbsm.0.dylib
0x000000002f177000 	/usr/lib/system/libkxld.dylib
0x000000002f177000 	/usr/lib/libcoretls.dylib
0x000000002f177000 	/usr/lib/libcoretls_cfhelpers.dylib
0x000000002f177000 	/usr/lib/libOpenScriptingUtil.dylib
0x000000002f177000 	/usr/lib/libpam.2.dylib
0x000000002f177000 	/usr/lib/libsqlite3.dylib
0x000000002f177000 	/usr/lib/libxar.1.dylib
0x000000002f177000 	/usr/lib/libbz2.1.0.dylib
0x000000002f177000 	/usr/lib/liblzma.5.dylib
0x000000002f177000 	/usr/lib/libnetwork.dylib
0x000000002f177000 	/usr/lib/libpcap.A.dylib
0x000000002f177000 	/System/Library/Frameworks/CoreServices.framework/Versions/A/Frameworks/FSEvents.framework/Versions/A/FSEvents
0x000000002f177000 	/System/Library/Frameworks/CoreServices.framework/Versions/A/Frameworks/CarbonCore.framework/Versions/A/CarbonCore
0x000000002f177000 	/System/Library/Frameworks/CoreServices.framework/Versions/A/Frameworks/Metadata.framework/Versions/A/Metadata
0x000000002f177000 	/System/Library/Frameworks/CoreServices.framework/Versions/A/Frameworks/OSServices.framework/Versions/A/OSServices
0x000000002f177000 	/System/Library/Frameworks/CoreServices.framework/Versions/A/Frameworks/SearchKit.framework/Versions/A/SearchKit
0x000000002f177000 	/System/Library/Frameworks/CoreServices.framework/Versions/A/Frameworks/AE.framework/Versions/A/AE
0x000000002f177000 	/System/Library/Frameworks/CoreServices.framework/Versions/A/Frameworks/LaunchServices.framework/Versions/A/LaunchServices
0x000000002f177000 	/System/Library/Frameworks/CoreServices.framework/Versions/A/Frameworks/DictionaryServices.framework/Versions/A/DictionaryServices
0x000000002f177000 	/System/Library/Frameworks/CoreServices.framework/Versions/A/Frameworks/SharedFileList.framework/Versions/A/SharedFileList
0x000000002f177000 	/System/Library/Frameworks/NetFS.framework/Versions/A/NetFS
0x000000002f177000 	/System/Library/PrivateFrameworks/NetAuth.framework/Versions/A/NetAuth
0x000000002f177000 	/System/Library/PrivateFrameworks/login.framework/Versions/A/Frameworks/loginsupport.framework/Versions/A/loginsupport
0x000000002f177000 	/System/Library/PrivateFrameworks/TCC.framework/Versions/A/TCC
0x000000002f177000 	/usr/lib/libmecabra.dylib
0x000000002f177000 	/System/Library/Frameworks/ApplicationServices.framework/Versions/A/Frameworks/ATS.framework/Versions/A/ATS
0x000000002f177000 	/System/Library/Frameworks/ApplicationServices.framework/Versions/A/Frameworks/ColorSync.framework/Versions/A/ColorSync
0x000000002f177000 	/System/Library/Frameworks/ApplicationServices.framework/Versions/A/Frameworks/HIServices.framework/Versions/A/HIServices
0x000000002f177000 	/System/Library/Frameworks/ApplicationServices.framework/Versions/A/Frameworks/LangAnalysis.framework/Versions/A/LangAnalysis
0x000000002f177000 	/System/Library/Frameworks/ApplicationServices.framework/Versions/A/Frameworks/PrintCore.framework/Versions/A/PrintCore
0x000000002f177000 	/System/Library/Frameworks/ApplicationServices.framework/Versions/A/Frameworks/QD.framework/Versions/A/QD
0x000000002f177000 	/System/Library/Frameworks/ApplicationServices.framework/Versions/A/Frameworks/SpeechSynthesis.framework/Versions/A/SpeechSynthesis
0x000000002f177000 	/System/Library/Frameworks/Accelerate.framework/Versions/A/Frameworks/vImage.framework/Versions/A/vImage
0x000000002f177000 	/System/Library/Frameworks/Accelerate.framework/Versions/A/Frameworks/vecLib.framework/Versions/A/vecLib
0x000000002f177000 	/System/Library/Frameworks/Accelerate.framework/Versions/A/Frameworks/vecLib.framework/Versions/A/libvDSP.dylib
0x000000002f177000 	/System/Library/Frameworks/Accelerate.framework/Versions/A/Frameworks/vecLib.framework/Versions/A/libBNNS.dylib
0x000000002f177000 	/System/Library/Frameworks/Accelerate.framework/Versions/A/Frameworks/vecLib.framework/Versions/A/libQuadrature.dylib
0x000000002f177000 	/System/Library/Frameworks/Accelerate.framework/Versions/A/Frameworks/vecLib.framework/Versions/A/libvMisc.dylib
0x000000002f177000 	/System/Library/Frameworks/Accelerate.framework/Versions/A/Frameworks/vecLib.framework/Versions/A/libLAPACK.dylib
0x000000002f177000 	/System/Library/Frameworks/Accelerate.framework/Versions/A/Frameworks/vecLib.framework/Versions/A/libBLAS.dylib
0x000000002f177000 	/System/Library/Frameworks/Accelerate.framework/Versions/A/Frameworks/vecLib.framework/Versions/A/libLinearAlgebra.dylib
0x000000002f177000 	/System/Library/Frameworks/Accelerate.framework/Versions/A/Frameworks/vecLib.framework/Versions/A/libSparseBLAS.dylib
0x000000002f177000 	/System/Library/Frameworks/ApplicationServices.framework/Versions/A/Frameworks/ATS.framework/Versions/A/Resources/libFontParser.dylib
0x000000002f177000 	/System/Library/Frameworks/ApplicationServices.framework/Versions/A/Frameworks/ATS.framework/Versions/A/Resources/libFontRegistry.dylib
0x000000002f177000 	/System/Library/Frameworks/ImageIO.framework/Versions/A/Resources/libJPEG.dylib
0x000000002f177000 	/System/Library/Frameworks/ImageIO.framework/Versions/A/Resources/libTIFF.dylib
0x000000002f177000 	/System/Library/Frameworks/ImageIO.framework/Versions/A/Resources/libPng.dylib
0x000000002f177000 	/System/Library/Frameworks/ImageIO.framework/Versions/A/Resources/libGIF.dylib
0x000000002f177000 	/System/Library/Frameworks/ImageIO.framework/Versions/A/Resources/libJP2.dylib
0x000000002f177000 	/System/Library/Frameworks/ImageIO.framework/Versions/A/Resources/libRadiance.dylib
0x000000002f177000 	/usr/lib/libcompression.dylib
0x000000002f177000 	/System/Library/PrivateFrameworks/AppleJPEG.framework/Versions/A/AppleJPEG
0x000000002f177000 	/usr/lib/libcups.2.dylib
0x000000002f177000 	/System/Library/Frameworks/Kerberos.framework/Versions/A/Kerberos
0x000000002f177000 	/System/Library/Frameworks/GSS.framework/Versions/A/GSS
0x000000002f177000 	/usr/lib/libresolv.9.dylib
0x000000002f177000 	/usr/lib/libiconv.2.dylib
0x000000002f177000 	/System/Library/PrivateFrameworks/Heimdal.framework/Versions/A/Heimdal
0x000000002f177000 	/usr/lib/libheimdal-asn1.dylib
0x000000002f177000 	/System/Library/Frameworks/OpenDirectory.framework/Versions/A/OpenDirectory
0x000000002f177000 	/System/Library/PrivateFrameworks/CommonAuth.framework/Versions/A/CommonAuth
0x000000002f177000 	/System/Library/Frameworks/OpenDirectory.framework/Versions/A/Frameworks/CFOpenDirectory.framework/Versions/A/CFOpenDirectory
0x000000002f177000 	/System/Library/Frameworks/SecurityFoundation.framework/Versions/A/SecurityFoundation
0x000000002f177000 	/System/Library/PrivateFrameworks/LanguageModeling.framework/Versions/A/LanguageModeling
0x000000002f177000 	/usr/lib/libmarisa.dylib
0x000000002f177000 	/usr/lib/libChineseTokenizer.dylib
0x000000002f177000 	/usr/lib/libcmph.dylib
0x000000002f177000 	/System/Library/PrivateFrameworks/CoreEmoji.framework/Versions/A/CoreEmoji
0x000000002f177000 	/System/Library/Frameworks/ServiceManagement.framework/Versions/A/ServiceManagement
0x000000002f177000 	/usr/lib/libxslt.1.dylib
0x000000002f177000 	/System/Library/Frameworks/Carbon.framework/Versions/A/Frameworks/Ink.framework/Versions/A/Ink
0x000000002f177000 	/System/Library/PrivateFrameworks/TextureIO.framework/Versions/A/TextureIO
0x000000002f177000 	/System/Library/Frameworks/Metal.framework/Versions/A/Metal
0x000000002f177000 	/usr/lib/libate.dylib
0x000000002f177000 	/System/Library/PrivateFrameworks/GPUCompiler.framework/libmetal_timestamp.dylib
0x000000002f177000 	/System/Library/Frameworks/OpenGL.framework/Versions/A/Libraries/libCoreFSCache.dylib
0x000000002f177000 	/System/Library/PrivateFrameworks/IOAccelerator.framework/Versions/A/IOAccelerator
0x000000002f177000 	/System/Library/Frameworks/CoreVideo.framework/Versions/A/CoreVideo
0x000000002f177000 	/usr/lib/libFosl_dynamic.dylib
0x000000002f177000 	/System/Library/PrivateFrameworks/MetalPerformanceShaders.framework/Versions/A/MetalPerformanceShaders
0x000000002f177000 	/System/Library/PrivateFrameworks/FaceCore.framework/Versions/A/FaceCore
0x000000002f177000 	/System/Library/Frameworks/OpenCL.framework/Versions/A/OpenCL
0x000000002f177000 	/System/Library/Frameworks/OpenGL.framework/Versions/A/Libraries/libGLU.dylib
0x000000002f177000 	/System/Library/Frameworks/OpenGL.framework/Versions/A/Libraries/libGFXShared.dylib
0x000000002f177000 	/System/Library/Frameworks/OpenGL.framework/Versions/A/Libraries/libGL.dylib
0x000000002f177000 	/System/Library/Frameworks/OpenGL.framework/Versions/A/Libraries/libGLImage.dylib
0x000000002f177000 	/System/Library/Frameworks/OpenGL.framework/Versions/A/Libraries/libCVMSPluginSupport.dylib
0x000000002f177000 	/System/Library/Frameworks/OpenGL.framework/Versions/A/Libraries/libCoreVMClient.dylib
0x000000002f177000 	/System/Library/PrivateFrameworks/CrashReporterSupport.framework/Versions/A/CrashReporterSupport
0x000000002f177000 	/System/Library/PrivateFrameworks/Sharing.framework/Versions/A/Sharing
0x000000002f177000 	/System/Library/PrivateFrameworks/IconServices.framework/Versions/A/IconServices
0x000000002f177000 	/System/Library/PrivateFrameworks/ProtocolBuffer.framework/Versions/A/ProtocolBuffer
0x000000002f177000 	/System/Library/PrivateFrameworks/Apple80211.framework/Versions/A/Apple80211
0x000000002f177000 	/System/Library/Frameworks/CoreWLAN.framework/Versions/A/CoreWLAN
0x000000002f177000 	/System/Library/PrivateFrameworks/CoreUtils.framework/Versions/A/CoreUtils
0x000000002f177000 	/System/Library/Frameworks/IOBluetooth.framework/Versions/A/IOBluetooth
0x000000002f177000 	/System/Library/PrivateFrameworks/CoreWiFi.framework/Versions/A/CoreWiFi
0x000000002f177000 	/System/Library/Frameworks/CoreBluetooth.framework/Versions/A/CoreBluetooth
0x000000002f177000 	/System/Library/Frameworks/CoreDisplay.framework/Versions/A/CoreDisplay
0x000000002f177000 	/System/Library/PrivateFrameworks/IOPresentment.framework/Versions/A/IOPresentment
0x000000002f177000 	/System/Library/PrivateFrameworks/DSExternalDisplay.framework/Versions/A/DSExternalDisplay
0x000000002f177000 	/System/Library/PrivateFrameworks/DebugSymbols.framework/Versions/A/DebugSymbols
0x000000002f177000 	/System/Library/PrivateFrameworks/CoreSymbolication.framework/Versions/A/CoreSymbolication
0x000000002f177000 	/System/Library/PrivateFrameworks/Symbolication.framework/Versions/A/Symbolication
0x000000002f177000 	/System/Library/PrivateFrameworks/AppleFSCompression.framework/Versions/A/AppleFSCompression
0x000000002f177000 	/System/Library/PrivateFrameworks/SpeechRecognitionCore.framework/Versions/A/SpeechRecognitionCore
0x000000002f177000 	/System/Library/PrivateFrameworks/ChunkingLibrary.framework/Versions/A/ChunkingLibrary
0x000000010de00000 	/Library/Java/JavaVirtualMachines/jdk1.8.0_65.jdk/Contents/Home/jre/lib/server/libjvm.dylib
0x000000002f177000 	/usr/lib/libstdc++.6.dylib
0x000000010cdad000 	/Library/Java/JavaVirtualMachines/jdk1.8.0_65.jdk/Contents/Home/jre/lib/libverify.dylib
0x000000010cdbb000 	/Library/Java/JavaVirtualMachines/jdk1.8.0_65.jdk/Contents/Home/jre/lib/libjava.dylib
0x000000010ed89000 	/Library/Java/JavaVirtualMachines/jdk1.8.0_65.jdk/Contents/Home/jre/lib/libinstrument.dylib
0x000000010eddd000 	/Library/Java/JavaVirtualMachines/jdk1.8.0_65.jdk/Contents/Home/jre/lib/libzip.dylib
0x0000000129f07000 	/System/Library/Frameworks/JavaVM.framework/Frameworks/JavaRuntimeSupport.framework/JavaRuntimeSupport
0x0000000129f21000 	/System/Library/Frameworks/JavaVM.framework/Versions/A/Frameworks/JavaNativeFoundation.framework/Versions/A/JavaNativeFoundation
0x0000000129f36000 	/System/Library/Frameworks/JavaVM.framework/Versions/A/JavaVM
0x000000002f177000 	/System/Library/Frameworks/Carbon.framework/Versions/A/Carbon
0x0000000129f43000 	/System/Library/PrivateFrameworks/JavaLaunching.framework/Versions/A/JavaLaunching
0x000000002f177000 	/System/Library/Frameworks/Carbon.framework/Versions/A/Frameworks/CommonPanels.framework/Versions/A/CommonPanels
0x000000002f177000 	/System/Library/Frameworks/Carbon.framework/Versions/A/Frameworks/Help.framework/Versions/A/Help
0x000000002f177000 	/System/Library/Frameworks/Carbon.framework/Versions/A/Frameworks/ImageCapture.framework/Versions/A/ImageCapture
0x000000002f177000 	/System/Library/Frameworks/Carbon.framework/Versions/A/Frameworks/OpenScripting.framework/Versions/A/OpenScripting
0x000000002f177000 	/System/Library/Frameworks/Carbon.framework/Versions/A/Frameworks/Print.framework/Versions/A/Print
0x000000002f177000 	/System/Library/Frameworks/Carbon.framework/Versions/A/Frameworks/SecurityHI.framework/Versions/A/SecurityHI
0x000000012bba7000 	/Library/Java/JavaVirtualMachines/jdk1.8.0_65.jdk/Contents/Home/jre/lib/libnet.dylib
0x000000012bc9c000 	/Library/Java/JavaVirtualMachines/jdk1.8.0_65.jdk/Contents/Home/jre/lib/libprism_es2.dylib
0x000000002f177000 	/System/Library/Frameworks/OpenGL.framework/Versions/A/Resources/GLEngine.bundle/GLEngine
0x000000002f177000 	/System/Library/Frameworks/OpenGL.framework/Versions/A/Libraries/libGLProgrammability.dylib
0x000000012bd02000 	/System/Library/Extensions/AppleIntelHD4000GraphicsGLDriver.bundle/Contents/MacOS/AppleIntelHD4000GraphicsGLDriver
0x000000002f177000 	/System/Library/PrivateFrameworks/GPUSupport.framework/Versions/A/Libraries/libGPUSupportMercury.dylib
0x000000002f177000 	/System/Library/Extensions/GeForceGLDriver.bundle/Contents/MacOS/GeForceGLDriver
0x000000002f177000 	/System/Library/Extensions/GeForceGLDriver.bundle/Contents/MacOS/libclh.dylib
0x000000002f177000 	/System/Library/Frameworks/OpenGL.framework/Versions/A/Resources/GLRendererFloat.bundle/GLRendererFloat
0x000000002f177000 	/System/Library/Frameworks/OpenCL.framework/Versions/A/Libraries/libcldcpuengine.dylib
0x000000002f177000 	/usr/lib/libcrypto.0.9.8.dylib
0x000000002f177000 	/System/Library/PrivateFrameworks/TrustEvaluationAgent.framework/Versions/A/TrustEvaluationAgent
0x000000012c57c000 	/Library/Java/JavaVirtualMachines/jdk1.8.0_65.jdk/Contents/Home/jre/lib/libglass.dylib
0x000000002f177000 	/System/Library/PrivateFrameworks/CoreServicesInternal.framework/Versions/A/CoreServicesInternal
0x000000002f177000 	/System/Library/CoreServices/RawCamera.bundle/Contents/MacOS/RawCamera
0x000000002f177000 	/System/Library/Frameworks/Accelerate.framework/Versions/A/Frameworks/vImage.framework/Versions/A/Libraries/libCGInterfaces.dylib
0x000000002f177000 	/System/Library/PrivateFrameworks/FamilyControls.framework/Versions/A/FamilyControls
0x000000002f177000 	/System/Library/PrivateFrameworks/CommerceKit.framework/Versions/A/Frameworks/CommerceCore.framework/Versions/A/CommerceCore
0x000000002f177000 	/System/Library/PrivateFrameworks/SystemAdministration.framework/Versions/A/SystemAdministration
0x000000002f177000 	/System/Library/PrivateFrameworks/AppContainer.framework/Versions/A/AppContainer
0x000000002f177000 	/System/Library/PrivateFrameworks/SecCodeWrapper.framework/Versions/A/SecCodeWrapper
0x000000002f177000 	/System/Library/Frameworks/DirectoryService.framework/Versions/A/DirectoryService
0x000000002f177000 	/System/Library/PrivateFrameworks/DiskImages.framework/Versions/A/DiskImages
0x000000002f177000 	/System/Library/PrivateFrameworks/LoginUIKit.framework/Versions/A/Frameworks/LoginUICore.framework/Versions/A/LoginUICore
0x000000002f177000 	/usr/lib/libCoreStorage.dylib
0x000000002f177000 	/usr/lib/libcsfde.dylib
0x000000002f177000 	/usr/lib/libodfde.dylib
0x000000002f177000 	/System/Library/Frameworks/DiscRecording.framework/Versions/A/DiscRecording
0x000000002f177000 	/usr/lib/libcurl.4.dylib
0x000000002f177000 	/System/Library/PrivateFrameworks/MediaKit.framework/Versions/A/MediaKit
0x000000002f177000 	/System/Library/PrivateFrameworks/ProtectedCloudStorage.framework/Versions/A/ProtectedCloudStorage
0x000000002f177000 	/System/Library/PrivateFrameworks/EFILogin.framework/Versions/A/EFILogin
0x000000002f177000 	/usr/lib/libutil.dylib
0x000000002f177000 	/System/Library/Frameworks/LDAP.framework/Versions/A/LDAP
0x000000002f177000 	/usr/lib/libsasl2.2.dylib
0x000000002f177000 	/System/Library/PrivateFrameworks/CoreDaemon.framework/Versions/B/CoreDaemon
0x000000002f177000 	/System/Library/PrivateFrameworks/AppleSRP.framework/Versions/A/AppleSRP
0x000000002f177000 	/System/Library/PrivateFrameworks/APFS.framework/Versions/A/APFS
0x000000013012a000 	/Library/Java/JavaVirtualMachines/jdk1.8.0_65.jdk/Contents/Home/jre/lib/libjavafx_iio.dylib
0x000000002f177000 	/System/Library/Frameworks/ApplicationServices.framework/Versions/A/Frameworks/ATS.framework/Versions/A/Resources/libTrueTypeScaler.dylib
0x000000002f177000 	/System/Library/Extensions/GeForceMTLDriver.bundle/Contents/MacOS/GeForceMTLDriver
0x00000001310b2000 	/System/Library/Extensions/AppleIntelHD4000GraphicsMTLDriver.bundle/Contents/MacOS/AppleIntelHD4000GraphicsMTLDriver
0x0000000130c57000 	/Library/Java/JavaVirtualMachines/jdk1.8.0_65.jdk/Contents/Home/jre/lib/libjavafx_font.dylib
0x000000002f177000 	/System/Library/PrivateFrameworks/ViewBridge.framework/Versions/A/ViewBridge
0x000000002f177000 	/System/Library/PrivateFrameworks/XPCService.framework/Versions/A/XPCService
0x000000002f177000 	/System/Library/PrivateFrameworks/AppSandbox.framework/Versions/A/AppSandbox
0x000000002f177000 	/usr/lib/libsandbox.1.dylib
0x000000002f177000 	/usr/lib/libMatch.1.dylib
0x000000013185f000 	/Library/Java/JavaVirtualMachines/jdk1.8.0_65.jdk/Contents/Home/jre/lib/libosx.dylib
0x000000013186d000 	/Library/Java/JavaVirtualMachines/jdk1.8.0_65.jdk/Contents/Home/jre/lib/./libosxapp.dylib
0x000000002f177000 	/System/Library/Frameworks/ExceptionHandling.framework/Versions/A/ExceptionHandling
0x0000000134ee1000 	/Library/Java/JavaVirtualMachines/jdk1.8.0_65.jdk/Contents/Home/jre/lib/libprism_common.dylib
0x0000000139bec000 	/Library/Java/JavaVirtualMachines/jdk1.8.0_65.jdk/Contents/Home/jre/lib/libjfxwebkit.dylib
0x000000013c2b0000 	/Library/Java/JavaVirtualMachines/jdk1.8.0_65.jdk/Contents/Home/jre/lib/libnio.dylib
0x000000013c380000 	/Library/Java/JavaVirtualMachines/jdk1.8.0_65.jdk/Contents/Home/jre/lib/libglib-lite.dylib
0x000000013c4a1000 	/Library/Java/JavaVirtualMachines/jdk1.8.0_65.jdk/Contents/Home/jre/lib/libgstreamer-lite.dylib
0x000000013c619000 	/Library/Java/JavaVirtualMachines/jdk1.8.0_65.jdk/Contents/Home/jre/lib/libjfxmedia.dylib
0x000000013c654000 	/Library/Java/JavaVirtualMachines/jdk1.8.0_65.jdk/Contents/Home/jre/lib/libjfxmedia_avf.dylib
0x000000002f177000 	/System/Library/Frameworks/AVFoundation.framework/Versions/A/AVFoundation
0x000000002f177000 	/System/Library/Frameworks/CoreMedia.framework/Versions/A/CoreMedia
0x000000002f177000 	/System/Library/Frameworks/MediaToolbox.framework/Versions/A/MediaToolbox
0x000000002f177000 	/System/Library/Frameworks/AVFoundation.framework/Versions/A/Frameworks/AVFAudio.framework/Versions/A/AVFAudio
0x000000002f177000 	/System/Library/Frameworks/VideoToolbox.framework/Versions/A/VideoToolbox
0x000000002f177000 	/System/Library/PrivateFrameworks/IntlPreferences.framework/Versions/A/IntlPreferences
0x000000002f177000 	/System/Library/Frameworks/CoreMediaIO.framework/Versions/A/CoreMediaIO
0x000000002f177000 	/usr/lib/libspindump.dylib
0x000000002f177000 	/usr/lib/libdscsym.dylib
0x000000002f177000 	/System/Library/PrivateFrameworks/CoreAVCHD.framework/Versions/A/CoreAVCHD
0x000000002f177000 	/System/Library/Frameworks/MediaAccessibility.framework/Versions/A/MediaAccessibility
0x000000002f177000 	/System/Library/PrivateFrameworks/Mangrove.framework/Versions/A/Mangrove
0x000000002f177000 	/System/Library/PrivateFrameworks/CoreAUC.framework/Versions/A/CoreAUC
0x000000002f177000 	/System/Library/PrivateFrameworks/AppleVA.framework/Versions/A/AppleVA
0x000000013c689000 	/Library/Java/JavaVirtualMachines/jdk1.8.0_65.jdk/Contents/Home/jre/lib/libjfxmedia_qtkit.dylib
0x000000002f177000 	/System/Library/Frameworks/QTKit.framework/Versions/A/QTKit
0x000000002f177000 	/System/Library/PrivateFrameworks/CoreMediaAuthoring.framework/Versions/A/CoreMediaAuthoring
0x000000013c696000 	/Library/Java/JavaVirtualMachines/jdk1.8.0_65.jdk/Contents/Home/jre/lib/libfxplugins.dylib
0x000000013c6c1000 	/System/Library/Frameworks/VideoDecodeAcceleration.framework/Versions/A/VideoDecodeAcceleration
0x000000013c8c7000 	/System/Library/Extensions/AppleHDA.kext/Contents/PlugIns/AppleHDAHALPlugIn.bundle/Contents/MacOS/AppleHDAHALPlugIn
0x000000013c8d1000 	/Library/Audio/Plug-Ins/HAL/de.access-music.virus_ti.plugin/Contents/MacOS/de.access-music.virus_ti
0x000000013cab5000 	/System/Library/Components/CoreAudio.component/Contents/MacOS/CoreAudio
0x000000012cb77000 	/Library/Java/JavaVirtualMachines/jdk1.8.0_65.jdk/Contents/Home/jre/lib/libmanagement.dylib
0x00000001322d3000 	/Library/Java/JavaVirtualMachines/jdk1.8.0_65.jdk/Contents/Home/jre/lib/libsunec.dylib

VM Arguments:
jvm_args: -javaagent:/Applications/IntelliJ IDEA.app/Contents/lib/idea_rt.jar=65246:/Applications/IntelliJ IDEA.app/Contents/bin -Dfile.encoding=UTF-8 
java_command: mainPackage.Main
java_class_path (initial): /Library/Java/JavaVirtualMachines/jdk1.8.0_65.jdk/Contents/Home/jre/lib/charsets.jar:/Library/Java/JavaVirtualMachines/jdk1.8.0_65.jdk/Contents/Home/jre/lib/deploy.jar:/Library/Java/JavaVirtualMachines/jdk1.8.0_65.jdk/Contents/Home/jre/lib/ext/cldrdata.jar:/Library/Java/JavaVirtualMachines/jdk1.8.0_65.jdk/Contents/Home/jre/lib/ext/dnsns.jar:/Library/Java/JavaVirtualMachines/jdk1.8.0_65.jdk/Contents/Home/jre/lib/ext/jaccess.jar:/Library/Java/JavaVirtualMachines/jdk1.8.0_65.jdk/Contents/Home/jre/lib/ext/jfxrt.jar:/Library/Java/JavaVirtualMachines/jdk1.8.0_65.jdk/Contents/Home/jre/lib/ext/localedata.jar:/Library/Java/JavaVirtualMachines/jdk1.8.0_65.jdk/Contents/Home/jre/lib/ext/nashorn.jar:/Library/Java/JavaVirtualMachines/jdk1.8.0_65.jdk/Contents/Home/jre/lib/ext/sunec.jar:/Library/Java/JavaVirtualMachines/jdk1.8.0_65.jdk/Contents/Home/jre/lib/ext/sunjce_provider.jar:/Library/Java/JavaVirtualMachines/jdk1.8.0_65.jdk/Contents/Home/jre/lib/ext/sunpkcs11.jar:/Library/Java/JavaVirtualMachines/jdk1.8.0_65.jdk/Contents/Home/jre/lib/ext/zipfs.jar:/Library/Java/JavaVirtualMachines/jdk1.8.0_65.jdk/Contents/Home/jre/lib/javaws.jar:/Library/Java/JavaVirtualMachines/jdk1.8.0_65.jdk/Contents/Home/jre/lib/jce.jar:/Library/Java/JavaVirtualMachines/jdk1.8.0_65.jdk/Contents/Home/jre/lib/jfr.jar:/Library/Java/JavaVirtualMachines/jdk1.8.0_65.jdk/Contents/Home/jre/lib/jfxswt.jar:/Library/Java/JavaVirtualMachines/jdk1.8.0_65.jdk/Contents/Home/jre/lib/jsse.jar:/Library/Java/JavaVirtualMachines/jdk1.8.0_65.jdk/Contents/Home/jre/lib/management-agent.jar:/Library/Java/JavaVirtualMachines/jdk1.8.0_65.jdk/Contents/Home/jre/lib/plugin.jar:/Library/Java/JavaVirtualMachines/jdk1.8.0_65.jdk/Contents/Home/jre/lib/resources.jar:/Library/Java/JavaVirtualMachines/jdk1.8.0_65.jdk/Contents/Home/jre/lib/rt.jar:/Library/Java/JavaVirtualMachines/jdk1.8.0_65.jdk/Contents/Home/lib/ant-javafx.jar:/Library/Java/JavaVirtualMachines/jdk1.8.0_65.jdk/Contents/Home/lib/dt.jar:/Library/Ja
Launcher Type: SUN_STANDARD

Environment Variables:
JAVA_HOME=/Library/Java/JavaVirtualMachines/jdk1.8.0_65.jdk/Contents/Home
PATH=/Users/jacobmenke/.cargo/bin:/Users/jacobmenke/.rvm/gems/ruby-2.3.3/bin:/Users/jacobmenke/.rvm/gems/ruby-2.3.3@global/bin:/Users/jacobmenke/.rvm/rubies/ruby-2.3.3/bin:/Library/Frameworks/Python.framework/Versions/3.5/bin:/Users/jacobmenke/Documents/shellScripts:/usr/local/bin:/usr/bin:/bin:/usr/sbin:/sbin:/opt/X11/bin:/Users/jacobmenke/.rvm/bin:/Users/jacobmenke/.rvm/bin
SHELL=/usr/local/bin/bash
DISPLAY=/private/tmp/com.apple.launchd.6WEH5lfsUS/org.macosforge.xquartz:0

Signal Handlers:
SIGSEGV: [libjvm.dylib+0x5a6d31], sa_mask[0]=11111111011111110111111111111111, sa_flags=SA_ONSTACK|SA_RESTART|SA_SIGINFO
SIGBUS: [libjvm.dylib+0x5a6d31], sa_mask[0]=11111111011111110111111111111111, sa_flags=SA_RESTART|SA_SIGINFO
SIGFPE: [libjvm.dylib+0x480a40], sa_mask[0]=11111111011111110111111111111111, sa_flags=SA_RESTART|SA_SIGINFO
SIGPIPE: [libjvm.dylib+0x480a40], sa_mask[0]=11111111011111110111111111111111, sa_flags=SA_RESTART|SA_SIGINFO
SIGXFSZ: [libjvm.dylib+0x480a40], sa_mask[0]=11111111011111110111111111111111, sa_flags=SA_RESTART|SA_SIGINFO
SIGILL: [libjvm.dylib+0x480a40], sa_mask[0]=11111111011111110111111111111111, sa_flags=SA_RESTART|SA_SIGINFO
SIGUSR1: SIG_DFL, sa_mask[0]=00000000000000000000000000000000, sa_flags=none
SIGUSR2: [libjvm.dylib+0x48055e], sa_mask[0]=00100000000000000000000000000000, sa_flags=SA_RESTART|SA_SIGINFO
SIGHUP: [libjvm.dylib+0x47eb35], sa_mask[0]=11111111011111110111111111111111, sa_flags=SA_RESTART|SA_SIGINFO
SIGINT: [libjvm.dylib+0x47eb35], sa_mask[0]=11111111011111110111111111111111, sa_flags=SA_RESTART|SA_SIGINFO
SIGTERM: [libjvm.dylib+0x47eb35], sa_mask[0]=11111111011111110111111111111111, sa_flags=SA_RESTART|SA_SIGINFO
SIGQUIT: [libjvm.dylib+0x47eb35], sa_mask[0]=11111111011111110111111111111111, sa_flags=SA_RESTART|SA_SIGINFO


---------------  S Y S T E M  ---------------

OS:Bsduname:Darwin 16.5.0 Darwin Kernel Version 16.5.0: Fri Mar  3 16:52:33 PST 2017; root:xnu-3789.51.2~3/RELEASE_X86_64 x86_64
rlimit: STACK 8192k, CORE 0k, NPROC 709, NOFILE 10240, AS infinity
load average:5.52 3.95 3.11

CPU:total 8 (4 cores per cpu, 2 threads per core) family 6 model 58 stepping 9, cmov, cx8, fxsr, mmx, sse, sse2, sse3, ssse3, sse4.1, sse4.2, popcnt, avx, aes, clmul, erms, ht, tsc, tscinvbit, tscinv

Memory: 4k page, physical 16777216k(1535972k free)

/proc/meminfo:


vm_info: Java HotSpot(TM) 64-Bit Server VM (25.65-b01) for bsd-amd64 JRE (1.8.0_65-b17), built on Oct  6 2015 15:36:46 by "java_re" with gcc 4.2.1 (Based on Apple Inc. build 5658) (LLVM build 2336.11.00)

time: Mon May  1 18:20:48 2017
elapsed time: 6 seconds (0d 0h 0m 6s)

